mkdir: cannot create directory ‘crosscoal’: File exists
mkdir: cannot create directory ‘crosscoal/input’: File exists
mkdir: cannot create directory ‘crosscoal/output’: File exists
rm: cannot remove 'crosscoal/CCE_COE_3.chr_1_POPmask.list': No such file or directory
rm: cannot remove 'crosscoal/CCE_COE_3.chr_1_POPvcf.list': No such file or directory
generating msmc input file with 8 haplotypes
adding mask: /dss/dsslegfs01/pr53da/pr53da-dss-0021/projects/2021__Cuckoo_Resequencing/demography/mappability/masks//GCA_017976375.1_chr_1.mask.bed.gz
adding mask: /dss/dsslegfs01/pr53da/pr53da-dss-0021/projects/2023__MigratoryGenomics/analyses/msmc/unrelated_chyiyin/neutral-sites_cuckoo__intergenic-intron-4fold.bed
adding mask: /dss/dsslegfs01/pr53da/pr53da-dss-0021/projects/2023__MigratoryGenomics/analyses/msmc/unrelated_chyiyin/coverage_masks/291_CC_UNK_RUS_F_chr_1.bed.gz
adding mask: /dss/dsslegfs01/pr53da/pr53da-dss-0021/projects/2023__MigratoryGenomics/analyses/msmc/unrelated_chyiyin/coverage_masks/293_CC_UNK_RUS_M_chr_1.bed.gz
adding mask: /dss/dsslegfs01/pr53da/pr53da-dss-0021/projects/2023__MigratoryGenomics/analyses/msmc/unrelated_chyiyin/coverage_masks/383_CO_PLW_RUS_M_chr_1.bed.gz
adding mask: /dss/dsslegfs01/pr53da/pr53da-dss-0021/projects/2023__MigratoryGenomics/analyses/msmc/unrelated_chyiyin/coverage_masks/385_CO_PLW_RUS_M_chr_1.bed.gz
adding negative mask: /dss/dsslegfs01/pr53da/pr53da-dss-0021/projects/2023__MigratoryGenomics/analyses/msmc/unrelated_chyiyin/GCA_017976375.1_bCucCan1.pri_genomic.CHR.AvianRepeatModeler_Repeats-ExcludingLowComplexity-SimpleRepeats.bed
processing pos 1000000
processing pos 2000000
processing pos 3000000
processing pos 4000000
processing pos 5000000
processing pos 6000000
processing pos 7000000
processing pos 8000000
processing pos 9000000
processing pos 10000000
processing pos 11000000
processing pos 12000000
processing pos 13000000
processing pos 14000000
processing pos 15000000
processing pos 16000000
processing pos 17000000
processing pos 18000000
processing pos 19000000
processing pos 20000000
processing pos 21000000
processing pos 22000000
processing pos 23000000
processing pos 24000000
processing pos 25000000
processing pos 26000000
processing pos 27000000
processing pos 28000000
processing pos 29000000
processing pos 30000000
processing pos 31000000
processing pos 32000000
processing pos 33000000
processing pos 34000000
processing pos 35000000
processing pos 36000000
processing pos 37000000
processing pos 38000000
processing pos 39000000
processing pos 40000000
processing pos 41000000
processing pos 42000000
processing pos 43000000
processing pos 44000000
processing pos 45000000
processing pos 46000000
processing pos 47000000
processing pos 48000000
processing pos 49000000
processing pos 50000000
processing pos 51000000
processing pos 52000000
processing pos 53000000
processing pos 54000000
processing pos 55000000
processing pos 56000000
processing pos 57000000
processing pos 58000000
processing pos 59000000
processing pos 60000000
processing pos 61000000
processing pos 62000000
processing pos 63000000
processing pos 64000000
processing pos 65000000
processing pos 66000000
processing pos 67000000
processing pos 68000000
processing pos 69000000
processing pos 70000000
processing pos 71000000
processing pos 72000000
processing pos 73000000
processing pos 74000000
processing pos 75000000
processing pos 76000000
processing pos 77000000
processing pos 78000000
processing pos 79000000
processing pos 80000000
processing pos 81000000
processing pos 82000000
processing pos 83000000
processing pos 84000000
processing pos 85000000
processing pos 86000000
processing pos 87000000
processing pos 88000000
processing pos 89000000
processing pos 90000000
processing pos 91000000
processing pos 92000000
processing pos 93000000
processing pos 94000000
processing pos 95000000
processing pos 96000000
processing pos 97000000
processing pos 98000000
processing pos 99000000
processing pos 100000000
processing pos 101000000
processing pos 102000000
processing pos 103000000
processing pos 104000000
processing pos 105000000
processing pos 106000000
processing pos 107000000
processing pos 108000000
processing pos 109000000
processing pos 110000000
processing pos 111000000
processing pos 112000000
processing pos 113000000
processing pos 114000000
processing pos 115000000
processing pos 116000000
processing pos 117000000
processing pos 118000000
processing pos 119000000
processing pos 120000000
processing pos 121000000
processing pos 122000000
processing pos 123000000
processing pos 124000000
processing pos 125000000
processing pos 126000000
processing pos 127000000
processing pos 128000000
slurmstepd: error: *** JOB 2541509 ON hlegr1409n13 CANCELLED AT 2024-05-17T00:47:57 ***
