IQ-TREE multicore version 2.2.0.3 COVID-edition for Linux 64-bit built May 11 2022
Developed by Bui Quang Minh, James Barbetti, Nguyen Lam Tung,
Olga Chernomor, Heiko Schmidt, Dominik Schrempf, Michael Woodhams, Ly Trong Nhan.

Host:    cm2login1 (AVX2, FMA3, 125 GB RAM)
Command: iqtree -t species.tre --gcf hackett_sequenced_species.tre --prefix concord
Seed:    650328 (Using SPRNG - Scalable Parallel Random Number Generator)
Time:    Fri Sep 20 01:50:39 2024
Kernel:  AVX+FMA - 1 threads (56 CPU cores detected)

HINT: Use -nt option to specify number of threads because your CPU has 56 cores!
HINT: -nt AUTO will automatically determine the best number of threads to use.

Reading tree species.tre ...
rooted tree with 126 taxa and 251 branches
Reading tree(s) file hackett_sequenced_species.tre ...
5000 tree(s) loaded (5000 rooted and 0 unrooted)
Computing gene concordance factor...
3.693 sec
Tree with concordance factors written to concord.cf.tree
Annotated tree (best viewed in FigTree) written to concord.cf.tree.nex
Tree with branch IDs written to concord.cf.branch
Concordance factors per branch printed to concord.cf.stat
Date and Time: Fri Sep 20 01:50:45 2024
