****                   ADMIXTURE Version 1.3.0                  ****
****                    Copyright 2008-2015                     ****
****           David Alexander, Suyash Shringarpure,            ****
****                John  Novembre, Ken Lange                   ****
****                                                            ****
****                 Please cite our paper!                     ****
****   Information at www.genetics.ucla.edu/software/admixture  ****

Parallel execution requested.  Will use 7 threads.
Cross-validation will be performed.  Folds=5.
Random seed: 43
Point estimation method: Block relaxation algorithm
Convergence acceleration algorithm: QuasiNewton, 3 secant conditions
Point estimation will terminate when objective function delta < 0.0001
Estimation of standard errors disabled; will compute point estimates only.
Size of G: 12x1400530
Performing five EM steps to prime main algorithm
1 (EM) 	Elapsed: 2.543	Loglikelihood: -1.43453e+07	(delta): 9.36807e+06
2 (EM) 	Elapsed: 2.756	Loglikelihood: -1.34156e+07	(delta): 929674
3 (EM) 	Elapsed: 2.701	Loglikelihood: -1.29089e+07	(delta): 506703
4 (EM) 	Elapsed: 2.757	Loglikelihood: -1.2459e+07	(delta): 449874
5 (EM) 	Elapsed: 2.787	Loglikelihood: -1.20213e+07	(delta): 437695
Initial loglikelihood: -1.20213e+07
Starting main algorithm
1 (QN/Block) 	Elapsed: 6.236	Loglikelihood: -8.59566e+06	(delta): 3.42567e+06
2 (QN/Block) 	Elapsed: 6.144	Loglikelihood: -7.66424e+06	(delta): 931420
3 (QN/Block) 	Elapsed: 7.781	Loglikelihood: -7.26869e+06	(delta): 395555
4 (QN/Block) 	Elapsed: 7.7	Loglikelihood: -7.06542e+06	(delta): 203265
5 (QN/Block) 	Elapsed: 7.671	Loglikelihood: -7.00448e+06	(delta): 60941.5
6 (QN/Block) 	Elapsed: 7.311	Loglikelihood: -6.98927e+06	(delta): 15212.9
7 (QN/Block) 	Elapsed: 7.531	Loglikelihood: -6.98206e+06	(delta): 7207.42
8 (QN/Block) 	Elapsed: 7.313	Loglikelihood: -6.98111e+06	(delta): 950.898
9 (QN/Block) 	Elapsed: 7.414	Loglikelihood: -6.98095e+06	(delta): 157.994
10 (QN/Block) 	Elapsed: 7.334	Loglikelihood: -6.98094e+06	(delta): 7.8579
11 (QN/Block) 	Elapsed: 7.32	Loglikelihood: -6.98094e+06	(delta): 0.216727
12 (QN/Block) 	Elapsed: 7.327	Loglikelihood: -6.98094e+06	(delta): 0.0841538
13 (QN/Block) 	Elapsed: 7.309	Loglikelihood: -6.98094e+06	(delta): 0.00788795
14 (QN/Block) 	Elapsed: 7.317	Loglikelihood: -6.98094e+06	(delta): 0.000494679
15 (QN/Block) 	Elapsed: 7.309	Loglikelihood: -6.98094e+06	(delta): 3.2343e-05
Summary: 
Converged in 15 iterations (124.21 sec)
Loglikelihood: -6980943.783787
Fst divergences between estimated populations: 
	Pop0	Pop1	Pop2	Pop3	Pop4	Pop5	
Pop0	
Pop1	0.684	
Pop2	0.598	0.412	
Pop3	0.713	0.513	0.328	
Pop4	0.666	0.681	0.600	0.712	
Pop5	0.552	0.321	0.299	0.393	0.550	
Pop6	0.764	0.597	0.529	0.633	0.767	0.473	
CV error (K=7): 1.55286
Writing output files.
