****                   ADMIXTURE Version 1.3.0                  ****
****                    Copyright 2008-2015                     ****
****           David Alexander, Suyash Shringarpure,            ****
****                John  Novembre, Ken Lange                   ****
****                                                            ****
****                 Please cite our paper!                     ****
****   Information at www.genetics.ucla.edu/software/admixture  ****

Parallel execution requested.  Will use 7 threads.
Cross-validation will be performed.  Folds=5.
Random seed: 43
Point estimation method: Block relaxation algorithm
Convergence acceleration algorithm: QuasiNewton, 3 secant conditions
Point estimation will terminate when objective function delta < 0.0001
Estimation of standard errors disabled; will compute point estimates only.
Size of G: 12x6748726
Performing five EM steps to prime main algorithm
1 (EM) 	Elapsed: 5.277	Loglikelihood: -5.47457e+07	(delta): 6.84039e+07
2 (EM) 	Elapsed: 5.357	Loglikelihood: -5.08916e+07	(delta): 3.85414e+06
3 (EM) 	Elapsed: 5.28	Loglikelihood: -4.9394e+07	(delta): 1.49755e+06
4 (EM) 	Elapsed: 5.274	Loglikelihood: -4.83443e+07	(delta): 1.04968e+06
5 (EM) 	Elapsed: 5.288	Loglikelihood: -4.75161e+07	(delta): 828224
Initial loglikelihood: -4.75161e+07
Starting main algorithm
1 (QN/Block) 	Elapsed: 13.325	Loglikelihood: -4.14838e+07	(delta): 6.03227e+06
2 (QN/Block) 	Elapsed: 13.254	Loglikelihood: -3.65468e+07	(delta): 4.93708e+06
3 (QN/Block) 	Elapsed: 15.637	Loglikelihood: -3.46667e+07	(delta): 1.88005e+06
4 (QN/Block) 	Elapsed: 15.532	Loglikelihood: -3.38815e+07	(delta): 785189
5 (QN/Block) 	Elapsed: 15.523	Loglikelihood: -3.34105e+07	(delta): 470993
6 (QN/Block) 	Elapsed: 16.088	Loglikelihood: -3.33081e+07	(delta): 102429
7 (QN/Block) 	Elapsed: 15.971	Loglikelihood: -3.32984e+07	(delta): 9702.23
8 (QN/Block) 	Elapsed: 14.849	Loglikelihood: -3.32966e+07	(delta): 1816.75
9 (QN/Block) 	Elapsed: 14.776	Loglikelihood: -3.32956e+07	(delta): 1019.71
10 (QN/Block) 	Elapsed: 15.89	Loglikelihood: -3.32947e+07	(delta): 852.879
11 (QN/Block) 	Elapsed: 14.998	Loglikelihood: -3.32941e+07	(delta): 667.054
12 (QN/Block) 	Elapsed: 15.652	Loglikelihood: -3.3294e+07	(delta): 24.7438
13 (QN/Block) 	Elapsed: 15.855	Loglikelihood: -3.3294e+07	(delta): 0.160147
14 (QN/Block) 	Elapsed: 14.742	Loglikelihood: -3.3294e+07	(delta): 0
Summary: 
Converged in 14 iterations (243.278 sec)
Loglikelihood: -33294025.319194
Fst divergences between estimated populations: 
	Pop0	Pop1	
Pop0	
Pop1	0.301	
Pop2	0.414	0.353	
CV error (K=3): 1.30349
Writing output files.
