****                   ADMIXTURE Version 1.3.0                  ****
****                    Copyright 2008-2015                     ****
****           David Alexander, Suyash Shringarpure,            ****
****                John  Novembre, Ken Lange                   ****
****                                                            ****
****                 Please cite our paper!                     ****
****   Information at www.genetics.ucla.edu/software/admixture  ****

Parallel execution requested.  Will use 7 threads.
Cross-validation will be performed.  Folds=5.
Random seed: 43
Point estimation method: Block relaxation algorithm
Convergence acceleration algorithm: QuasiNewton, 3 secant conditions
Point estimation will terminate when objective function delta < 0.0001
Estimation of standard errors disabled; will compute point estimates only.
Size of G: 12x1400530
Performing five EM steps to prime main algorithm
1 (EM) 	Elapsed: 2.85	Loglikelihood: -1.40986e+07	(delta): 9.15406e+06
2 (EM) 	Elapsed: 2.854	Loglikelihood: -1.29479e+07	(delta): 1.15072e+06
3 (EM) 	Elapsed: 2.855	Loglikelihood: -1.21893e+07	(delta): 758614
4 (EM) 	Elapsed: 2.86	Loglikelihood: -1.14603e+07	(delta): 728929
5 (EM) 	Elapsed: 2.863	Loglikelihood: -1.07372e+07	(delta): 723084
Initial loglikelihood: -1.07372e+07
Starting main algorithm
1 (QN/Block) 	Elapsed: 15.157	Loglikelihood: -6.79861e+06	(delta): 3.93863e+06
2 (QN/Block) 	Elapsed: 12.453	Loglikelihood: -5.97826e+06	(delta): 820351
3 (QN/Block) 	Elapsed: 11.106	Loglikelihood: -5.5918e+06	(delta): 386465
4 (QN/Block) 	Elapsed: 11.328	Loglikelihood: -5.42073e+06	(delta): 171072
5 (QN/Block) 	Elapsed: 11.361	Loglikelihood: -5.314e+06	(delta): 106728
6 (QN/Block) 	Elapsed: 11.414	Loglikelihood: -5.21755e+06	(delta): 96453.6
7 (QN/Block) 	Elapsed: 11.411	Loglikelihood: -5.17207e+06	(delta): 45480.3
8 (QN/Block) 	Elapsed: 14.307	Loglikelihood: -5.15209e+06	(delta): 19971.8
9 (QN/Block) 	Elapsed: 11.023	Loglikelihood: -5.14457e+06	(delta): 7522.05
10 (QN/Block) 	Elapsed: 10.892	Loglikelihood: -5.13924e+06	(delta): 5333.89
11 (QN/Block) 	Elapsed: 10.788	Loglikelihood: -5.13921e+06	(delta): 31.263
12 (QN/Block) 	Elapsed: 10.811	Loglikelihood: -5.13918e+06	(delta): 26.345
13 (QN/Block) 	Elapsed: 11.047	Loglikelihood: -5.13917e+06	(delta): 11.2021
14 (QN/Block) 	Elapsed: 11.237	Loglikelihood: -5.13917e+06	(delta): 0.822761
15 (QN/Block) 	Elapsed: 11.226	Loglikelihood: -5.13917e+06	(delta): 0.000245876
16 (QN/Block) 	Elapsed: 10.807	Loglikelihood: -5.13917e+06	(delta): 1.86265e-09
Summary: 
Converged in 16 iterations (202.805 sec)
Loglikelihood: -5139167.786167
Fst divergences between estimated populations: 
	Pop0	Pop1	Pop2	Pop3	Pop4	Pop5	Pop6	Pop7	Pop8	
Pop0	
Pop1	0.522	
Pop2	0.640	0.598	
Pop3	0.457	0.384	0.532	
Pop4	0.460	0.513	0.633	0.449	
Pop5	0.723	0.684	0.768	0.610	0.714	
Pop6	0.494	0.542	0.664	0.480	0.482	0.745	
Pop7	0.520	0.440	0.596	0.380	0.510	0.679	0.540	
Pop8	0.496	0.544	0.666	0.482	0.483	0.747	0.443	0.542	
Pop9	0.716	0.678	0.761	0.603	0.707	0.627	0.739	0.670	0.741	
CV error (K=10): 0.61513
Writing output files.
