****                   ADMIXTURE Version 1.3.0                  ****
****                    Copyright 2008-2015                     ****
****           David Alexander, Suyash Shringarpure,            ****
****                John  Novembre, Ken Lange                   ****
****                                                            ****
****                 Please cite our paper!                     ****
****   Information at www.genetics.ucla.edu/software/admixture  ****

Parallel execution requested.  Will use 7 threads.
Cross-validation will be performed.  Folds=5.
Random seed: 43
Point estimation method: Block relaxation algorithm
Convergence acceleration algorithm: QuasiNewton, 3 secant conditions
Point estimation will terminate when objective function delta < 0.0001
Estimation of standard errors disabled; will compute point estimates only.
Size of G: 12x6748726
Performing five EM steps to prime main algorithm
1 (EM) 	Elapsed: 4.126	Loglikelihood: -5.41971e+07	(delta): 7.72065e+07
2 (EM) 	Elapsed: 4.141	Loglikelihood: -5.07783e+07	(delta): 3.41876e+06
3 (EM) 	Elapsed: 4.144	Loglikelihood: -4.95478e+07	(delta): 1.23046e+06
4 (EM) 	Elapsed: 4.154	Loglikelihood: -4.87992e+07	(delta): 748632
5 (EM) 	Elapsed: 4.165	Loglikelihood: -4.8302e+07	(delta): 497208
Initial loglikelihood: -4.8302e+07
Starting main algorithm
1 (QN/Block) 	Elapsed: 9.301	Loglikelihood: -4.60905e+07	(delta): 2.21148e+06
2 (QN/Block) 	Elapsed: 9.488	Loglikelihood: -4.50833e+07	(delta): 1.0072e+06
3 (QN/Block) 	Elapsed: 11.475	Loglikelihood: -4.4373e+07	(delta): 710264
4 (QN/Block) 	Elapsed: 11.02	Loglikelihood: -4.41032e+07	(delta): 269798
5 (QN/Block) 	Elapsed: 11.378	Loglikelihood: -4.39301e+07	(delta): 173142
6 (QN/Block) 	Elapsed: 11.316	Loglikelihood: -4.38524e+07	(delta): 77658.2
7 (QN/Block) 	Elapsed: 10.999	Loglikelihood: -4.38179e+07	(delta): 34580.3
8 (QN/Block) 	Elapsed: 11.801	Loglikelihood: -4.38127e+07	(delta): 5117.94
9 (QN/Block) 	Elapsed: 12.768	Loglikelihood: -4.38127e+07	(delta): 20.9453
10 (QN/Block) 	Elapsed: 12.13	Loglikelihood: -4.38127e+07	(delta): 0.04539
11 (QN/Block) 	Elapsed: 12.037	Loglikelihood: -4.38127e+07	(delta): 2.02656e-05
Summary: 
Converged in 11 iterations (148.034 sec)
Loglikelihood: -43812724.139075
Fst divergences between estimated populations: 
	Pop0	
Pop0	
Pop1	0.411	
CV error (K=2): 1.29327
Writing output files.
