****                   ADMIXTURE Version 1.3.0                  ****
****                    Copyright 2008-2015                     ****
****           David Alexander, Suyash Shringarpure,            ****
****                John  Novembre, Ken Lange                   ****
****                                                            ****
****                 Please cite our paper!                     ****
****   Information at www.genetics.ucla.edu/software/admixture  ****

Parallel execution requested.  Will use 7 threads.
Cross-validation will be performed.  Folds=5.
Random seed: 43
Point estimation method: Block relaxation algorithm
Convergence acceleration algorithm: QuasiNewton, 3 secant conditions
Point estimation will terminate when objective function delta < 0.0001
Estimation of standard errors disabled; will compute point estimates only.
Size of G: 12x14523
Performing five EM steps to prime main algorithm
1 (EM) 	Elapsed: 0.014	Loglikelihood: -134309	(delta): 149477
2 (EM) 	Elapsed: 0.009	Loglikelihood: -127207	(delta): 7101.15
3 (EM) 	Elapsed: 0.009	Loglikelihood: -124861	(delta): 2346.61
4 (EM) 	Elapsed: 0.009	Loglikelihood: -123566	(delta): 1295.17
5 (EM) 	Elapsed: 0.009	Loglikelihood: -122760	(delta): 805.414
Initial loglikelihood: -122760
Starting main algorithm
1 (QN/Block) 	Elapsed: 0.033	Loglikelihood: -120051	(delta): 2709.72
2 (QN/Block) 	Elapsed: 0.033	Loglikelihood: -119250	(delta): 801.01
3 (QN/Block) 	Elapsed: 0.039	Loglikelihood: -118783	(delta): 466.489
4 (QN/Block) 	Elapsed: 0.037	Loglikelihood: -118619	(delta): 163.834
5 (QN/Block) 	Elapsed: 0.037	Loglikelihood: -118560	(delta): 59.1378
6 (QN/Block) 	Elapsed: 0.035	Loglikelihood: -118535	(delta): 24.7794
7 (QN/Block) 	Elapsed: 0.035	Loglikelihood: -118529	(delta): 6.5289
8 (QN/Block) 	Elapsed: 0.035	Loglikelihood: -118518	(delta): 10.7798
9 (QN/Block) 	Elapsed: 0.038	Loglikelihood: -118507	(delta): 11.3986
10 (QN/Block) 	Elapsed: 0.039	Loglikelihood: -118496	(delta): 11.0744
11 (QN/Block) 	Elapsed: 0.037	Loglikelihood: -118494	(delta): 1.02874
12 (QN/Block) 	Elapsed: 0.038	Loglikelihood: -118494	(delta): 0.913998
13 (QN/Block) 	Elapsed: 0.038	Loglikelihood: -118493	(delta): 0.541887
14 (QN/Block) 	Elapsed: 0.037	Loglikelihood: -118492	(delta): 0.90949
15 (QN/Block) 	Elapsed: 0.038	Loglikelihood: -118491	(delta): 1.58054
16 (QN/Block) 	Elapsed: 0.038	Loglikelihood: -118488	(delta): 2.73606
17 (QN/Block) 	Elapsed: 0.038	Loglikelihood: -118483	(delta): 5.0684
18 (QN/Block) 	Elapsed: 0.038	Loglikelihood: -118476	(delta): 6.46161
19 (QN/Block) 	Elapsed: 0.036	Loglikelihood: -118476	(delta): 0.0405637
20 (QN/Block) 	Elapsed: 0.037	Loglikelihood: -118476	(delta): 9.49942e-05
Summary: 
Converged in 20 iterations (0.809 sec)
Loglikelihood: -118476.230609
Fst divergences between estimated populations: 
	Pop0	
Pop0	
Pop1	0.178	
CV error (K=2): 1.38257
Writing output files.
