****                   ADMIXTURE Version 1.3.0                  ****
****                    Copyright 2008-2015                     ****
****           David Alexander, Suyash Shringarpure,            ****
****                John  Novembre, Ken Lange                   ****
****                                                            ****
****                 Please cite our paper!                     ****
****   Information at www.genetics.ucla.edu/software/admixture  ****

Parallel execution requested.  Will use 7 threads.
Cross-validation will be performed.  Folds=5.
Random seed: 43
Point estimation method: Block relaxation algorithm
Convergence acceleration algorithm: QuasiNewton, 3 secant conditions
Point estimation will terminate when objective function delta < 0.0001
Estimation of standard errors disabled; will compute point estimates only.
Size of G: 12x14523
Performing five EM steps to prime main algorithm
1 (EM) 	Elapsed: 0.033	Loglikelihood: -131687	(delta): 110567
2 (EM) 	Elapsed: 0.03	Loglikelihood: -120863	(delta): 10824
3 (EM) 	Elapsed: 0.028	Loglikelihood: -115516	(delta): 5346.77
4 (EM) 	Elapsed: 0.032	Loglikelihood: -111178	(delta): 4337.92
5 (EM) 	Elapsed: 0.028	Loglikelihood: -107400	(delta): 3778.37
Initial loglikelihood: -107400
Starting main algorithm
1 (QN/Block) 	Elapsed: 0.089	Loglikelihood: -81249.4	(delta): 26150.2
2 (QN/Block) 	Elapsed: 0.089	Loglikelihood: -70647.2	(delta): 10602.2
3 (QN/Block) 	Elapsed: 0.113	Loglikelihood: -63701.9	(delta): 6945.31
4 (QN/Block) 	Elapsed: 0.098	Loglikelihood: -62647.2	(delta): 1054.68
5 (QN/Block) 	Elapsed: 0.1	Loglikelihood: -62195.9	(delta): 451.314
6 (QN/Block) 	Elapsed: 0.093	Loglikelihood: -62095.8	(delta): 100.162
7 (QN/Block) 	Elapsed: 0.1	Loglikelihood: -62080	(delta): 15.7779
8 (QN/Block) 	Elapsed: 0.1	Loglikelihood: -62079.3	(delta): 0.680967
9 (QN/Block) 	Elapsed: 0.109	Loglikelihood: -62079.3	(delta): 0.000397662
10 (QN/Block) 	Elapsed: 0.1	Loglikelihood: -62079.3	(delta): 2.91038e-11
Summary: 
Converged in 10 iterations (1.172 sec)
Loglikelihood: -62079.309451
Fst divergences between estimated populations: 
	Pop0	Pop1	Pop2	Pop3	Pop4	Pop5	Pop6	Pop7	
Pop0	
Pop1	0.345	
Pop2	0.569	0.429	
Pop3	0.462	0.337	0.586	
Pop4	0.387	0.259	0.455	0.401	
Pop5	0.582	0.433	0.528	0.590	0.462	
Pop6	0.454	0.350	0.572	0.474	0.395	0.587	
Pop7	0.585	0.434	0.676	0.603	0.459	0.692	0.597	
Pop8	0.469	0.342	0.556	0.483	0.366	0.570	0.479	0.575	
CV error (K=9): 0.59656
Writing output files.
