****                   ADMIXTURE Version 1.3.0                  ****
****                    Copyright 2008-2015                     ****
****           David Alexander, Suyash Shringarpure,            ****
****                John  Novembre, Ken Lange                   ****
****                                                            ****
****                 Please cite our paper!                     ****
****   Information at www.genetics.ucla.edu/software/admixture  ****

Parallel execution requested.  Will use 7 threads.
Cross-validation will be performed.  Folds=5.
Random seed: 43
Point estimation method: Block relaxation algorithm
Convergence acceleration algorithm: QuasiNewton, 3 secant conditions
Point estimation will terminate when objective function delta < 0.0001
Estimation of standard errors disabled; will compute point estimates only.
Size of G: 12x6748726
Performing five EM steps to prime main algorithm
1 (EM) 	Elapsed: 15.597	Loglikelihood: -5.303e+07	(delta): 5.95238e+07
2 (EM) 	Elapsed: 17.265	Loglikelihood: -4.77242e+07	(delta): 5.30572e+06
3 (EM) 	Elapsed: 15.761	Loglikelihood: -4.48428e+07	(delta): 2.88144e+06
4 (EM) 	Elapsed: 17.491	Loglikelihood: -4.22769e+07	(delta): 2.56591e+06
5 (EM) 	Elapsed: 15.295	Loglikelihood: -3.9893e+07	(delta): 2.38385e+06
Initial loglikelihood: -3.9893e+07
Starting main algorithm
1 (QN/Block) 	Elapsed: 40.028	Loglikelihood: -2.58929e+07	(delta): 1.40001e+07
2 (QN/Block) 	Elapsed: 39.559	Loglikelihood: -2.18282e+07	(delta): 4.06469e+06
3 (QN/Block) 	Elapsed: 47.832	Loglikelihood: -2.08465e+07	(delta): 981698
4 (QN/Block) 	Elapsed: 48.662	Loglikelihood: -2.04277e+07	(delta): 418866
5 (QN/Block) 	Elapsed: 47.914	Loglikelihood: -1.97365e+07	(delta): 691112
6 (QN/Block) 	Elapsed: 54.206	Loglikelihood: -1.91031e+07	(delta): 633435
7 (QN/Block) 	Elapsed: 100.558	Loglikelihood: -1.89137e+07	(delta): 189408
8 (QN/Block) 	Elapsed: 48.212	Loglikelihood: -1.8863e+07	(delta): 50697.3
9 (QN/Block) 	Elapsed: 48.458	Loglikelihood: -1.88461e+07	(delta): 16870.8
10 (QN/Block) 	Elapsed: 48.563	Loglikelihood: -1.884e+07	(delta): 6083.09
11 (QN/Block) 	Elapsed: 46.768	Loglikelihood: -1.88383e+07	(delta): 1701.92
12 (QN/Block) 	Elapsed: 46.582	Loglikelihood: -1.88372e+07	(delta): 1155.06
13 (QN/Block) 	Elapsed: 46.195	Loglikelihood: -1.88367e+07	(delta): 512.997
14 (QN/Block) 	Elapsed: 48.01	Loglikelihood: -1.88365e+07	(delta): 176.791
15 (QN/Block) 	Elapsed: 45.984	Loglikelihood: -1.88365e+07	(delta): 5.41359e-05
Summary: 
Converged in 15 iterations (848.075 sec)
Loglikelihood: -18836497.065279
Fst divergences between estimated populations: 
	Pop0	Pop1	Pop2	Pop3	Pop4	Pop5	Pop6	Pop7	
Pop0	
Pop1	0.529	
Pop2	0.738	0.753	
Pop3	0.516	0.443	0.748	
Pop4	0.516	0.526	0.627	0.522	
Pop5	0.723	0.738	0.538	0.732	0.604	
Pop6	0.702	0.734	0.864	0.721	0.661	0.859	
Pop7	0.736	0.749	0.780	0.744	0.637	0.772	0.849	
Pop8	0.472	0.480	0.578	0.474	0.297	0.556	0.610	0.595	
CV error (K=9): 0.71245
Writing output files.
