****                   ADMIXTURE Version 1.3.0                  ****
****                    Copyright 2008-2015                     ****
****           David Alexander, Suyash Shringarpure,            ****
****                John  Novembre, Ken Lange                   ****
****                                                            ****
****                 Please cite our paper!                     ****
****   Information at www.genetics.ucla.edu/software/admixture  ****

Parallel execution requested.  Will use 7 threads.
Cross-validation will be performed.  Folds=5.
Random seed: 43
Point estimation method: Block relaxation algorithm
Convergence acceleration algorithm: QuasiNewton, 3 secant conditions
Point estimation will terminate when objective function delta < 0.0001
Estimation of standard errors disabled; will compute point estimates only.
Size of G: 12x1400530
Performing five EM steps to prime main algorithm
1 (EM) 	Elapsed: 1.348	Loglikelihood: -1.44976e+07	(delta): 9.66087e+06
2 (EM) 	Elapsed: 1.353	Loglikelihood: -1.36411e+07	(delta): 856524
3 (EM) 	Elapsed: 1.352	Loglikelihood: -1.32062e+07	(delta): 434958
4 (EM) 	Elapsed: 1.361	Loglikelihood: -1.28455e+07	(delta): 360651
5 (EM) 	Elapsed: 1.362	Loglikelihood: -1.25129e+07	(delta): 332614
Initial loglikelihood: -1.25129e+07
Starting main algorithm
1 (QN/Block) 	Elapsed: 4.491	Loglikelihood: -1.00569e+07	(delta): 2.456e+06
2 (QN/Block) 	Elapsed: 4.466	Loglikelihood: -8.9427e+06	(delta): 1.1142e+06
3 (QN/Block) 	Elapsed: 5.398	Loglikelihood: -8.37315e+06	(delta): 569545
4 (QN/Block) 	Elapsed: 5.487	Loglikelihood: -8.03103e+06	(delta): 342124
5 (QN/Block) 	Elapsed: 5.39	Loglikelihood: -7.90597e+06	(delta): 125056
6 (QN/Block) 	Elapsed: 5.467	Loglikelihood: -7.81003e+06	(delta): 95943.8
7 (QN/Block) 	Elapsed: 5.653	Loglikelihood: -7.76996e+06	(delta): 40065
8 (QN/Block) 	Elapsed: 5.378	Loglikelihood: -7.76366e+06	(delta): 6305.17
9 (QN/Block) 	Elapsed: 5.453	Loglikelihood: -7.76351e+06	(delta): 147.772
10 (QN/Block) 	Elapsed: 5.65	Loglikelihood: -7.7635e+06	(delta): 6.35163
11 (QN/Block) 	Elapsed: 5.641	Loglikelihood: -7.7635e+06	(delta): 1.27277
12 (QN/Block) 	Elapsed: 5.643	Loglikelihood: -7.7635e+06	(delta): 0.190368
13 (QN/Block) 	Elapsed: 5.645	Loglikelihood: -7.7635e+06	(delta): 0.000887569
14 (QN/Block) 	Elapsed: 5.636	Loglikelihood: -7.7635e+06	(delta): 2.79397e-09
Summary: 
Converged in 14 iterations (83.473 sec)
Loglikelihood: -7763503.215713
Fst divergences between estimated populations: 
	Pop0	Pop1	Pop2	Pop3	
Pop0	
Pop1	0.230	
Pop2	0.294	0.299	
Pop3	0.495	0.499	0.503	
Pop4	0.563	0.567	0.560	0.743	
CV error (K=5): 1.90959
Writing output files.
