****                   ADMIXTURE Version 1.3.0                  ****
****                    Copyright 2008-2015                     ****
****           David Alexander, Suyash Shringarpure,            ****
****                John  Novembre, Ken Lange                   ****
****                                                            ****
****                 Please cite our paper!                     ****
****   Information at www.genetics.ucla.edu/software/admixture  ****

Parallel execution requested.  Will use 7 threads.
Cross-validation will be performed.  Folds=5.
Random seed: 43
Point estimation method: Block relaxation algorithm
Convergence acceleration algorithm: QuasiNewton, 3 secant conditions
Point estimation will terminate when objective function delta < 0.0001
Estimation of standard errors disabled; will compute point estimates only.
Size of G: 12x1400530
Performing five EM steps to prime main algorithm
1 (EM) 	Elapsed: 1.107	Loglikelihood: -1.46113e+07	(delta): 1.09446e+07
2 (EM) 	Elapsed: 1.11	Loglikelihood: -1.385e+07	(delta): 761270
3 (EM) 	Elapsed: 1.117	Loglikelihood: -1.35025e+07	(delta): 347461
4 (EM) 	Elapsed: 1.107	Loglikelihood: -1.32372e+07	(delta): 265352
5 (EM) 	Elapsed: 1.094	Loglikelihood: -1.30128e+07	(delta): 224411
Initial loglikelihood: -1.30128e+07
Starting main algorithm
1 (QN/Block) 	Elapsed: 3.503	Loglikelihood: -1.14711e+07	(delta): 1.54165e+06
2 (QN/Block) 	Elapsed: 3.491	Loglikelihood: -1.04658e+07	(delta): 1.00535e+06
3 (QN/Block) 	Elapsed: 4.118	Loglikelihood: -1.01512e+07	(delta): 314607
4 (QN/Block) 	Elapsed: 4.027	Loglikelihood: -1.00697e+07	(delta): 81422.4
5 (QN/Block) 	Elapsed: 4.022	Loglikelihood: -1.00429e+07	(delta): 26811.9
6 (QN/Block) 	Elapsed: 4.02	Loglikelihood: -1.00311e+07	(delta): 11837.7
7 (QN/Block) 	Elapsed: 4.093	Loglikelihood: -1.00294e+07	(delta): 1705.9
8 (QN/Block) 	Elapsed: 4.22	Loglikelihood: -1.00293e+07	(delta): 54.9358
9 (QN/Block) 	Elapsed: 4.09	Loglikelihood: -1.00293e+07	(delta): 0.00328982
10 (QN/Block) 	Elapsed: 4.233	Loglikelihood: -1.00293e+07	(delta): -3.72529e-09
11 (QN/Block) 	Elapsed: 4.238	Loglikelihood: -1.00293e+07	(delta): 0
Summary: 
Converged in 11 iterations (50.486 sec)
Loglikelihood: -10029333.439850
Fst divergences between estimated populations: 
	Pop0	Pop1	
Pop0	
Pop1	0.246	
Pop2	0.379	0.321	
CV error (K=3): 1.71769
Writing output files.
