****                   ADMIXTURE Version 1.3.0                  ****
****                    Copyright 2008-2015                     ****
****           David Alexander, Suyash Shringarpure,            ****
****                John  Novembre, Ken Lange                   ****
****                                                            ****
****                 Please cite our paper!                     ****
****   Information at www.genetics.ucla.edu/software/admixture  ****

Parallel execution requested.  Will use 7 threads.
Cross-validation will be performed.  Folds=5.
Random seed: 43
Point estimation method: Block relaxation algorithm
Convergence acceleration algorithm: QuasiNewton, 3 secant conditions
Point estimation will terminate when objective function delta < 0.0001
Estimation of standard errors disabled; will compute point estimates only.
Size of G: 12x14523
Performing five EM steps to prime main algorithm
1 (EM) 	Elapsed: 0.024	Loglikelihood: -133274	(delta): 113530
2 (EM) 	Elapsed: 0.019	Loglikelihood: -123611	(delta): 9662.58
3 (EM) 	Elapsed: 0.018	Loglikelihood: -119457	(delta): 4154.28
4 (EM) 	Elapsed: 0.018	Loglikelihood: -116347	(delta): 3109.65
5 (EM) 	Elapsed: 0.017	Loglikelihood: -113762	(delta): 2585.45
Initial loglikelihood: -113762
Starting main algorithm
1 (QN/Block) 	Elapsed: 0.062	Loglikelihood: -93865.7	(delta): 19895.9
2 (QN/Block) 	Elapsed: 0.063	Loglikelihood: -82515	(delta): 11350.7
3 (QN/Block) 	Elapsed: 0.073	Loglikelihood: -78669.4	(delta): 3845.6
4 (QN/Block) 	Elapsed: 0.071	Loglikelihood: -77468.6	(delta): 1200.79
5 (QN/Block) 	Elapsed: 0.071	Loglikelihood: -76872	(delta): 596.684
6 (QN/Block) 	Elapsed: 0.07	Loglikelihood: -76561.8	(delta): 310.141
7 (QN/Block) 	Elapsed: 0.068	Loglikelihood: -76524.3	(delta): 37.5436
8 (QN/Block) 	Elapsed: 0.064	Loglikelihood: -76509.5	(delta): 14.7376
9 (QN/Block) 	Elapsed: 0.066	Loglikelihood: -76504.1	(delta): 5.4111
10 (QN/Block) 	Elapsed: 0.069	Loglikelihood: -76503.4	(delta): 0.73941
11 (QN/Block) 	Elapsed: 0.069	Loglikelihood: -76503.4	(delta): 0.000199458
12 (QN/Block) 	Elapsed: 0.067	Loglikelihood: -76503.4	(delta): 0
Summary: 
Converged in 12 iterations (0.936 sec)
Loglikelihood: -76503.391831
Fst divergences between estimated populations: 
	Pop0	Pop1	Pop2	Pop3	Pop4	
Pop0	
Pop1	0.350	
Pop2	0.573	0.404	
Pop3	0.507	0.312	0.584	
Pop4	0.384	0.250	0.446	0.386	
Pop5	0.364	0.228	0.426	0.362	0.246	
CV error (K=6): 1.62750
Writing output files.
