****                   ADMIXTURE Version 1.3.0                  ****
****                    Copyright 2008-2015                     ****
****           David Alexander, Suyash Shringarpure,            ****
****                John  Novembre, Ken Lange                   ****
****                                                            ****
****                 Please cite our paper!                     ****
****   Information at www.genetics.ucla.edu/software/admixture  ****

Parallel execution requested.  Will use 7 threads.
Cross-validation will be performed.  Folds=5.
Random seed: 43
Point estimation method: Block relaxation algorithm
Convergence acceleration algorithm: QuasiNewton, 3 secant conditions
Point estimation will terminate when objective function delta < 0.0001
Estimation of standard errors disabled; will compute point estimates only.
Size of G: 12x1400530
Performing five EM steps to prime main algorithm
1 (EM) 	Elapsed: 2.608	Loglikelihood: -1.42045e+07	(delta): 9.33722e+06
2 (EM) 	Elapsed: 2.89	Loglikelihood: -1.31266e+07	(delta): 1.07794e+06
3 (EM) 	Elapsed: 2.609	Loglikelihood: -1.24631e+07	(delta): 663511
4 (EM) 	Elapsed: 2.888	Loglikelihood: -1.18596e+07	(delta): 603487
5 (EM) 	Elapsed: 2.72	Loglikelihood: -1.12806e+07	(delta): 579019
Initial loglikelihood: -1.12806e+07
Starting main algorithm
1 (QN/Block) 	Elapsed: 7.183	Loglikelihood: -7.37029e+06	(delta): 3.9103e+06
2 (QN/Block) 	Elapsed: 7.086	Loglikelihood: -6.49601e+06	(delta): 874284
3 (QN/Block) 	Elapsed: 8.511	Loglikelihood: -6.22418e+06	(delta): 271828
4 (QN/Block) 	Elapsed: 8.513	Loglikelihood: -6.06462e+06	(delta): 159561
5 (QN/Block) 	Elapsed: 8.94	Loglikelihood: -5.94716e+06	(delta): 117456
6 (QN/Block) 	Elapsed: 8.488	Loglikelihood: -5.88767e+06	(delta): 59487.9
7 (QN/Block) 	Elapsed: 9.516	Loglikelihood: -5.87273e+06	(delta): 14940.8
8 (QN/Block) 	Elapsed: 8.483	Loglikelihood: -5.86882e+06	(delta): 3913.47
9 (QN/Block) 	Elapsed: 8.477	Loglikelihood: -5.86844e+06	(delta): 378.746
10 (QN/Block) 	Elapsed: 8.568	Loglikelihood: -5.86837e+06	(delta): 70.2245
11 (QN/Block) 	Elapsed: 8.456	Loglikelihood: -5.86835e+06	(delta): 19.3917
12 (QN/Block) 	Elapsed: 8.832	Loglikelihood: -5.86834e+06	(delta): 13.1435
13 (QN/Block) 	Elapsed: 8.767	Loglikelihood: -5.86833e+06	(delta): 7.12612
14 (QN/Block) 	Elapsed: 8.784	Loglikelihood: -5.86833e+06	(delta): 0.225537
15 (QN/Block) 	Elapsed: 8.826	Loglikelihood: -5.86833e+06	(delta): 5.35045e-06
Summary: 
Converged in 15 iterations (142.935 sec)
Loglikelihood: -5868329.957548
Fst divergences between estimated populations: 
	Pop0	Pop1	Pop2	Pop3	Pop4	Pop5	Pop6	
Pop0	
Pop1	0.347	
Pop2	0.447	0.544	
Pop3	0.562	0.667	0.725	
Pop4	0.337	0.430	0.381	0.603	
Pop5	0.499	0.599	0.664	0.739	0.547	
Pop6	0.352	0.484	0.575	0.697	0.458	0.629	
Pop7	0.449	0.546	0.445	0.727	0.383	0.664	0.577	
CV error (K=8): 0.90190
Writing output files.
