****                   ADMIXTURE Version 1.3.0                  ****
****                    Copyright 2008-2015                     ****
****           David Alexander, Suyash Shringarpure,            ****
****                John  Novembre, Ken Lange                   ****
****                                                            ****
****                 Please cite our paper!                     ****
****   Information at www.genetics.ucla.edu/software/admixture  ****

Parallel execution requested.  Will use 7 threads.
Cross-validation will be performed.  Folds=5.
Random seed: 43
Point estimation method: Block relaxation algorithm
Convergence acceleration algorithm: QuasiNewton, 3 secant conditions
Point estimation will terminate when objective function delta < 0.0001
Estimation of standard errors disabled; will compute point estimates only.
Size of G: 12x6748726
Performing five EM steps to prime main algorithm
1 (EM) 	Elapsed: 6.967	Loglikelihood: -5.43643e+07	(delta): 6.20285e+07
2 (EM) 	Elapsed: 6.992	Loglikelihood: -5.00804e+07	(delta): 4.28395e+06
3 (EM) 	Elapsed: 7.042	Loglikelihood: -4.8151e+07	(delta): 1.92938e+06
4 (EM) 	Elapsed: 7.029	Loglikelihood: -4.65156e+07	(delta): 1.63535e+06
5 (EM) 	Elapsed: 7.045	Loglikelihood: -4.48836e+07	(delta): 1.63208e+06
Initial loglikelihood: -4.48836e+07
Starting main algorithm
1 (QN/Block) 	Elapsed: 23.642	Loglikelihood: -3.28318e+07	(delta): 1.20518e+07
2 (QN/Block) 	Elapsed: 23.302	Loglikelihood: -3.04411e+07	(delta): 2.39071e+06
3 (QN/Block) 	Elapsed: 29.725	Loglikelihood: -2.83859e+07	(delta): 2.05516e+06
4 (QN/Block) 	Elapsed: 29.107	Loglikelihood: -2.50988e+07	(delta): 3.28717e+06
5 (QN/Block) 	Elapsed: 27.861	Loglikelihood: -2.36894e+07	(delta): 1.40936e+06
6 (QN/Block) 	Elapsed: 28.907	Loglikelihood: -2.34654e+07	(delta): 223970
7 (QN/Block) 	Elapsed: 29.057	Loglikelihood: -2.34313e+07	(delta): 34096.4
8 (QN/Block) 	Elapsed: 29.117	Loglikelihood: -2.34246e+07	(delta): 6721.13
9 (QN/Block) 	Elapsed: 27.593	Loglikelihood: -2.34204e+07	(delta): 4225.77
10 (QN/Block) 	Elapsed: 28.796	Loglikelihood: -2.34192e+07	(delta): 1189.49
11 (QN/Block) 	Elapsed: 28.652	Loglikelihood: -2.34191e+07	(delta): 116.801
12 (QN/Block) 	Elapsed: 27.325	Loglikelihood: -2.34191e+07	(delta): 6.45404
13 (QN/Block) 	Elapsed: 28.149	Loglikelihood: -2.34191e+07	(delta): 0.227087
14 (QN/Block) 	Elapsed: 28.542	Loglikelihood: -2.34191e+07	(delta): 0.00152082
15 (QN/Block) 	Elapsed: 27.833	Loglikelihood: -2.34191e+07	(delta): 1.11759e-08
Summary: 
Converged in 15 iterations (458.935 sec)
Loglikelihood: -23419067.317940
Fst divergences between estimated populations: 
	Pop0	Pop1	Pop2	Pop3	
Pop0	
Pop1	0.239	
Pop2	0.352	0.356	
Pop3	0.540	0.545	0.568	
Pop4	0.599	0.604	0.618	0.731	
CV error (K=5): 1.25077
Writing output files.
