****                   ADMIXTURE Version 1.3.0                  ****
****                    Copyright 2008-2015                     ****
****           David Alexander, Suyash Shringarpure,            ****
****                John  Novembre, Ken Lange                   ****
****                                                            ****
****                 Please cite our paper!                     ****
****   Information at www.genetics.ucla.edu/software/admixture  ****

Parallel execution requested.  Will use 7 threads.
Cross-validation will be performed.  Folds=5.
Random seed: 43
Point estimation method: Block relaxation algorithm
Convergence acceleration algorithm: QuasiNewton, 3 secant conditions
Point estimation will terminate when objective function delta < 0.0001
Estimation of standard errors disabled; will compute point estimates only.
Size of G: 12x1400530
Performing five EM steps to prime main algorithm
1 (EM) 	Elapsed: 2.501	Loglikelihood: -1.4216e+07	(delta): 9.15032e+06
2 (EM) 	Elapsed: 2.648	Loglikelihood: -1.31634e+07	(delta): 1.05255e+06
3 (EM) 	Elapsed: 2.538	Loglikelihood: -1.25234e+07	(delta): 640034
4 (EM) 	Elapsed: 2.711	Loglikelihood: -1.19396e+07	(delta): 583791
5 (EM) 	Elapsed: 2.529	Loglikelihood: -1.13869e+07	(delta): 552718
Initial loglikelihood: -1.13869e+07
Starting main algorithm
1 (QN/Block) 	Elapsed: 8.046	Loglikelihood: -7.81841e+06	(delta): 3.56846e+06
2 (QN/Block) 	Elapsed: 7.956	Loglikelihood: -6.41706e+06	(delta): 1.40135e+06
3 (QN/Block) 	Elapsed: 9.889	Loglikelihood: -5.91005e+06	(delta): 507001
4 (QN/Block) 	Elapsed: 9.674	Loglikelihood: -5.77108e+06	(delta): 138978
5 (QN/Block) 	Elapsed: 9.278	Loglikelihood: -5.72076e+06	(delta): 50318.5
6 (QN/Block) 	Elapsed: 9.783	Loglikelihood: -5.67569e+06	(delta): 45073.6
7 (QN/Block) 	Elapsed: 9.848	Loglikelihood: -5.64744e+06	(delta): 28242.4
8 (QN/Block) 	Elapsed: 9.799	Loglikelihood: -5.63736e+06	(delta): 10082.7
9 (QN/Block) 	Elapsed: 9.327	Loglikelihood: -5.63511e+06	(delta): 2251.39
10 (QN/Block) 	Elapsed: 9.28	Loglikelihood: -5.63498e+06	(delta): 133.62
11 (QN/Block) 	Elapsed: 9.374	Loglikelihood: -5.63493e+06	(delta): 43.1402
12 (QN/Block) 	Elapsed: 9.625	Loglikelihood: -5.63492e+06	(delta): 7.04117
13 (QN/Block) 	Elapsed: 9.688	Loglikelihood: -5.63492e+06	(delta): 0.0406267
14 (QN/Block) 	Elapsed: 9.498	Loglikelihood: -5.63492e+06	(delta): 1.86265e-08
Summary: 
Converged in 14 iterations (145.871 sec)
Loglikelihood: -5634924.876689
Fst divergences between estimated populations: 
	Pop0	Pop1	Pop2	Pop3	Pop4	Pop5	Pop6	Pop7	
Pop0	
Pop1	0.483	
Pop2	0.675	0.708	
Pop3	0.481	0.444	0.706	
Pop4	0.449	0.481	0.571	0.480	
Pop5	0.670	0.703	0.568	0.701	0.566	
Pop6	0.472	0.508	0.692	0.506	0.465	0.688	
Pop7	0.696	0.728	0.798	0.726	0.594	0.800	0.713	
Pop8	0.410	0.440	0.528	0.438	0.276	0.524	0.421	0.554	
CV error (K=9): 0.64574
Writing output files.
