****                   ADMIXTURE Version 1.3.0                  ****
****                    Copyright 2008-2015                     ****
****           David Alexander, Suyash Shringarpure,            ****
****                John  Novembre, Ken Lange                   ****
****                                                            ****
****                 Please cite our paper!                     ****
****   Information at www.genetics.ucla.edu/software/admixture  ****

Parallel execution requested.  Will use 7 threads.
Cross-validation will be performed.  Folds=5.
Random seed: 43
Point estimation method: Block relaxation algorithm
Convergence acceleration algorithm: QuasiNewton, 3 secant conditions
Point estimation will terminate when objective function delta < 0.0001
Estimation of standard errors disabled; will compute point estimates only.
Size of G: 12x14523
Performing five EM steps to prime main algorithm
1 (EM) 	Elapsed: 0.043	Loglikelihood: -131279	(delta): 109557
2 (EM) 	Elapsed: 0.04	Loglikelihood: -120195	(delta): 11084.4
3 (EM) 	Elapsed: 0.038	Loglikelihood: -114610	(delta): 5584.49
4 (EM) 	Elapsed: 0.04	Loglikelihood: -109939	(delta): 4670.8
5 (EM) 	Elapsed: 0.04	Loglikelihood: -105675	(delta): 4264.14
Initial loglikelihood: -105675
Starting main algorithm
1 (QN/Block) 	Elapsed: 0.108	Loglikelihood: -67060.6	(delta): 38614.7
2 (QN/Block) 	Elapsed: 0.098	Loglikelihood: -60391.6	(delta): 6669.04
3 (QN/Block) 	Elapsed: 0.12	Loglikelihood: -57972.1	(delta): 2419.46
4 (QN/Block) 	Elapsed: 0.118	Loglikelihood: -57360.5	(delta): 611.64
5 (QN/Block) 	Elapsed: 0.128	Loglikelihood: -57258.4	(delta): 102.087
6 (QN/Block) 	Elapsed: 0.106	Loglikelihood: -57036.3	(delta): 222.045
7 (QN/Block) 	Elapsed: 0.111	Loglikelihood: -56993.2	(delta): 43.1014
8 (QN/Block) 	Elapsed: 0.118	Loglikelihood: -56975.4	(delta): 17.8654
9 (QN/Block) 	Elapsed: 0.111	Loglikelihood: -56971.1	(delta): 4.26804
10 (QN/Block) 	Elapsed: 0.118	Loglikelihood: -56970.8	(delta): 0.246447
11 (QN/Block) 	Elapsed: 0.116	Loglikelihood: -56970.8	(delta): 3.6425e-05
Summary: 
Converged in 11 iterations (1.485 sec)
Loglikelihood: -56970.846007
Fst divergences between estimated populations: 
	Pop0	Pop1	Pop2	Pop3	Pop4	Pop5	Pop6	Pop7	Pop8	
Pop0	
Pop1	0.480	
Pop2	0.515	0.491	
Pop3	0.392	0.360	0.385	
Pop4	0.454	0.468	0.506	0.385	
Pop5	0.621	0.592	0.612	0.473	0.606	
Pop6	0.477	0.479	0.520	0.397	0.461	0.624	
Pop7	0.484	0.438	0.492	0.362	0.471	0.597	0.483	
Pop8	0.480	0.482	0.523	0.399	0.468	0.626	0.445	0.486	
Pop9	0.649	0.617	0.656	0.500	0.633	0.624	0.649	0.623	0.655	
CV error (K=10): 0.30999
Writing output files.
