****                   ADMIXTURE Version 1.3.0                  ****
****                    Copyright 2008-2015                     ****
****           David Alexander, Suyash Shringarpure,            ****
****                John  Novembre, Ken Lange                   ****
****                                                            ****
****                 Please cite our paper!                     ****
****   Information at www.genetics.ucla.edu/software/admixture  ****

Parallel execution requested.  Will use 7 threads.
Cross-validation will be performed.  Folds=5.
Random seed: 43
Point estimation method: Block relaxation algorithm
Convergence acceleration algorithm: QuasiNewton, 3 secant conditions
Point estimation will terminate when objective function delta < 0.0001
Estimation of standard errors disabled; will compute point estimates only.
Size of G: 12x6748726
Performing five EM steps to prime main algorithm
1 (EM) 	Elapsed: 9.779	Loglikelihood: -5.36546e+07	(delta): 6.05846e+07
2 (EM) 	Elapsed: 9.847	Loglikelihood: -4.89667e+07	(delta): 4.68789e+06
3 (EM) 	Elapsed: 9.985	Loglikelihood: -4.66148e+07	(delta): 2.35186e+06
4 (EM) 	Elapsed: 9.908	Loglikelihood: -4.4545e+07	(delta): 2.06987e+06
5 (EM) 	Elapsed: 9.995	Loglikelihood: -4.25838e+07	(delta): 1.9612e+06
Initial loglikelihood: -4.25838e+07
Starting main algorithm
1 (QN/Block) 	Elapsed: 29.787	Loglikelihood: -2.74018e+07	(delta): 1.5182e+07
2 (QN/Block) 	Elapsed: 29.083	Loglikelihood: -2.3879e+07	(delta): 3.52277e+06
3 (QN/Block) 	Elapsed: 36.543	Loglikelihood: -2.24898e+07	(delta): 1.38916e+06
4 (QN/Block) 	Elapsed: 36.49	Loglikelihood: -2.20228e+07	(delta): 467032
5 (QN/Block) 	Elapsed: 36.212	Loglikelihood: -2.16986e+07	(delta): 324177
6 (QN/Block) 	Elapsed: 36.393	Loglikelihood: -2.14351e+07	(delta): 263536
7 (QN/Block) 	Elapsed: 36.231	Loglikelihood: -2.11186e+07	(delta): 316455
8 (QN/Block) 	Elapsed: 35.962	Loglikelihood: -2.10677e+07	(delta): 50960.9
9 (QN/Block) 	Elapsed: 34.516	Loglikelihood: -2.10623e+07	(delta): 5365.92
10 (QN/Block) 	Elapsed: 34.481	Loglikelihood: -2.10621e+07	(delta): 240.347
11 (QN/Block) 	Elapsed: 34.57	Loglikelihood: -2.10618e+07	(delta): 233.083
12 (QN/Block) 	Elapsed: 36.083	Loglikelihood: -2.10618e+07	(delta): 88.1745
13 (QN/Block) 	Elapsed: 36.132	Loglikelihood: -2.10617e+07	(delta): 9.75264
14 (QN/Block) 	Elapsed: 34.614	Loglikelihood: -2.10617e+07	(delta): 2.1154
15 (QN/Block) 	Elapsed: 36.159	Loglikelihood: -2.10617e+07	(delta): 0.699526
16 (QN/Block) 	Elapsed: 36.116	Loglikelihood: -2.10617e+07	(delta): -3.72529e-09
17 (QN/Block) 	Elapsed: 36.1	Loglikelihood: -2.10617e+07	(delta): 1.38958
18 (QN/Block) 	Elapsed: 34.356	Loglikelihood: -2.10617e+07	(delta): 1.49012e-08
Summary: 
Converged in 18 iterations (687.831 sec)
Loglikelihood: -21061741.073573
Fst divergences between estimated populations: 
	Pop0	Pop1	Pop2	Pop3	Pop4	Pop5	
Pop0	
Pop1	0.717	
Pop2	0.667	0.475	
Pop3	0.750	0.563	0.346	
Pop4	0.508	0.703	0.653	0.736	
Pop5	0.598	0.336	0.355	0.432	0.581	
Pop6	0.761	0.636	0.594	0.674	0.752	0.518	
CV error (K=7): 0.78674
Writing output files.
