****                   ADMIXTURE Version 1.3.0                  ****
****                    Copyright 2008-2015                     ****
****           David Alexander, Suyash Shringarpure,            ****
****                John  Novembre, Ken Lange                   ****
****                                                            ****
****                 Please cite our paper!                     ****
****   Information at www.genetics.ucla.edu/software/admixture  ****

Parallel execution requested.  Will use 7 threads.
Cross-validation will be performed.  Folds=5.
Random seed: 43
Point estimation method: Block relaxation algorithm
Convergence acceleration algorithm: QuasiNewton, 3 secant conditions
Point estimation will terminate when objective function delta < 0.0001
Estimation of standard errors disabled; will compute point estimates only.
Size of G: 12x1400530
Performing five EM steps to prime main algorithm
1 (EM) 	Elapsed: 0.736	Loglikelihood: -1.45604e+07	(delta): 1.27073e+07
2 (EM) 	Elapsed: 0.73	Loglikelihood: -1.38443e+07	(delta): 716038
3 (EM) 	Elapsed: 0.731	Loglikelihood: -1.35488e+07	(delta): 295515
4 (EM) 	Elapsed: 0.733	Loglikelihood: -1.33594e+07	(delta): 189397
5 (EM) 	Elapsed: 0.731	Loglikelihood: -1.32275e+07	(delta): 131918
Initial loglikelihood: -1.32275e+07
Starting main algorithm
1 (QN/Block) 	Elapsed: 1.791	Loglikelihood: -1.25607e+07	(delta): 666862
2 (QN/Block) 	Elapsed: 1.784	Loglikelihood: -1.20169e+07	(delta): 543714
3 (QN/Block) 	Elapsed: 2.162	Loglikelihood: -1.17682e+07	(delta): 248775
4 (QN/Block) 	Elapsed: 2.31	Loglikelihood: -1.16947e+07	(delta): 73429.4
5 (QN/Block) 	Elapsed: 2.195	Loglikelihood: -1.16834e+07	(delta): 11306.7
6 (QN/Block) 	Elapsed: 2.186	Loglikelihood: -1.16796e+07	(delta): 3856.24
7 (QN/Block) 	Elapsed: 2.264	Loglikelihood: -1.1679e+07	(delta): 624.207
8 (QN/Block) 	Elapsed: 2.149	Loglikelihood: -1.16786e+07	(delta): 310.521
9 (QN/Block) 	Elapsed: 2.198	Loglikelihood: -1.16786e+07	(delta): 65.7135
10 (QN/Block) 	Elapsed: 2.137	Loglikelihood: -1.16786e+07	(delta): 8.43793
11 (QN/Block) 	Elapsed: 2.144	Loglikelihood: -1.16786e+07	(delta): 0.873582
12 (QN/Block) 	Elapsed: 2.135	Loglikelihood: -1.16786e+07	(delta): 0.0699307
13 (QN/Block) 	Elapsed: 2.136	Loglikelihood: -1.16786e+07	(delta): 0.00851423
14 (QN/Block) 	Elapsed: 2.204	Loglikelihood: -1.16786e+07	(delta): 6.31064e-06
Summary: 
Converged in 14 iterations (34.348 sec)
Loglikelihood: -11678566.134968
Fst divergences between estimated populations: 
	Pop0	
Pop0	
Pop1	0.301	
CV error (K=2): 1.25763
Writing output files.
