****                   ADMIXTURE Version 1.3.0                  ****
****                    Copyright 2008-2015                     ****
****           David Alexander, Suyash Shringarpure,            ****
****                John  Novembre, Ken Lange                   ****
****                                                            ****
****                 Please cite our paper!                     ****
****   Information at www.genetics.ucla.edu/software/admixture  ****

Parallel execution requested.  Will use 7 threads.
Cross-validation will be performed.  Folds=5.
Random seed: 43
Point estimation method: Block relaxation algorithm
Convergence acceleration algorithm: QuasiNewton, 3 secant conditions
Point estimation will terminate when objective function delta < 0.0001
Estimation of standard errors disabled; will compute point estimates only.
Size of G: 12x6748726
Performing five EM steps to prime main algorithm
1 (EM) 	Elapsed: 8.258	Loglikelihood: -5.33071e+07	(delta): 6.14819e+07
2 (EM) 	Elapsed: 8.405	Loglikelihood: -4.82145e+07	(delta): 5.0926e+06
3 (EM) 	Elapsed: 8.286	Loglikelihood: -4.56637e+07	(delta): 2.55074e+06
4 (EM) 	Elapsed: 8.338	Loglikelihood: -4.36071e+07	(delta): 2.05665e+06
5 (EM) 	Elapsed: 8.335	Loglikelihood: -4.17806e+07	(delta): 1.82652e+06
Initial loglikelihood: -4.17806e+07
Starting main algorithm
1 (QN/Block) 	Elapsed: 27.417	Loglikelihood: -3.00461e+07	(delta): 1.17345e+07
2 (QN/Block) 	Elapsed: 27.198	Loglikelihood: -2.68317e+07	(delta): 3.21437e+06
3 (QN/Block) 	Elapsed: 32.54	Loglikelihood: -2.44938e+07	(delta): 2.3379e+06
4 (QN/Block) 	Elapsed: 33.245	Loglikelihood: -2.3232e+07	(delta): 1.26176e+06
5 (QN/Block) 	Elapsed: 33.898	Loglikelihood: -2.25366e+07	(delta): 695424
6 (QN/Block) 	Elapsed: 32.561	Loglikelihood: -2.20928e+07	(delta): 443816
7 (QN/Block) 	Elapsed: 33.64	Loglikelihood: -2.18468e+07	(delta): 245971
8 (QN/Block) 	Elapsed: 33.036	Loglikelihood: -2.17415e+07	(delta): 105335
9 (QN/Block) 	Elapsed: 33.563	Loglikelihood: -2.1728e+07	(delta): 13456.1
10 (QN/Block) 	Elapsed: 32.338	Loglikelihood: -2.17269e+07	(delta): 1152.56
11 (QN/Block) 	Elapsed: 32.015	Loglikelihood: -2.17269e+07	(delta): 14.9068
12 (QN/Block) 	Elapsed: 32.485	Loglikelihood: -2.17269e+07	(delta): 0.129837
13 (QN/Block) 	Elapsed: 33.439	Loglikelihood: -2.17269e+07	(delta): 3.98234e-06
Summary: 
Converged in 13 iterations (465.481 sec)
Loglikelihood: -21726864.624155
Fst divergences between estimated populations: 
	Pop0	Pop1	Pop2	Pop3	Pop4	
Pop0	
Pop1	0.589	
Pop2	0.635	0.470	
Pop3	0.679	0.347	0.568	
Pop4	0.517	0.348	0.335	0.433	
Pop5	0.733	0.641	0.691	0.729	0.578	
CV error (K=6): 1.08087
Writing output files.
