****                   ADMIXTURE Version 1.3.0                  ****
****                    Copyright 2008-2015                     ****
****           David Alexander, Suyash Shringarpure,            ****
****                John  Novembre, Ken Lange                   ****
****                                                            ****
****                 Please cite our paper!                     ****
****   Information at www.genetics.ucla.edu/software/admixture  ****

Parallel execution requested.  Will use 7 threads.
Cross-validation will be performed.  Folds=5.
Random seed: 43
Point estimation method: Block relaxation algorithm
Convergence acceleration algorithm: QuasiNewton, 3 secant conditions
Point estimation will terminate when objective function delta < 0.0001
Estimation of standard errors disabled; will compute point estimates only.
Size of G: 12x6748726
Performing five EM steps to prime main algorithm
1 (EM) 	Elapsed: 14.779	Loglikelihood: -5.25136e+07	(delta): 5.95122e+07
2 (EM) 	Elapsed: 14.688	Loglikelihood: -4.6807e+07	(delta): 5.70653e+06
3 (EM) 	Elapsed: 14.835	Loglikelihood: -4.3367e+07	(delta): 3.44007e+06
4 (EM) 	Elapsed: 15.143	Loglikelihood: -4.01118e+07	(delta): 3.25519e+06
5 (EM) 	Elapsed: 14.923	Loglikelihood: -3.70141e+07	(delta): 3.09769e+06
Initial loglikelihood: -3.70141e+07
Starting main algorithm
1 (QN/Block) 	Elapsed: 60.922	Loglikelihood: -2e+07	(delta): 1.70141e+07
2 (QN/Block) 	Elapsed: 44.504	Loglikelihood: -1.84107e+07	(delta): 1.58929e+06
3 (QN/Block) 	Elapsed: 53.716	Loglikelihood: -1.7744e+07	(delta): 666678
4 (QN/Block) 	Elapsed: 55.426	Loglikelihood: -1.74719e+07	(delta): 272110
5 (QN/Block) 	Elapsed: 55.375	Loglikelihood: -1.71499e+07	(delta): 322020
6 (QN/Block) 	Elapsed: 63.571	Loglikelihood: -1.70727e+07	(delta): 77151.1
7 (QN/Block) 	Elapsed: 57.253	Loglikelihood: -1.70491e+07	(delta): 23582.5
8 (QN/Block) 	Elapsed: 67.62	Loglikelihood: -1.70456e+07	(delta): 3576.43
9 (QN/Block) 	Elapsed: 56.682	Loglikelihood: -1.70445e+07	(delta): 1072.25
10 (QN/Block) 	Elapsed: 52.405	Loglikelihood: -1.70437e+07	(delta): 845.179
11 (QN/Block) 	Elapsed: 52.413	Loglikelihood: -1.70429e+07	(delta): 767.033
12 (QN/Block) 	Elapsed: 53.313	Loglikelihood: -1.70424e+07	(delta): 468.569
13 (QN/Block) 	Elapsed: 51.932	Loglikelihood: -1.70424e+07	(delta): 32.6367
14 (QN/Block) 	Elapsed: 53.963	Loglikelihood: -1.70424e+07	(delta): 3.18048
15 (QN/Block) 	Elapsed: 53.17	Loglikelihood: -1.70424e+07	(delta): 0.061224
16 (QN/Block) 	Elapsed: 52.415	Loglikelihood: -1.70424e+07	(delta): 9.85414e-05
Summary: 
Converged in 16 iterations (969.334 sec)
Loglikelihood: -17042381.919653
Fst divergences between estimated populations: 
	Pop0	Pop1	Pop2	Pop3	Pop4	Pop5	Pop6	Pop7	Pop8	
Pop0	
Pop1	0.568	
Pop2	0.687	0.630	
Pop3	0.516	0.400	0.587	
Pop4	0.503	0.558	0.676	0.509	
Pop5	0.763	0.713	0.766	0.667	0.752	
Pop6	0.540	0.587	0.706	0.537	0.510	0.776	
Pop7	0.773	0.684	0.813	0.641	0.777	0.882	0.807	
Pop8	0.538	0.584	0.704	0.533	0.507	0.776	0.451	0.804	
Pop9	0.748	0.694	0.750	0.647	0.737	0.526	0.766	0.862	0.764	
CV error (K=10): 0.43197
Writing output files.
