****                   ADMIXTURE Version 1.3.0                  ****
****                    Copyright 2008-2015                     ****
****           David Alexander, Suyash Shringarpure,            ****
****                John  Novembre, Ken Lange                   ****
****                                                            ****
****                 Please cite our paper!                     ****
****   Information at www.genetics.ucla.edu/software/admixture  ****

Parallel execution requested.  Will use 7 threads.
Cross-validation will be performed.  Folds=5.
Random seed: 43
Point estimation method: Block relaxation algorithm
Convergence acceleration algorithm: QuasiNewton, 3 secant conditions
Point estimation will terminate when objective function delta < 0.0001
Estimation of standard errors disabled; will compute point estimates only.
Size of G: 12x1400530
Performing five EM steps to prime main algorithm
1 (EM) 	Elapsed: 1.525	Loglikelihood: -1.42829e+07	(delta): 9.54719e+06
2 (EM) 	Elapsed: 1.53	Loglikelihood: -1.32678e+07	(delta): 1.01515e+06
3 (EM) 	Elapsed: 1.525	Loglikelihood: -1.26886e+07	(delta): 579217
4 (EM) 	Elapsed: 1.534	Loglikelihood: -1.2202e+07	(delta): 486565
5 (EM) 	Elapsed: 1.538	Loglikelihood: -1.1773e+07	(delta): 428952
Initial loglikelihood: -1.1773e+07
Starting main algorithm
1 (QN/Block) 	Elapsed: 4.998	Loglikelihood: -9.20515e+06	(delta): 2.56789e+06
2 (QN/Block) 	Elapsed: 4.881	Loglikelihood: -8.49042e+06	(delta): 714733
3 (QN/Block) 	Elapsed: 6.088	Loglikelihood: -7.71308e+06	(delta): 777336
4 (QN/Block) 	Elapsed: 6.327	Loglikelihood: -7.40414e+06	(delta): 308944
5 (QN/Block) 	Elapsed: 6.326	Loglikelihood: -7.24415e+06	(delta): 159981
6 (QN/Block) 	Elapsed: 6.084	Loglikelihood: -7.11658e+06	(delta): 127573
7 (QN/Block) 	Elapsed: 6.321	Loglikelihood: -7.05769e+06	(delta): 58888.9
8 (QN/Block) 	Elapsed: 6.009	Loglikelihood: -7.02184e+06	(delta): 35851.4
9 (QN/Block) 	Elapsed: 6.189	Loglikelihood: -7.01744e+06	(delta): 4398.38
10 (QN/Block) 	Elapsed: 6.316	Loglikelihood: -7.01655e+06	(delta): 893.779
11 (QN/Block) 	Elapsed: 6.006	Loglikelihood: -7.01644e+06	(delta): 107.663
12 (QN/Block) 	Elapsed: 6.011	Loglikelihood: -7.0164e+06	(delta): 37.8843
13 (QN/Block) 	Elapsed: 6.314	Loglikelihood: -7.01637e+06	(delta): 32.3979
14 (QN/Block) 	Elapsed: 6.313	Loglikelihood: -7.01635e+06	(delta): 23.1755
15 (QN/Block) 	Elapsed: 6.315	Loglikelihood: -7.01634e+06	(delta): 6.70902
16 (QN/Block) 	Elapsed: 6.307	Loglikelihood: -7.01634e+06	(delta): 0.446357
17 (QN/Block) 	Elapsed: 6.298	Loglikelihood: -7.01634e+06	(delta): 0.00621804
18 (QN/Block) 	Elapsed: 6.02	Loglikelihood: -7.01634e+06	(delta): 9.31323e-10
Summary: 
Converged in 18 iterations (118.442 sec)
Loglikelihood: -7016341.307053
Fst divergences between estimated populations: 
	Pop0	Pop1	Pop2	Pop3	Pop4	
Pop0	
Pop1	0.525	
Pop2	0.736	0.583	
Pop3	0.641	0.335	0.703	
Pop4	0.531	0.350	0.597	0.457	
Pop5	0.489	0.309	0.555	0.417	0.276	
CV error (K=6): 1.72917
Writing output files.
