****                   ADMIXTURE Version 1.3.0                  ****
****                    Copyright 2008-2015                     ****
****           David Alexander, Suyash Shringarpure,            ****
****                John  Novembre, Ken Lange                   ****
****                                                            ****
****                 Please cite our paper!                     ****
****   Information at www.genetics.ucla.edu/software/admixture  ****

Parallel execution requested.  Will use 7 threads.
Cross-validation will be performed.  Folds=5.
Random seed: 43
Point estimation method: Block relaxation algorithm
Convergence acceleration algorithm: QuasiNewton, 3 secant conditions
Point estimation will terminate when objective function delta < 0.0001
Estimation of standard errors disabled; will compute point estimates only.
Size of G: 12x6748726
Performing five EM steps to prime main algorithm
1 (EM) 	Elapsed: 10.668	Loglikelihood: -5.30496e+07	(delta): 6.03396e+07
2 (EM) 	Elapsed: 11.196	Loglikelihood: -4.77728e+07	(delta): 5.27682e+06
3 (EM) 	Elapsed: 10.704	Loglikelihood: -4.49397e+07	(delta): 2.8331e+06
4 (EM) 	Elapsed: 11.418	Loglikelihood: -4.24824e+07	(delta): 2.45726e+06
5 (EM) 	Elapsed: 10.846	Loglikelihood: -4.01902e+07	(delta): 2.29221e+06
Initial loglikelihood: -4.01902e+07
Starting main algorithm
1 (QN/Block) 	Elapsed: 45.646	Loglikelihood: -2.38336e+07	(delta): 1.63566e+07
2 (QN/Block) 	Elapsed: 36.964	Loglikelihood: -2.04659e+07	(delta): 3.36776e+06
3 (QN/Block) 	Elapsed: 43.055	Loglikelihood: -1.96925e+07	(delta): 773382
4 (QN/Block) 	Elapsed: 42.873	Loglikelihood: -1.94243e+07	(delta): 268233
5 (QN/Block) 	Elapsed: 42.823	Loglikelihood: -1.92649e+07	(delta): 159374
6 (QN/Block) 	Elapsed: 40.905	Loglikelihood: -1.91828e+07	(delta): 82067.3
7 (QN/Block) 	Elapsed: 40.863	Loglikelihood: -1.91624e+07	(delta): 20446.3
8 (QN/Block) 	Elapsed: 40.684	Loglikelihood: -1.91592e+07	(delta): 3174.94
9 (QN/Block) 	Elapsed: 40.649	Loglikelihood: -1.91584e+07	(delta): 758.456
10 (QN/Block) 	Elapsed: 40.962	Loglikelihood: -1.9158e+07	(delta): 416.402
11 (QN/Block) 	Elapsed: 42.917	Loglikelihood: -1.9158e+07	(delta): 12.1197
12 (QN/Block) 	Elapsed: 42.884	Loglikelihood: -1.9158e+07	(delta): 0.0464038
13 (QN/Block) 	Elapsed: 41.063	Loglikelihood: -1.9158e+07	(delta): 3.82029e-05
Summary: 
Converged in 13 iterations (605.103 sec)
Loglikelihood: -19158013.608749
Fst divergences between estimated populations: 
	Pop0	Pop1	Pop2	Pop3	Pop4	Pop5	Pop6	
Pop0	
Pop1	0.511	
Pop2	0.587	0.553	
Pop3	0.719	0.689	0.703	
Pop4	0.536	0.503	0.424	0.651	
Pop5	0.668	0.636	0.660	0.730	0.605	
Pop6	0.495	0.515	0.586	0.717	0.524	0.660	
Pop7	0.634	0.597	0.398	0.747	0.458	0.703	0.632	
CV error (K=8): 1.05852
Writing output files.
