mkdir: cannot create directory ‘/dss/dsslegfs01/pr53da/pr53da-dss-0021/projects/2023__MigratoryGenomics/analyses/divergence’: File exists
mkdir: cannot create directory ‘/dss/dsslegfs01/pr53da/pr53da-dss-0021/projects/2023__MigratoryGenomics/analyses/divergence/work’: File exists
mkdir: cannot create directory ‘/dss/dsslegfs01/pr53da/pr53da-dss-0021/projects/2023__MigratoryGenomics/analyses/divergence/out’: File exists
chr_20 working on 25000 window with 10000 missing sites max

Starting 5 worker threads

21 windows queued, 16 results received, 14 results written.

39 windows queued, 34 results received, 33 results written.

55 windows queued, 50 results received, 49 results written.

71 windows queued, 66 results received, 65 results written.

88 windows queued, 83 results received, 82 results written.

103 windows queued, 98 results received, 97 results written.

119 windows queued, 115 results received, 113 results written.

138 windows queued, 133 results received, 132 results written.

154 windows queued, 149 results received, 148 results written.

171 windows queued, 166 results received, 165 results written.

189 windows queued, 184 results received, 183 results written.

209 windows queued, 205 results received, 202 results written.

228 windows queued, 223 results received, 222 results written.

246 windows queued, 242 results received, 241 results written.

261 windows queued, 256 results received, 255 results written.

277 windows queued, 273 results received, 272 results written.

293 windows queued, 288 results received, 287 results written.

310 windows queued, 305 results received, 304 results written.

328 windows queued, 323 results received, 322 results written.

346 windows queued, 341 results received, 340 results written.

362 windows queued, 357 results received, 356 results written.

376 windows queued, 371 results received, 370 results written.

392 windows queued, 387 results received, 386 results written.

406 windows queued, 401 results received, 400 results written.

421 windows queued, 416 results received, 415 results written.

437 windows queued, 432 results received, 431 results written.

451 windows queued, 446 results received, 445 results written.

467 windows queued, 462 results received, 461 results written.

483 windows queued, 478 results received, 477 results written.

498 windows queued, 494 results received, 493 results written.

Waiting for all threads to finish
503 windows were tested.
501 results were written.

Done.
