mkdir: cannot create directory ‘/dss/dsslegfs01/pr53da/pr53da-dss-0021/projects/2023__MigratoryGenomics/analyses/divergence’: File exists
mkdir: cannot create directory ‘/dss/dsslegfs01/pr53da/pr53da-dss-0021/projects/2023__MigratoryGenomics/analyses/divergence/work’: File exists
mkdir: cannot create directory ‘/dss/dsslegfs01/pr53da/pr53da-dss-0021/projects/2023__MigratoryGenomics/analyses/divergence/out’: File exists
chr_25 working on 25000 window with 10000 missing sites max

Starting 5 worker threads

22 windows queued, 17 results received, 16 results written.

42 windows queued, 37 results received, 37 results written.

66 windows queued, 61 results received, 60 results written.

92 windows queued, 88 results received, 83 results written.

118 windows queued, 114 results received, 107 results written.

140 windows queued, 136 results received, 129 results written.

158 windows queued, 153 results received, 146 results written.

181 windows queued, 176 results received, 165 results written.

199 windows queued, 194 results received, 183 results written.

218 windows queued, 213 results received, 199 results written.

254 windows queued, 249 results received, 217 results written.

272 windows queued, 267 results received, 235 results written.

289 windows queued, 284 results received, 252 results written.

Waiting for all threads to finish
309 windows were tested.
265 results were written.

Done.
