mkdir: cannot create directory ‘/dss/dsslegfs01/pr53da/pr53da-dss-0021/projects/2023__MigratoryGenomics/analyses/divergence’: File exists
mkdir: cannot create directory ‘/dss/dsslegfs01/pr53da/pr53da-dss-0021/projects/2023__MigratoryGenomics/analyses/divergence/work’: File exists
mkdir: cannot create directory ‘/dss/dsslegfs01/pr53da/pr53da-dss-0021/projects/2023__MigratoryGenomics/analyses/divergence/out’: File exists
chr_18 working on 25000 window with 10000 missing sites max

Starting 5 worker threads

22 windows queued, 17 results received, 17 results written.

44 windows queued, 39 results received, 38 results written.

65 windows queued, 60 results received, 59 results written.

81 windows queued, 76 results received, 74 results written.

100 windows queued, 95 results received, 94 results written.

117 windows queued, 112 results received, 111 results written.

137 windows queued, 132 results received, 130 results written.

156 windows queued, 153 results received, 151 results written.

174 windows queued, 169 results received, 167 results written.

192 windows queued, 187 results received, 184 results written.

210 windows queued, 206 results received, 204 results written.

228 windows queued, 223 results received, 221 results written.

246 windows queued, 241 results received, 238 results written.

267 windows queued, 262 results received, 260 results written.

287 windows queued, 282 results received, 279 results written.

306 windows queued, 301 results received, 299 results written.

328 windows queued, 323 results received, 318 results written.

348 windows queued, 344 results received, 338 results written.

365 windows queued, 360 results received, 355 results written.

380 windows queued, 376 results received, 369 results written.

400 windows queued, 395 results received, 386 results written.

416 windows queued, 411 results received, 401 results written.

433 windows queued, 428 results received, 416 results written.

448 windows queued, 443 results received, 431 results written.

463 windows queued, 458 results received, 446 results written.

481 windows queued, 477 results received, 465 results written.

496 windows queued, 491 results received, 479 results written.

510 windows queued, 505 results received, 493 results written.

524 windows queued, 519 results received, 507 results written.

540 windows queued, 535 results received, 523 results written.

Waiting for all threads to finish
543 windows were tested.
530 results were written.

Done.
