mkdir: cannot create directory ‘/dss/dsslegfs01/pr53da/pr53da-dss-0021/projects/2023__MigratoryGenomics/analyses/divergence’: File exists
mkdir: cannot create directory ‘/dss/dsslegfs01/pr53da/pr53da-dss-0021/projects/2023__MigratoryGenomics/analyses/divergence/work’: File exists
mkdir: cannot create directory ‘/dss/dsslegfs01/pr53da/pr53da-dss-0021/projects/2023__MigratoryGenomics/analyses/divergence/out’: File exists
chr_17 working on 25000 window with 10000 missing sites max

Starting 5 worker threads

17 windows queued, 13 results received, 11 results written.

31 windows queued, 26 results received, 25 results written.

45 windows queued, 40 results received, 39 results written.

59 windows queued, 54 results received, 53 results written.

73 windows queued, 68 results received, 67 results written.

85 windows queued, 80 results received, 79 results written.

99 windows queued, 94 results received, 93 results written.

115 windows queued, 110 results received, 109 results written.

130 windows queued, 125 results received, 124 results written.

145 windows queued, 140 results received, 139 results written.

161 windows queued, 157 results received, 156 results written.

177 windows queued, 172 results received, 171 results written.

194 windows queued, 189 results received, 188 results written.

212 windows queued, 207 results received, 206 results written.

231 windows queued, 226 results received, 225 results written.

249 windows queued, 244 results received, 243 results written.

271 windows queued, 266 results received, 265 results written.

292 windows queued, 288 results received, 287 results written.

313 windows queued, 308 results received, 306 results written.

331 windows queued, 327 results received, 325 results written.

351 windows queued, 346 results received, 344 results written.

373 windows queued, 368 results received, 365 results written.

394 windows queued, 389 results received, 387 results written.

414 windows queued, 409 results received, 407 results written.

436 windows queued, 432 results received, 427 results written.

459 windows queued, 454 results received, 449 results written.

479 windows queued, 474 results received, 469 results written.

502 windows queued, 497 results received, 492 results written.

522 windows queued, 517 results received, 512 results written.

539 windows queued, 534 results received, 529 results written.

556 windows queued, 551 results received, 546 results written.

577 windows queued, 572 results received, 567 results written.

596 windows queued, 591 results received, 586 results written.

615 windows queued, 610 results received, 605 results written.

Waiting for all threads to finish
625 windows were tested.
618 results were written.

Done.
