mkdir: cannot create directory ‘/dss/dsslegfs01/pr53da/pr53da-dss-0021/projects/2023__MigratoryGenomics/analyses/divergence’: File exists
mkdir: cannot create directory ‘/dss/dsslegfs01/pr53da/pr53da-dss-0021/projects/2023__MigratoryGenomics/analyses/divergence/work’: File exists
mkdir: cannot create directory ‘/dss/dsslegfs01/pr53da/pr53da-dss-0021/projects/2023__MigratoryGenomics/analyses/divergence/out’: File exists
chr_27 working on 25000 window with 10000 missing sites max

Starting 5 worker threads
/dss/dsshome1/lxc07/di39dux/modules/genomics_general/genomics.py:631: RuntimeWarning: invalid value encountered in scalar divide
  D = d / np.sqrt(e1*S + e2*S*(S-1))
/dss/dsshome1/lxc07/di39dux/modules/genomics_general/genomics.py:979: RuntimeWarning: invalid value encountered in scalar divide
  output["Fst_" + pops[x] + "_" + pops[y]] = output["Fst_" + pops[y] + "_" + pops[x]] = 1 - pi_s/pi_t
/dss/dsshome1/lxc07/di39dux/modules/genomics_general/genomics.py:631: RuntimeWarning: invalid value encountered in scalar divide
  D = d / np.sqrt(e1*S + e2*S*(S-1))

23 windows queued, 18 results received, 17 results written.

53 windows queued, 48 results received, 36 results written.

74 windows queued, 69 results received, 55 results written.

94 windows queued, 89 results received, 73 results written.

114 windows queued, 109 results received, 93 results written.

136 windows queued, 131 results received, 115 results written.

157 windows queued, 153 results received, 137 results written.

176 windows queued, 171 results received, 154 results written.

194 windows queued, 189 results received, 171 results written.

212 windows queued, 208 results received, 190 results written.

233 windows queued, 228 results received, 205 results written.

252 windows queued, 247 results received, 226 results written.

271 windows queued, 266 results received, 244 results written.

Waiting for all threads to finish
284 windows were tested.
261 results were written.

Done.
