mkdir: cannot create directory ‘/dss/dsslegfs01/pr53da/pr53da-dss-0021/projects/2023__MigratoryGenomics/analyses/divergence’: File exists
mkdir: cannot create directory ‘/dss/dsslegfs01/pr53da/pr53da-dss-0021/projects/2023__MigratoryGenomics/analyses/divergence/work’: File exists
mkdir: cannot create directory ‘/dss/dsslegfs01/pr53da/pr53da-dss-0021/projects/2023__MigratoryGenomics/analyses/divergence/out’: File exists
chr_3 working on 25000 window with 10000 missing sites max

Starting 5 worker threads

19 windows queued, 14 results received, 14 results written.

37 windows queued, 32 results received, 32 results written.

57 windows queued, 52 results received, 52 results written.

77 windows queued, 72 results received, 72 results written.

98 windows queued, 93 results received, 93 results written.

119 windows queued, 116 results received, 116 results written.

139 windows queued, 135 results received, 135 results written.

161 windows queued, 156 results received, 156 results written.

182 windows queued, 177 results received, 176 results written.

202 windows queued, 197 results received, 197 results written.

221 windows queued, 217 results received, 217 results written.

242 windows queued, 237 results received, 236 results written.

262 windows queued, 257 results received, 257 results written.

283 windows queued, 278 results received, 278 results written.

302 windows queued, 298 results received, 298 results written.

321 windows queued, 316 results received, 315 results written.

340 windows queued, 335 results received, 334 results written.

360 windows queued, 355 results received, 354 results written.

378 windows queued, 373 results received, 372 results written.

397 windows queued, 392 results received, 391 results written.

417 windows queued, 413 results received, 412 results written.

437 windows queued, 432 results received, 430 results written.

454 windows queued, 449 results received, 447 results written.

475 windows queued, 470 results received, 468 results written.

493 windows queued, 488 results received, 485 results written.

512 windows queued, 507 results received, 504 results written.

531 windows queued, 526 results received, 523 results written.

548 windows queued, 543 results received, 541 results written.

566 windows queued, 561 results received, 559 results written.

583 windows queued, 578 results received, 576 results written.

601 windows queued, 596 results received, 594 results written.

617 windows queued, 613 results received, 610 results written.

635 windows queued, 630 results received, 628 results written.

653 windows queued, 648 results received, 646 results written.

672 windows queued, 667 results received, 665 results written.

690 windows queued, 685 results received, 683 results written.

706 windows queued, 703 results received, 701 results written.

724 windows queued, 719 results received, 716 results written.

742 windows queued, 737 results received, 735 results written.

759 windows queued, 754 results received, 752 results written.

776 windows queued, 771 results received, 769 results written.

793 windows queued, 788 results received, 786 results written.

811 windows queued, 807 results received, 805 results written.

828 windows queued, 823 results received, 821 results written.

845 windows queued, 841 results received, 839 results written.

865 windows queued, 860 results received, 858 results written.

880 windows queued, 875 results received, 873 results written.

899 windows queued, 894 results received, 891 results written.

918 windows queued, 913 results received, 910 results written.

934 windows queued, 929 results received, 925 results written.

950 windows queued, 945 results received, 942 results written.

968 windows queued, 963 results received, 960 results written.

985 windows queued, 980 results received, 977 results written.

1002 windows queued, 997 results received, 993 results written.

1021 windows queued, 1016 results received, 1013 results written.

1038 windows queued, 1033 results received, 1030 results written.

1055 windows queued, 1050 results received, 1047 results written.

1072 windows queued, 1067 results received, 1064 results written.

1090 windows queued, 1085 results received, 1082 results written.

1107 windows queued, 1102 results received, 1099 results written.

1124 windows queued, 1119 results received, 1116 results written.

1142 windows queued, 1137 results received, 1133 results written.

1160 windows queued, 1156 results received, 1153 results written.

1176 windows queued, 1172 results received, 1168 results written.

1194 windows queued, 1189 results received, 1186 results written.

1210 windows queued, 1205 results received, 1202 results written.

1227 windows queued, 1223 results received, 1219 results written.

1243 windows queued, 1238 results received, 1235 results written.

1261 windows queued, 1256 results received, 1251 results written.

1279 windows queued, 1274 results received, 1271 results written.

1296 windows queued, 1291 results received, 1287 results written.

1314 windows queued, 1310 results received, 1307 results written.

1332 windows queued, 1327 results received, 1323 results written.

1348 windows queued, 1343 results received, 1340 results written.

1365 windows queued, 1360 results received, 1357 results written.

1383 windows queued, 1378 results received, 1375 results written.

1401 windows queued, 1396 results received, 1393 results written.

1420 windows queued, 1415 results received, 1411 results written.

1437 windows queued, 1432 results received, 1428 results written.

1455 windows queued, 1450 results received, 1446 results written.

1472 windows queued, 1467 results received, 1462 results written.

1490 windows queued, 1485 results received, 1481 results written.

1507 windows queued, 1502 results received, 1498 results written.

1524 windows queued, 1521 results received, 1517 results written.

1541 windows queued, 1537 results received, 1532 results written.

1558 windows queued, 1554 results received, 1549 results written.

1577 windows queued, 1572 results received, 1568 results written.

1594 windows queued, 1590 results received, 1586 results written.

1612 windows queued, 1607 results received, 1603 results written.

1629 windows queued, 1624 results received, 1620 results written.

1646 windows queued, 1641 results received, 1636 results written.

1663 windows queued, 1658 results received, 1654 results written.

1680 windows queued, 1675 results received, 1670 results written.

1698 windows queued, 1693 results received, 1689 results written.

1715 windows queued, 1710 results received, 1706 results written.

1733 windows queued, 1728 results received, 1723 results written.

1749 windows queued, 1744 results received, 1740 results written.

1767 windows queued, 1762 results received, 1758 results written.

1786 windows queued, 1781 results received, 1775 results written.

1804 windows queued, 1799 results received, 1795 results written.

1821 windows queued, 1816 results received, 1812 results written.

1838 windows queued, 1833 results received, 1829 results written.

1856 windows queued, 1851 results received, 1847 results written.

1874 windows queued, 1869 results received, 1864 results written.

1891 windows queued, 1886 results received, 1881 results written.

1910 windows queued, 1905 results received, 1899 results written.

1928 windows queued, 1923 results received, 1918 results written.

1945 windows queued, 1940 results received, 1935 results written.

1960 windows queued, 1955 results received, 1949 results written.

1979 windows queued, 1974 results received, 1969 results written.

1997 windows queued, 1992 results received, 1986 results written.

2015 windows queued, 2010 results received, 2004 results written.

2034 windows queued, 2029 results received, 2023 results written.

2052 windows queued, 2048 results received, 2042 results written.

2070 windows queued, 2065 results received, 2059 results written.

2087 windows queued, 2082 results received, 2077 results written.

2104 windows queued, 2100 results received, 2095 results written.

2121 windows queued, 2116 results received, 2111 results written.

2139 windows queued, 2134 results received, 2129 results written.

2157 windows queued, 2153 results received, 2147 results written.

2175 windows queued, 2170 results received, 2165 results written.

2194 windows queued, 2189 results received, 2184 results written.

2212 windows queued, 2207 results received, 2202 results written.

2229 windows queued, 2224 results received, 2219 results written.

2245 windows queued, 2240 results received, 2234 results written.

2262 windows queued, 2257 results received, 2251 results written.

2280 windows queued, 2275 results received, 2269 results written.

2297 windows queued, 2292 results received, 2287 results written.

2315 windows queued, 2310 results received, 2304 results written.

2332 windows queued, 2328 results received, 2323 results written.

2350 windows queued, 2345 results received, 2340 results written.

2369 windows queued, 2364 results received, 2358 results written.

2386 windows queued, 2381 results received, 2375 results written.

2406 windows queued, 2401 results received, 2394 results written.

2422 windows queued, 2417 results received, 2410 results written.

2440 windows queued, 2435 results received, 2427 results written.

2457 windows queued, 2452 results received, 2445 results written.

2476 windows queued, 2471 results received, 2464 results written.

2493 windows queued, 2488 results received, 2481 results written.

2511 windows queued, 2507 results received, 2500 results written.

2529 windows queued, 2524 results received, 2516 results written.

2547 windows queued, 2542 results received, 2535 results written.

2564 windows queued, 2559 results received, 2552 results written.

2582 windows queued, 2577 results received, 2570 results written.

2598 windows queued, 2593 results received, 2586 results written.

2616 windows queued, 2611 results received, 2604 results written.

2632 windows queued, 2627 results received, 2620 results written.

2650 windows queued, 2645 results received, 2637 results written.

2671 windows queued, 2666 results received, 2659 results written.

2690 windows queued, 2685 results received, 2677 results written.

2710 windows queued, 2705 results received, 2695 results written.

2728 windows queued, 2723 results received, 2713 results written.

2745 windows queued, 2742 results received, 2732 results written.

2763 windows queued, 2758 results received, 2747 results written.

2779 windows queued, 2774 results received, 2764 results written.

2795 windows queued, 2791 results received, 2781 results written.

2813 windows queued, 2809 results received, 2799 results written.

2830 windows queued, 2825 results received, 2815 results written.

2848 windows queued, 2843 results received, 2833 results written.

2867 windows queued, 2862 results received, 2852 results written.

2883 windows queued, 2879 results received, 2868 results written.

2900 windows queued, 2896 results received, 2886 results written.

2917 windows queued, 2912 results received, 2902 results written.

2934 windows queued, 2929 results received, 2918 results written.

2951 windows queued, 2946 results received, 2936 results written.

2970 windows queued, 2965 results received, 2954 results written.

2986 windows queued, 2981 results received, 2971 results written.

3007 windows queued, 3002 results received, 2992 results written.

3024 windows queued, 3019 results received, 3009 results written.

3042 windows queued, 3038 results received, 3028 results written.

3060 windows queued, 3055 results received, 3045 results written.

3079 windows queued, 3074 results received, 3064 results written.

3095 windows queued, 3091 results received, 3076 results written.

3110 windows queued, 3105 results received, 3092 results written.

3124 windows queued, 3119 results received, 3106 results written.

3138 windows queued, 3133 results received, 3120 results written.

3152 windows queued, 3147 results received, 3134 results written.

3165 windows queued, 3160 results received, 3147 results written.

3179 windows queued, 3174 results received, 3161 results written.

3192 windows queued, 3187 results received, 3174 results written.

3207 windows queued, 3202 results received, 3189 results written.

3223 windows queued, 3218 results received, 3205 results written.

3235 windows queued, 3230 results received, 3217 results written.

3250 windows queued, 3245 results received, 3232 results written.

3263 windows queued, 3258 results received, 3245 results written.

3278 windows queued, 3273 results received, 3260 results written.

3293 windows queued, 3288 results received, 3275 results written.

3306 windows queued, 3303 results received, 3290 results written.

3321 windows queued, 3316 results received, 3303 results written.

3335 windows queued, 3330 results received, 3317 results written.

3349 windows queued, 3344 results received, 3331 results written.

3362 windows queued, 3358 results received, 3345 results written.

3375 windows queued, 3371 results received, 3358 results written.

3390 windows queued, 3385 results received, 3372 results written.

3406 windows queued, 3401 results received, 3388 results written.

3419 windows queued, 3414 results received, 3401 results written.

3433 windows queued, 3428 results received, 3415 results written.

3445 windows queued, 3440 results received, 3427 results written.

3459 windows queued, 3454 results received, 3441 results written.

3472 windows queued, 3467 results received, 3454 results written.

3487 windows queued, 3482 results received, 3469 results written.

3500 windows queued, 3497 results received, 3482 results written.

3513 windows queued, 3509 results received, 3496 results written.

3530 windows queued, 3525 results received, 3511 results written.

3546 windows queued, 3541 results received, 3525 results written.

3561 windows queued, 3556 results received, 3540 results written.

3575 windows queued, 3570 results received, 3554 results written.

3589 windows queued, 3584 results received, 3568 results written.

3604 windows queued, 3599 results received, 3583 results written.

3617 windows queued, 3612 results received, 3596 results written.

3631 windows queued, 3626 results received, 3610 results written.

3645 windows queued, 3640 results received, 3624 results written.

3662 windows queued, 3658 results received, 3639 results written.

3676 windows queued, 3671 results received, 3652 results written.

3691 windows queued, 3686 results received, 3667 results written.

3704 windows queued, 3699 results received, 3680 results written.

3716 windows queued, 3711 results received, 3692 results written.

3730 windows queued, 3725 results received, 3706 results written.

3782 windows queued, 3777 results received, 3719 results written.

3797 windows queued, 3792 results received, 3734 results written.

3809 windows queued, 3804 results received, 3746 results written.

3823 windows queued, 3818 results received, 3760 results written.

3838 windows queued, 3833 results received, 3775 results written.

3855 windows queued, 3851 results received, 3793 results written.

3868 windows queued, 3863 results received, 3805 results written.

3882 windows queued, 3877 results received, 3819 results written.

3897 windows queued, 3892 results received, 3834 results written.

3911 windows queued, 3907 results received, 3849 results written.

3924 windows queued, 3920 results received, 3862 results written.

3938 windows queued, 3933 results received, 3875 results written.

3952 windows queued, 3948 results received, 3890 results written.

3965 windows queued, 3960 results received, 3902 results written.

3980 windows queued, 3975 results received, 3917 results written.

3995 windows queued, 3990 results received, 3932 results written.

4009 windows queued, 4004 results received, 3946 results written.

4022 windows queued, 4018 results received, 3960 results written.

4035 windows queued, 4030 results received, 3972 results written.

4055 windows queued, 4050 results received, 3987 results written.

4068 windows queued, 4063 results received, 4001 results written.

4083 windows queued, 4079 results received, 4017 results written.

4096 windows queued, 4091 results received, 4029 results written.

4109 windows queued, 4104 results received, 4041 results written.

4123 windows queued, 4118 results received, 4056 results written.

4137 windows queued, 4132 results received, 4070 results written.

4151 windows queued, 4146 results received, 4083 results written.

4165 windows queued, 4160 results received, 4097 results written.

4178 windows queued, 4173 results received, 4111 results written.

4192 windows queued, 4187 results received, 4125 results written.

4204 windows queued, 4199 results received, 4137 results written.

4219 windows queued, 4214 results received, 4152 results written.

4237 windows queued, 4232 results received, 4167 results written.

4251 windows queued, 4246 results received, 4181 results written.

4266 windows queued, 4261 results received, 4196 results written.

4280 windows queued, 4275 results received, 4210 results written.

4294 windows queued, 4289 results received, 4224 results written.

4309 windows queued, 4304 results received, 4239 results written.

4325 windows queued, 4320 results received, 4255 results written.

4342 windows queued, 4337 results received, 4269 results written.

4357 windows queued, 4352 results received, 4284 results written.

4374 windows queued, 4369 results received, 4299 results written.

4387 windows queued, 4382 results received, 4312 results written.

4402 windows queued, 4397 results received, 4327 results written.

4417 windows queued, 4412 results received, 4342 results written.

4430 windows queued, 4425 results received, 4355 results written.

4446 windows queued, 4441 results received, 4371 results written.

4460 windows queued, 4455 results received, 4385 results written.

4476 windows queued, 4471 results received, 4401 results written.

4490 windows queued, 4485 results received, 4415 results written.

4504 windows queued, 4500 results received, 4430 results written.

4521 windows queued, 4516 results received, 4446 results written.

4535 windows queued, 4530 results received, 4460 results written.

4550 windows queued, 4545 results received, 4475 results written.

4564 windows queued, 4559 results received, 4489 results written.

4581 windows queued, 4576 results received, 4506 results written.

4596 windows queued, 4591 results received, 4521 results written.

4611 windows queued, 4606 results received, 4536 results written.

4626 windows queued, 4621 results received, 4551 results written.

4640 windows queued, 4637 results received, 4567 results written.

4655 windows queued, 4651 results received, 4580 results written.

4671 windows queued, 4666 results received, 4596 results written.

4686 windows queued, 4681 results received, 4611 results written.

4701 windows queued, 4697 results received, 4627 results written.

4716 windows queued, 4711 results received, 4641 results written.

4731 windows queued, 4726 results received, 4656 results written.

4745 windows queued, 4740 results received, 4670 results written.

4760 windows queued, 4756 results received, 4684 results written.

4776 windows queued, 4771 results received, 4701 results written.

4791 windows queued, 4786 results received, 4716 results written.

4809 windows queued, 4806 results received, 4736 results written.

4825 windows queued, 4820 results received, 4750 results written.

4840 windows queued, 4835 results received, 4765 results written.

4856 windows queued, 4851 results received, 4781 results written.

4872 windows queued, 4867 results received, 4797 results written.

4887 windows queued, 4882 results received, 4812 results written.

4902 windows queued, 4897 results received, 4827 results written.

Waiting for all threads to finish
4915 windows were tested.
4842 results were written.

Done.
