mkdir: cannot create directory ‘/dss/dsslegfs01/pr53da/pr53da-dss-0021/projects/2023__MigratoryGenomics/analyses/subsampled_n40_vcfs’: File exists
mkdir: cannot create directory ‘/dss/dsslegfs01/pr53da/pr53da-dss-0021/projects/2023__MigratoryGenomics/analyses/subsampled_n40_vcfs/folded’: File exists
mkdir: cannot create directory ‘/dss/dsslegfs01/pr53da/pr53da-dss-0021/projects/2023__MigratoryGenomics/analyses/subsampled_n40_vcfs/unfolded’: File exists
mkdir: cannot create directory ‘/dss/dsslegfs01/pr53da/pr53da-dss-0021/projects/2023__MigratoryGenomics/analyses/subsampled_n40_vcfs/invariant_mm1’: File exists
mkdir: cannot create directory ‘/dss/dsslegfs01/pr53da/pr53da-dss-0021/projects/2023__MigratoryGenomics/analyses/subsampled_n40_vcfs/raw’: File exists
mkdir: cannot create directory ‘/dss/dsslegfs01/pr53da/pr53da-dss-0021/projects/2023__MigratoryGenomics/analyses/subsampled_n40_vcfs/stats’: File exists
PLINK v1.90b7 64-bit (16 Jan 2023)             www.cog-genomics.org/plink/1.9/
(C) 2005-2023 Shaun Purcell, Christopher Chang   GNU General Public License v3
Logging to /dss/dsslegfs01/pr53da/pr53da-dss-0021/projects/2023__MigratoryGenomics/analyses/subsampled_n40_vcfs/merged/n40/plink/Autosomes_Folded_snpsN40.MQ-5X-MM1-Neutral-NonRepetitive-MAF5-LDr2w50.log.
Options in effect:
  --allow-extra-chr
  --chr-set 29
  --make-bed
  --out /dss/dsslegfs01/pr53da/pr53da-dss-0021/projects/2023__MigratoryGenomics/analyses/subsampled_n40_vcfs/merged/n40/plink/Autosomes_Folded_snpsN40.MQ-5X-MM1-Neutral-NonRepetitive-MAF5-LDr2w50
  --pca
  --set-missing-var-ids @:#
  --threads 5
  --vcf /dss/dsslegfs01/pr53da/pr53da-dss-0021/projects/2023__MigratoryGenomics/analyses/subsampled_n40_vcfs/merged/n40/Autosomes_Folded_snpsN40.MQ-5X-MM1-Neutral-NonRepetitive-MAF5-LDr2w50.vcf.gz

386454 MB RAM detected; reserving 193227 MB for main workspace.
Error: Multiple instances of '_' in sample ID.
If you do not want '_' to be treated as a FID/IID delimiter, use --double-id or
--const-fid to choose a different method of converting VCF sample IDs to PLINK
IDs, or --id-delim to change the FID/IID delimiter.
PLINK v1.90b7 64-bit (16 Jan 2023)             www.cog-genomics.org/plink/1.9/
(C) 2005-2023 Shaun Purcell, Christopher Chang   GNU General Public License v3
Logging to /dss/dsslegfs01/pr53da/pr53da-dss-0021/projects/2023__MigratoryGenomics/analyses/subsampled_n40_vcfs/merged/n40/plink/Autosomes_Unfolded_snpsN40.MQ-5X-MM1-Neutral-NonRepetitive-AA-MAF5-LDr2w50.log.
Options in effect:
  --allow-extra-chr
  --chr-set 29
  --make-bed
  --out /dss/dsslegfs01/pr53da/pr53da-dss-0021/projects/2023__MigratoryGenomics/analyses/subsampled_n40_vcfs/merged/n40/plink/Autosomes_Unfolded_snpsN40.MQ-5X-MM1-Neutral-NonRepetitive-AA-MAF5-LDr2w50
  --pca
  --set-missing-var-ids @:#
  --threads 5
  --vcf /dss/dsslegfs01/pr53da/pr53da-dss-0021/projects/2023__MigratoryGenomics/analyses/subsampled_n40_vcfs/merged/n40/Autosomes_Unfolded_snpsN40.MQ-5X-MM1-Neutral-NonRepetitive-AA-MAF5-LDr2w50.vcf.gz

386454 MB RAM detected; reserving 193227 MB for main workspace.
Error: Multiple instances of '_' in sample ID.
If you do not want '_' to be treated as a FID/IID delimiter, use --double-id or
--const-fid to choose a different method of converting VCF sample IDs to PLINK
IDs, or --id-delim to change the FID/IID delimiter.
Checking the headers and starting positions of 2 files
Writing to /dss/dsslegfs01/pr53da/pr53da-dss-0021/projects/2021__Cuckoo_Resequencing/tmp/bcftools.bBx5oU
Merging 643 temporary files
Cleaning
Done
