****                   ADMIXTURE Version 1.3.0                  ****
****                    Copyright 2008-2015                     ****
****           David Alexander, Suyash Shringarpure,            ****
****                John  Novembre, Ken Lange                   ****
****                                                            ****
****                 Please cite our paper!                     ****
****   Information at www.genetics.ucla.edu/software/admixture  ****

Parallel execution requested.  Will use 7 threads.
Cross-validation will be performed.  Folds=5.
Random seed: 43
Point estimation method: Block relaxation algorithm
Convergence acceleration algorithm: QuasiNewton, 3 secant conditions
Point estimation will terminate when objective function delta < 0.0001
Estimation of standard errors disabled; will compute point estimates only.
Size of G: 231x1401812
Performing five EM steps to prime main algorithm
1 (EM) 	Elapsed: 44.232	Loglikelihood: -2.58967e+08	(delta): 1.7625e+08
2 (EM) 	Elapsed: 42.942	Loglikelihood: -2.48434e+08	(delta): 1.05326e+07
3 (EM) 	Elapsed: 43.23	Loglikelihood: -2.46428e+08	(delta): 2.00659e+06
4 (EM) 	Elapsed: 43.238	Loglikelihood: -2.45249e+08	(delta): 1.17846e+06
5 (EM) 	Elapsed: 42.954	Loglikelihood: -2.44327e+08	(delta): 921954
Initial loglikelihood: -2.44327e+08
Starting main algorithm
1 (QN/Block) 	Elapsed: 109.986	Loglikelihood: -2.33919e+08	(delta): 1.04084e+07
2 (QN/Block) 	Elapsed: 111.019	Loglikelihood: -2.32022e+08	(delta): 1.89697e+06
3 (QN/Block) 	Elapsed: 114.504	Loglikelihood: -2.31088e+08	(delta): 933507
4 (QN/Block) 	Elapsed: 120.174	Loglikelihood: -2.30268e+08	(delta): 820222
5 (QN/Block) 	Elapsed: 112.498	Loglikelihood: -2.29707e+08	(delta): 561301
6 (QN/Block) 	Elapsed: 113.614	Loglikelihood: -2.29374e+08	(delta): 332672
7 (QN/Block) 	Elapsed: 113.914	Loglikelihood: -2.29174e+08	(delta): 199950
8 (QN/Block) 	Elapsed: 118.383	Loglikelihood: -2.29032e+08	(delta): 141710
9 (QN/Block) 	Elapsed: 112.796	Loglikelihood: -2.28946e+08	(delta): 86721.9
10 (QN/Block) 	Elapsed: 112.557	Loglikelihood: -2.28877e+08	(delta): 68764.1
11 (QN/Block) 	Elapsed: 114.042	Loglikelihood: -2.28836e+08	(delta): 40536.4
12 (QN/Block) 	Elapsed: 114.555	Loglikelihood: -2.28819e+08	(delta): 17899.6
13 (QN/Block) 	Elapsed: 114.639	Loglikelihood: -2.28808e+08	(delta): 10403.1
14 (QN/Block) 	Elapsed: 112.238	Loglikelihood: -2.288e+08	(delta): 8127.8
15 (QN/Block) 	Elapsed: 116.67	Loglikelihood: -2.28792e+08	(delta): 7983.61
16 (QN/Block) 	Elapsed: 116.951	Loglikelihood: -2.28785e+08	(delta): 6785.38
17 (QN/Block) 	Elapsed: 116.898	Loglikelihood: -2.28779e+08	(delta): 6454.05
18 (QN/Block) 	Elapsed: 118.048	Loglikelihood: -2.28776e+08	(delta): 2302
19 (QN/Block) 	Elapsed: 118.61	Loglikelihood: -2.28776e+08	(delta): 580.907
20 (QN/Block) 	Elapsed: 118.548	Loglikelihood: -2.28775e+08	(delta): 795.583
21 (QN/Block) 	Elapsed: 118.733	Loglikelihood: -2.28774e+08	(delta): 1365.71
22 (QN/Block) 	Elapsed: 116.309	Loglikelihood: -2.28772e+08	(delta): 2160.87
23 (QN/Block) 	Elapsed: 116.102	Loglikelihood: -2.28771e+08	(delta): 510.206
24 (QN/Block) 	Elapsed: 114.872	Loglikelihood: -2.28771e+08	(delta): 99.9965
25 (QN/Block) 	Elapsed: 114.39	Loglikelihood: -2.28771e+08	(delta): 144.671
26 (QN/Block) 	Elapsed: 115.503	Loglikelihood: -2.28771e+08	(delta): 196.031
27 (QN/Block) 	Elapsed: 116.056	Loglikelihood: -2.2877e+08	(delta): 252.77
28 (QN/Block) 	Elapsed: 115.488	Loglikelihood: -2.2877e+08	(delta): 427.268
29 (QN/Block) 	Elapsed: 115.402	Loglikelihood: -2.28769e+08	(delta): 1035.69
30 (QN/Block) 	Elapsed: 115.134	Loglikelihood: -2.28766e+08	(delta): 2417.14
31 (QN/Block) 	Elapsed: 114.192	Loglikelihood: -2.28763e+08	(delta): 3376.21
32 (QN/Block) 	Elapsed: 113.294	Loglikelihood: -2.28759e+08	(delta): 4561.6
33 (QN/Block) 	Elapsed: 115.321	Loglikelihood: -2.28746e+08	(delta): 12994.4
34 (QN/Block) 	Elapsed: 114.247	Loglikelihood: -2.28741e+08	(delta): 4517.25
35 (QN/Block) 	Elapsed: 112.304	Loglikelihood: -2.2874e+08	(delta): 1094.7
36 (QN/Block) 	Elapsed: 112.389	Loglikelihood: -2.2874e+08	(delta): 136.273
37 (QN/Block) 	Elapsed: 112.071	Loglikelihood: -2.2874e+08	(delta): 21.2834
38 (QN/Block) 	Elapsed: 112.378	Loglikelihood: -2.2874e+08	(delta): 21.8064
39 (QN/Block) 	Elapsed: 112.011	Loglikelihood: -2.2874e+08	(delta): 18.4631
40 (QN/Block) 	Elapsed: 114.915	Loglikelihood: -2.2874e+08	(delta): 12.7166
41 (QN/Block) 	Elapsed: 115.154	Loglikelihood: -2.2874e+08	(delta): 19.4225
42 (QN/Block) 	Elapsed: 115.627	Loglikelihood: -2.2874e+08	(delta): 33.2987
43 (QN/Block) 	Elapsed: 113.965	Loglikelihood: -2.2874e+08	(delta): 63.4044
44 (QN/Block) 	Elapsed: 112.924	Loglikelihood: -2.28739e+08	(delta): 136.165
45 (QN/Block) 	Elapsed: 114.709	Loglikelihood: -2.28739e+08	(delta): 329.079
46 (QN/Block) 	Elapsed: 113.727	Loglikelihood: -2.28739e+08	(delta): 506.217
47 (QN/Block) 	Elapsed: 114.108	Loglikelihood: -2.28739e+08	(delta): 4.86303
48 (QN/Block) 	Elapsed: 111.084	Loglikelihood: -2.28739e+08	(delta): 1.97882
49 (QN/Block) 	Elapsed: 109.704	Loglikelihood: -2.28739e+08	(delta): 0.682182
50 (QN/Block) 	Elapsed: 114.286	Loglikelihood: -2.28739e+08	(delta): 0.446972
51 (QN/Block) 	Elapsed: 114.51	Loglikelihood: -2.28739e+08	(delta): 0.134283
52 (QN/Block) 	Elapsed: 114.588	Loglikelihood: -2.28739e+08	(delta): 0.440089
53 (QN/Block) 	Elapsed: 115.503	Loglikelihood: -2.28739e+08	(delta): 0.0611745
54 (QN/Block) 	Elapsed: 113.396	Loglikelihood: -2.28739e+08	(delta): 0.109981
55 (QN/Block) 	Elapsed: 111.198	Loglikelihood: -2.28739e+08	(delta): 0.0129983
56 (QN/Block) 	Elapsed: 110.433	Loglikelihood: -2.28739e+08	(delta): 0.0159644
57 (QN/Block) 	Elapsed: 111.625	Loglikelihood: -2.28739e+08	(delta): 0.00143355
58 (QN/Block) 	Elapsed: 110.639	Loglikelihood: -2.28739e+08	(delta): 0.00128546
59 (QN/Block) 	Elapsed: 112.756	Loglikelihood: -2.28739e+08	(delta): 0.00017339
60 (QN/Block) 	Elapsed: 111.53	Loglikelihood: -2.28739e+08	(delta): 0.00012508
61 (QN/Block) 	Elapsed: 110.342	Loglikelihood: -2.28739e+08	(delta): 4.33624e-05
Summary: 
Converged in 61 iterations (7261.59 sec)
Loglikelihood: -228738618.653443
Fst divergences between estimated populations: 
	Pop0	Pop1	Pop2	Pop3	Pop4	Pop5	Pop6	Pop7	Pop8	
Pop0	
Pop1	0.142	
Pop2	0.118	0.172	
Pop3	0.088	0.146	0.128	
Pop4	0.113	0.120	0.141	0.111	
Pop5	0.107	0.115	0.135	0.106	0.049	
Pop6	0.116	0.125	0.145	0.115	0.069	0.053	
Pop7	0.099	0.130	0.127	0.104	0.104	0.098	0.107	
Pop8	0.114	0.131	0.144	0.118	0.069	0.060	0.074	0.108	
Pop9	0.057	0.115	0.091	0.065	0.085	0.080	0.088	0.068	0.088	
CV error (K=10): 0.55032
Writing output files.
