****                   ADMIXTURE Version 1.3.0                  ****
****                    Copyright 2008-2015                     ****
****           David Alexander, Suyash Shringarpure,            ****
****                John  Novembre, Ken Lange                   ****
****                                                            ****
****                 Please cite our paper!                     ****
****   Information at www.genetics.ucla.edu/software/admixture  ****

Parallel execution requested.  Will use 7 threads.
Cross-validation will be performed.  Folds=5.
Random seed: 43
Point estimation method: Block relaxation algorithm
Convergence acceleration algorithm: QuasiNewton, 3 secant conditions
Point estimation will terminate when objective function delta < 0.0001
Estimation of standard errors disabled; will compute point estimates only.
Size of G: 261x1636213
Performing five EM steps to prime main algorithm
1 (EM) 	Elapsed: 24.339	Loglikelihood: -3.451e+08	(delta): 3.67869e+08
2 (EM) 	Elapsed: 24.243	Loglikelihood: -3.33836e+08	(delta): 1.12648e+07
3 (EM) 	Elapsed: 24.147	Loglikelihood: -3.31256e+08	(delta): 2.57965e+06
4 (EM) 	Elapsed: 24.313	Loglikelihood: -3.30083e+08	(delta): 1.17246e+06
5 (EM) 	Elapsed: 24.471	Loglikelihood: -3.29525e+08	(delta): 558351
Initial loglikelihood: -3.29525e+08
Starting main algorithm
1 (QN/Block) 	Elapsed: 60.288	Loglikelihood: -3.2053e+08	(delta): 8.9951e+06
2 (QN/Block) 	Elapsed: 58.631	Loglikelihood: -3.13303e+08	(delta): 7.22678e+06
3 (QN/Block) 	Elapsed: 60.742	Loglikelihood: -3.11169e+08	(delta): 2.13445e+06
4 (QN/Block) 	Elapsed: 60.864	Loglikelihood: -3.0822e+08	(delta): 2.94906e+06
5 (QN/Block) 	Elapsed: 63.214	Loglikelihood: -3.06695e+08	(delta): 1.52438e+06
6 (QN/Block) 	Elapsed: 62.054	Loglikelihood: -3.06399e+08	(delta): 296689
7 (QN/Block) 	Elapsed: 65.766	Loglikelihood: -3.06242e+08	(delta): 157095
8 (QN/Block) 	Elapsed: 69.416	Loglikelihood: -3.06219e+08	(delta): 22658.2
9 (QN/Block) 	Elapsed: 65.543	Loglikelihood: -3.06218e+08	(delta): 637.775
10 (QN/Block) 	Elapsed: 61.54	Loglikelihood: -3.06218e+08	(delta): 141.079
11 (QN/Block) 	Elapsed: 62.704	Loglikelihood: -3.06218e+08	(delta): 25.4753
12 (QN/Block) 	Elapsed: 65.933	Loglikelihood: -3.06218e+08	(delta): 1.81896
13 (QN/Block) 	Elapsed: 63.739	Loglikelihood: -3.06218e+08	(delta): 0.000420034
14 (QN/Block) 	Elapsed: 64.705	Loglikelihood: -3.06218e+08	(delta): 6.49691e-06
Summary: 
Converged in 14 iterations (1025.15 sec)
Loglikelihood: -306218045.607372
Fst divergences between estimated populations: 
	Pop0	
Pop0	
Pop1	0.150	
CV error (K=2): 0.44036
Writing output files.
