****                   ADMIXTURE Version 1.3.0                  ****
****                    Copyright 2008-2015                     ****
****           David Alexander, Suyash Shringarpure,            ****
****                John  Novembre, Ken Lange                   ****
****                                                            ****
****                 Please cite our paper!                     ****
****   Information at www.genetics.ucla.edu/software/admixture  ****

Parallel execution requested.  Will use 7 threads.
Cross-validation will be performed.  Folds=5.
Random seed: 43
Point estimation method: Block relaxation algorithm
Convergence acceleration algorithm: QuasiNewton, 3 secant conditions
Point estimation will terminate when objective function delta < 0.0001
Estimation of standard errors disabled; will compute point estimates only.
Size of G: 231x1401812
Performing five EM steps to prime main algorithm
1 (EM) 	Elapsed: 72.44	Loglikelihood: -2.59172e+08	(delta): 1.78038e+08
2 (EM) 	Elapsed: 68.825	Loglikelihood: -2.48714e+08	(delta): 1.04584e+07
3 (EM) 	Elapsed: 67.524	Loglikelihood: -2.46692e+08	(delta): 2.02215e+06
4 (EM) 	Elapsed: 69.064	Loglikelihood: -2.45518e+08	(delta): 1.17387e+06
5 (EM) 	Elapsed: 71.051	Loglikelihood: -2.44618e+08	(delta): 900128
Initial loglikelihood: -2.44618e+08
Starting main algorithm
1 (QN/Block) 	Elapsed: 171.429	Loglikelihood: -2.35278e+08	(delta): 9.33972e+06
2 (QN/Block) 	Elapsed: 173.302	Loglikelihood: -2.32779e+08	(delta): 2.49883e+06
3 (QN/Block) 	Elapsed: 178.536	Loglikelihood: -2.31929e+08	(delta): 850226
4 (QN/Block) 	Elapsed: 179.374	Loglikelihood: -2.31386e+08	(delta): 542638
5 (QN/Block) 	Elapsed: 179.796	Loglikelihood: -2.31041e+08	(delta): 345553
6 (QN/Block) 	Elapsed: 172.842	Loglikelihood: -2.30754e+08	(delta): 286910
7 (QN/Block) 	Elapsed: 175.716	Loglikelihood: -2.30456e+08	(delta): 297998
8 (QN/Block) 	Elapsed: 168.748	Loglikelihood: -2.30311e+08	(delta): 144612
9 (QN/Block) 	Elapsed: 168.682	Loglikelihood: -2.30095e+08	(delta): 216221
10 (QN/Block) 	Elapsed: 170.312	Loglikelihood: -2.29912e+08	(delta): 183132
11 (QN/Block) 	Elapsed: 170.402	Loglikelihood: -2.29795e+08	(delta): 117007
12 (QN/Block) 	Elapsed: 169.44	Loglikelihood: -2.2975e+08	(delta): 45055.5
13 (QN/Block) 	Elapsed: 170.65	Loglikelihood: -2.29727e+08	(delta): 22723.4
14 (QN/Block) 	Elapsed: 169.006	Loglikelihood: -2.29717e+08	(delta): 10517
15 (QN/Block) 	Elapsed: 169.385	Loglikelihood: -2.29713e+08	(delta): 3958.8
16 (QN/Block) 	Elapsed: 169.888	Loglikelihood: -2.29711e+08	(delta): 1897.27
17 (QN/Block) 	Elapsed: 169.347	Loglikelihood: -2.2971e+08	(delta): 751.525
18 (QN/Block) 	Elapsed: 170.966	Loglikelihood: -2.29709e+08	(delta): 790.697
19 (QN/Block) 	Elapsed: 169.627	Loglikelihood: -2.29709e+08	(delta): 350.444
20 (QN/Block) 	Elapsed: 168.24	Loglikelihood: -2.29709e+08	(delta): 215.008
21 (QN/Block) 	Elapsed: 167.359	Loglikelihood: -2.29709e+08	(delta): 152.187
22 (QN/Block) 	Elapsed: 168.888	Loglikelihood: -2.29708e+08	(delta): 127.137
23 (QN/Block) 	Elapsed: 176.514	Loglikelihood: -2.29708e+08	(delta): 47.6634
24 (QN/Block) 	Elapsed: 177.147	Loglikelihood: -2.29708e+08	(delta): 34.7894
25 (QN/Block) 	Elapsed: 177.037	Loglikelihood: -2.29708e+08	(delta): 66.4694
26 (QN/Block) 	Elapsed: 177.896	Loglikelihood: -2.29708e+08	(delta): 27.9814
27 (QN/Block) 	Elapsed: 180.846	Loglikelihood: -2.29708e+08	(delta): 36.0695
28 (QN/Block) 	Elapsed: 169.528	Loglikelihood: -2.29708e+08	(delta): 7.90588
29 (QN/Block) 	Elapsed: 163.349	Loglikelihood: -2.29708e+08	(delta): 11.4738
30 (QN/Block) 	Elapsed: 163.063	Loglikelihood: -2.29708e+08	(delta): 0.58862
31 (QN/Block) 	Elapsed: 161.658	Loglikelihood: -2.29708e+08	(delta): 0.177631
32 (QN/Block) 	Elapsed: 161.541	Loglikelihood: -2.29708e+08	(delta): 0.0732571
33 (QN/Block) 	Elapsed: 164.506	Loglikelihood: -2.29708e+08	(delta): 0.037949
34 (QN/Block) 	Elapsed: 165.182	Loglikelihood: -2.29708e+08	(delta): 0.0558645
35 (QN/Block) 	Elapsed: 164.743	Loglikelihood: -2.29708e+08	(delta): 0.00703597
36 (QN/Block) 	Elapsed: 156.169	Loglikelihood: -2.29708e+08	(delta): 0.00254133
37 (QN/Block) 	Elapsed: 148.209	Loglikelihood: -2.29708e+08	(delta): 0.00117347
38 (QN/Block) 	Elapsed: 148.817	Loglikelihood: -2.29708e+08	(delta): 0.000811398
39 (QN/Block) 	Elapsed: 150.514	Loglikelihood: -2.29708e+08	(delta): 0.000191957
40 (QN/Block) 	Elapsed: 154.74	Loglikelihood: -2.29708e+08	(delta): 3.10242e-05
Summary: 
Converged in 40 iterations (7136.73 sec)
Loglikelihood: -229708226.067194
Fst divergences between estimated populations: 
	Pop0	Pop1	Pop2	Pop3	Pop4	Pop5	Pop6	Pop7	
Pop0	
Pop1	0.096	
Pop2	0.057	0.066	
Pop3	0.108	0.098	0.082	
Pop4	0.130	0.121	0.104	0.111	
Pop5	0.125	0.126	0.097	0.146	0.167	
Pop6	0.089	0.102	0.066	0.113	0.131	0.136	
Pop7	0.106	0.095	0.079	0.082	0.072	0.141	0.106	
Pop8	0.101	0.090	0.073	0.077	0.069	0.136	0.100	0.038	
CV error (K=9): 0.53727
Writing output files.
