****                   ADMIXTURE Version 1.3.0                  ****
****                    Copyright 2008-2015                     ****
****           David Alexander, Suyash Shringarpure,            ****
****                John  Novembre, Ken Lange                   ****
****                                                            ****
****                 Please cite our paper!                     ****
****   Information at www.genetics.ucla.edu/software/admixture  ****

Parallel execution requested.  Will use 7 threads.
Cross-validation will be performed.  Folds=5.
Random seed: 43
Point estimation method: Block relaxation algorithm
Convergence acceleration algorithm: QuasiNewton, 3 secant conditions
Point estimation will terminate when objective function delta < 0.0001
Estimation of standard errors disabled; will compute point estimates only.
Size of G: 295x1636221
Performing five EM steps to prime main algorithm
1 (EM) 	Elapsed: 30.276	Loglikelihood: -3.79433e+08	(delta): 3.42521e+08
2 (EM) 	Elapsed: 30.034	Loglikelihood: -3.64737e+08	(delta): 1.46953e+07
3 (EM) 	Elapsed: 30.474	Loglikelihood: -3.61118e+08	(delta): 3.6188e+06
4 (EM) 	Elapsed: 30.055	Loglikelihood: -3.59234e+08	(delta): 1.88443e+06
5 (EM) 	Elapsed: 29.956	Loglikelihood: -3.58075e+08	(delta): 1.15859e+06
Initial loglikelihood: -3.58075e+08
Starting main algorithm
1 (QN/Block) 	Elapsed: 81.066	Loglikelihood: -3.41193e+08	(delta): 1.68821e+07
2 (QN/Block) 	Elapsed: 81.471	Loglikelihood: -3.3495e+08	(delta): 6.24361e+06
3 (QN/Block) 	Elapsed: 85.366	Loglikelihood: -3.28091e+08	(delta): 6.85823e+06
4 (QN/Block) 	Elapsed: 85.275	Loglikelihood: -3.26676e+08	(delta): 1.41504e+06
5 (QN/Block) 	Elapsed: 84.049	Loglikelihood: -3.26197e+08	(delta): 479684
6 (QN/Block) 	Elapsed: 84.467	Loglikelihood: -3.26079e+08	(delta): 117827
7 (QN/Block) 	Elapsed: 85.241	Loglikelihood: -3.26039e+08	(delta): 39529.1
8 (QN/Block) 	Elapsed: 85.217	Loglikelihood: -3.26031e+08	(delta): 8382.32
9 (QN/Block) 	Elapsed: 85.292	Loglikelihood: -3.26028e+08	(delta): 2967.97
10 (QN/Block) 	Elapsed: 83.645	Loglikelihood: -3.26025e+08	(delta): 2669.05
11 (QN/Block) 	Elapsed: 85	Loglikelihood: -3.26024e+08	(delta): 1518.42
12 (QN/Block) 	Elapsed: 84.584	Loglikelihood: -3.26023e+08	(delta): 400.954
13 (QN/Block) 	Elapsed: 84.329	Loglikelihood: -3.26023e+08	(delta): 62.6514
14 (QN/Block) 	Elapsed: 84.922	Loglikelihood: -3.26023e+08	(delta): 10.4372
15 (QN/Block) 	Elapsed: 85.1	Loglikelihood: -3.26023e+08	(delta): 1.6264
16 (QN/Block) 	Elapsed: 84.155	Loglikelihood: -3.26023e+08	(delta): 0.186231
17 (QN/Block) 	Elapsed: 84.253	Loglikelihood: -3.26023e+08	(delta): 0.00315779
18 (QN/Block) 	Elapsed: 83.621	Loglikelihood: -3.26023e+08	(delta): 3.67761e-05
Summary: 
Converged in 18 iterations (1695.4 sec)
Loglikelihood: -326023367.756882
Fst divergences between estimated populations: 
	Pop0	Pop1	
Pop0	
Pop1	0.131	
Pop2	0.173	0.058	
CV error (K=3): 0.43092
Writing output files.
