****                   ADMIXTURE Version 1.3.0                  ****
****                    Copyright 2008-2015                     ****
****           David Alexander, Suyash Shringarpure,            ****
****                John  Novembre, Ken Lange                   ****
****                                                            ****
****                 Please cite our paper!                     ****
****   Information at www.genetics.ucla.edu/software/admixture  ****

Parallel execution requested.  Will use 7 threads.
Cross-validation will be performed.  Folds=5.
Random seed: 43
Point estimation method: Block relaxation algorithm
Convergence acceleration algorithm: QuasiNewton, 3 secant conditions
Point estimation will terminate when objective function delta < 0.0001
Estimation of standard errors disabled; will compute point estimates only.
Size of G: 295x1636221
Performing five EM steps to prime main algorithm
1 (EM) 	Elapsed: 60.681	Loglikelihood: -3.80749e+08	(delta): 2.83967e+08
2 (EM) 	Elapsed: 59.667	Loglikelihood: -3.64919e+08	(delta): 1.58298e+07
3 (EM) 	Elapsed: 59.282	Loglikelihood: -3.61679e+08	(delta): 3.23987e+06
4 (EM) 	Elapsed: 59.13	Loglikelihood: -3.59816e+08	(delta): 1.86301e+06
5 (EM) 	Elapsed: 59.321	Loglikelihood: -3.58433e+08	(delta): 1.38319e+06
Initial loglikelihood: -3.58433e+08
Starting main algorithm
1 (QN/Block) 	Elapsed: 133.175	Loglikelihood: -3.29888e+08	(delta): 2.85447e+07
2 (QN/Block) 	Elapsed: 137.322	Loglikelihood: -3.24943e+08	(delta): 4.94503e+06
3 (QN/Block) 	Elapsed: 136.473	Loglikelihood: -3.23953e+08	(delta): 989776
4 (QN/Block) 	Elapsed: 133.672	Loglikelihood: -3.23121e+08	(delta): 832471
5 (QN/Block) 	Elapsed: 136.973	Loglikelihood: -3.22679e+08	(delta): 441672
6 (QN/Block) 	Elapsed: 134.828	Loglikelihood: -3.22091e+08	(delta): 588688
7 (QN/Block) 	Elapsed: 135.001	Loglikelihood: -3.21672e+08	(delta): 418016
8 (QN/Block) 	Elapsed: 134.954	Loglikelihood: -3.21385e+08	(delta): 287468
9 (QN/Block) 	Elapsed: 133.115	Loglikelihood: -3.21131e+08	(delta): 253790
10 (QN/Block) 	Elapsed: 134.865	Loglikelihood: -3.20957e+08	(delta): 173973
11 (QN/Block) 	Elapsed: 133.452	Loglikelihood: -3.20848e+08	(delta): 109032
12 (QN/Block) 	Elapsed: 133.859	Loglikelihood: -3.2079e+08	(delta): 58136.5
13 (QN/Block) 	Elapsed: 132.981	Loglikelihood: -3.20736e+08	(delta): 54109.6
14 (QN/Block) 	Elapsed: 134.646	Loglikelihood: -3.20713e+08	(delta): 22793.1
15 (QN/Block) 	Elapsed: 132.552	Loglikelihood: -3.207e+08	(delta): 12750.7
16 (QN/Block) 	Elapsed: 131.71	Loglikelihood: -3.20695e+08	(delta): 4998.52
17 (QN/Block) 	Elapsed: 131.723	Loglikelihood: -3.20691e+08	(delta): 4065.95
18 (QN/Block) 	Elapsed: 133.283	Loglikelihood: -3.20687e+08	(delta): 3906.42
19 (QN/Block) 	Elapsed: 131.534	Loglikelihood: -3.20684e+08	(delta): 3122.52
20 (QN/Block) 	Elapsed: 132.598	Loglikelihood: -3.20682e+08	(delta): 2254.75
21 (QN/Block) 	Elapsed: 131.803	Loglikelihood: -3.20681e+08	(delta): 1390.48
22 (QN/Block) 	Elapsed: 132.361	Loglikelihood: -3.20679e+08	(delta): 2031.9
23 (QN/Block) 	Elapsed: 132.521	Loglikelihood: -3.20678e+08	(delta): 483.865
24 (QN/Block) 	Elapsed: 132.965	Loglikelihood: -3.20678e+08	(delta): 326.64
25 (QN/Block) 	Elapsed: 133.296	Loglikelihood: -3.20678e+08	(delta): 240.695
26 (QN/Block) 	Elapsed: 131.975	Loglikelihood: -3.20677e+08	(delta): 152.646
27 (QN/Block) 	Elapsed: 131.463	Loglikelihood: -3.20677e+08	(delta): 130.039
28 (QN/Block) 	Elapsed: 132.619	Loglikelihood: -3.20677e+08	(delta): 56.8958
29 (QN/Block) 	Elapsed: 132.237	Loglikelihood: -3.20677e+08	(delta): 32.0016
30 (QN/Block) 	Elapsed: 132.632	Loglikelihood: -3.20677e+08	(delta): 17.4238
31 (QN/Block) 	Elapsed: 131.724	Loglikelihood: -3.20677e+08	(delta): 8.36673
32 (QN/Block) 	Elapsed: 132.581	Loglikelihood: -3.20677e+08	(delta): 4.66624
33 (QN/Block) 	Elapsed: 132.38	Loglikelihood: -3.20677e+08	(delta): 3.07633
34 (QN/Block) 	Elapsed: 133.768	Loglikelihood: -3.20677e+08	(delta): 3.25728
35 (QN/Block) 	Elapsed: 132.35	Loglikelihood: -3.20677e+08	(delta): 9.4511
36 (QN/Block) 	Elapsed: 132.072	Loglikelihood: -3.20677e+08	(delta): 7.53525
37 (QN/Block) 	Elapsed: 137.058	Loglikelihood: -3.20677e+08	(delta): 0.201896
38 (QN/Block) 	Elapsed: 136.682	Loglikelihood: -3.20677e+08	(delta): 0.0344518
39 (QN/Block) 	Elapsed: 132.13	Loglikelihood: -3.20677e+08	(delta): 0.0518614
40 (QN/Block) 	Elapsed: 135.204	Loglikelihood: -3.20677e+08	(delta): 0.0588387
41 (QN/Block) 	Elapsed: 132.484	Loglikelihood: -3.20677e+08	(delta): 0.0014202
42 (QN/Block) 	Elapsed: 132.106	Loglikelihood: -3.20677e+08	(delta): 0.00122482
43 (QN/Block) 	Elapsed: 131.843	Loglikelihood: -3.20677e+08	(delta): 0.000236392
44 (QN/Block) 	Elapsed: 132.192	Loglikelihood: -3.20677e+08	(delta): 5.48363e-05
Summary: 
Converged in 44 iterations (6239.85 sec)
Loglikelihood: -320677185.196895
Fst divergences between estimated populations: 
	Pop0	Pop1	Pop2	Pop3	Pop4	Pop5	
Pop0	
Pop1	0.189	
Pop2	0.200	0.080	
Pop3	0.155	0.063	0.077	
Pop4	0.204	0.079	0.071	0.080	
Pop5	0.153	0.074	0.082	0.034	0.086	
Pop6	0.049	0.176	0.187	0.142	0.191	0.141	
CV error (K=7): 0.44977
Writing output files.
