****                   ADMIXTURE Version 1.3.0                  ****
****                    Copyright 2008-2015                     ****
****           David Alexander, Suyash Shringarpure,            ****
****                John  Novembre, Ken Lange                   ****
****                                                            ****
****                 Please cite our paper!                     ****
****   Information at www.genetics.ucla.edu/software/admixture  ****

Parallel execution requested.  Will use 7 threads.
Cross-validation will be performed.  Folds=5.
Random seed: 43
Point estimation method: Block relaxation algorithm
Convergence acceleration algorithm: QuasiNewton, 3 secant conditions
Point estimation will terminate when objective function delta < 0.0001
Estimation of standard errors disabled; will compute point estimates only.
Size of G: 295x1636221
Performing five EM steps to prime main algorithm
1 (EM) 	Elapsed: 16.887	Loglikelihood: -3.74206e+08	(delta): 3.98184e+08
2 (EM) 	Elapsed: 16.909	Loglikelihood: -3.62007e+08	(delta): 1.21987e+07
3 (EM) 	Elapsed: 16.743	Loglikelihood: -3.5921e+08	(delta): 2.79636e+06
4 (EM) 	Elapsed: 16.9	Loglikelihood: -3.57939e+08	(delta): 1.27192e+06
5 (EM) 	Elapsed: 16.845	Loglikelihood: -3.57331e+08	(delta): 607240
Initial loglikelihood: -3.57331e+08
Starting main algorithm
1 (QN/Block) 	Elapsed: 65.16	Loglikelihood: -3.43522e+08	(delta): 1.38096e+07
2 (QN/Block) 	Elapsed: 65.507	Loglikelihood: -3.36741e+08	(delta): 6.78024e+06
3 (QN/Block) 	Elapsed: 67.902	Loglikelihood: -3.34712e+08	(delta): 2.02898e+06
4 (QN/Block) 	Elapsed: 67.653	Loglikelihood: -3.34082e+08	(delta): 630829
5 (QN/Block) 	Elapsed: 67.793	Loglikelihood: -3.33696e+08	(delta): 385708
6 (QN/Block) 	Elapsed: 70.558	Loglikelihood: -3.3365e+08	(delta): 46278.2
7 (QN/Block) 	Elapsed: 67.645	Loglikelihood: -3.33636e+08	(delta): 13851.9
8 (QN/Block) 	Elapsed: 70.513	Loglikelihood: -3.33633e+08	(delta): 3310.15
9 (QN/Block) 	Elapsed: 68.693	Loglikelihood: -3.33632e+08	(delta): 350.907
10 (QN/Block) 	Elapsed: 67.657	Loglikelihood: -3.33632e+08	(delta): 105.795
11 (QN/Block) 	Elapsed: 70.593	Loglikelihood: -3.33632e+08	(delta): 44.2501
12 (QN/Block) 	Elapsed: 69.479	Loglikelihood: -3.33632e+08	(delta): 10.5765
13 (QN/Block) 	Elapsed: 70.639	Loglikelihood: -3.33632e+08	(delta): 0.162107
14 (QN/Block) 	Elapsed: 67.804	Loglikelihood: -3.33632e+08	(delta): 0.00189346
15 (QN/Block) 	Elapsed: 68.256	Loglikelihood: -3.33632e+08	(delta): 0.00016582
16 (QN/Block) 	Elapsed: 69.323	Loglikelihood: -3.33632e+08	(delta): -8.34465e-07
17 (QN/Block) 	Elapsed: 71.112	Loglikelihood: -3.33632e+08	(delta): 8.34465e-07
Summary: 
Converged in 17 iterations (1274.65 sec)
Loglikelihood: -333631992.162602
Fst divergences between estimated populations: 
	Pop0	
Pop0	
Pop1	0.147	
CV error (K=2): 0.44227
Writing output files.
