****                   ADMIXTURE Version 1.3.0                  ****
****                    Copyright 2008-2015                     ****
****           David Alexander, Suyash Shringarpure,            ****
****                John  Novembre, Ken Lange                   ****
****                                                            ****
****                 Please cite our paper!                     ****
****   Information at www.genetics.ucla.edu/software/admixture  ****

Parallel execution requested.  Will use 7 threads.
Cross-validation will be performed.  Folds=5.
Random seed: 43
Point estimation method: Block relaxation algorithm
Convergence acceleration algorithm: QuasiNewton, 3 secant conditions
Point estimation will terminate when objective function delta < 0.0001
Estimation of standard errors disabled; will compute point estimates only.
Size of G: 231x1401812
Performing five EM steps to prime main algorithm
1 (EM) 	Elapsed: 29.072	Loglikelihood: -2.59916e+08	(delta): 1.88801e+08
2 (EM) 	Elapsed: 29.089	Loglikelihood: -2.49624e+08	(delta): 1.02922e+07
3 (EM) 	Elapsed: 28.894	Loglikelihood: -2.4731e+08	(delta): 2.3133e+06
4 (EM) 	Elapsed: 29.173	Loglikelihood: -2.45973e+08	(delta): 1.33731e+06
5 (EM) 	Elapsed: 29.183	Loglikelihood: -2.45012e+08	(delta): 960915
Initial loglikelihood: -2.45012e+08
Starting main algorithm
1 (QN/Block) 	Elapsed: 82.005	Loglikelihood: -2.37651e+08	(delta): 7.3616e+06
2 (QN/Block) 	Elapsed: 83.504	Loglikelihood: -2.34571e+08	(delta): 3.07966e+06
3 (QN/Block) 	Elapsed: 85.222	Loglikelihood: -2.33822e+08	(delta): 748602
4 (QN/Block) 	Elapsed: 86.271	Loglikelihood: -2.33262e+08	(delta): 560059
5 (QN/Block) 	Elapsed: 85.627	Loglikelihood: -2.33013e+08	(delta): 249534
6 (QN/Block) 	Elapsed: 84.752	Loglikelihood: -2.32899e+08	(delta): 114166
7 (QN/Block) 	Elapsed: 84.415	Loglikelihood: -2.3285e+08	(delta): 48680.3
8 (QN/Block) 	Elapsed: 86.182	Loglikelihood: -2.32781e+08	(delta): 68442.4
9 (QN/Block) 	Elapsed: 85.66	Loglikelihood: -2.32756e+08	(delta): 25720.1
10 (QN/Block) 	Elapsed: 84.68	Loglikelihood: -2.32735e+08	(delta): 21034.4
11 (QN/Block) 	Elapsed: 85.915	Loglikelihood: -2.32724e+08	(delta): 10319.7
12 (QN/Block) 	Elapsed: 86.608	Loglikelihood: -2.32718e+08	(delta): 6335.32
13 (QN/Block) 	Elapsed: 84.835	Loglikelihood: -2.32713e+08	(delta): 5076.05
14 (QN/Block) 	Elapsed: 84.677	Loglikelihood: -2.32706e+08	(delta): 6829.22
15 (QN/Block) 	Elapsed: 87.765	Loglikelihood: -2.327e+08	(delta): 6419.28
16 (QN/Block) 	Elapsed: 87.659	Loglikelihood: -2.32681e+08	(delta): 18337.3
17 (QN/Block) 	Elapsed: 87.898	Loglikelihood: -2.32668e+08	(delta): 12992.1
18 (QN/Block) 	Elapsed: 84.964	Loglikelihood: -2.32661e+08	(delta): 6998.76
19 (QN/Block) 	Elapsed: 85.321	Loglikelihood: -2.32658e+08	(delta): 3733.41
20 (QN/Block) 	Elapsed: 86.234	Loglikelihood: -2.32654e+08	(delta): 3338.03
21 (QN/Block) 	Elapsed: 84.605	Loglikelihood: -2.32653e+08	(delta): 1300.65
22 (QN/Block) 	Elapsed: 84.865	Loglikelihood: -2.32652e+08	(delta): 1335.52
23 (QN/Block) 	Elapsed: 86.522	Loglikelihood: -2.3265e+08	(delta): 1779.2
24 (QN/Block) 	Elapsed: 88.072	Loglikelihood: -2.32649e+08	(delta): 1247.38
25 (QN/Block) 	Elapsed: 84.518	Loglikelihood: -2.32648e+08	(delta): 978.185
26 (QN/Block) 	Elapsed: 84.291	Loglikelihood: -2.32647e+08	(delta): 919.447
27 (QN/Block) 	Elapsed: 82.795	Loglikelihood: -2.32646e+08	(delta): 658.51
28 (QN/Block) 	Elapsed: 85.362	Loglikelihood: -2.32646e+08	(delta): 473.59
29 (QN/Block) 	Elapsed: 85.31	Loglikelihood: -2.32645e+08	(delta): 343.37
30 (QN/Block) 	Elapsed: 84.332	Loglikelihood: -2.32645e+08	(delta): 357.91
31 (QN/Block) 	Elapsed: 83.99	Loglikelihood: -2.32645e+08	(delta): 172.942
32 (QN/Block) 	Elapsed: 85.197	Loglikelihood: -2.32645e+08	(delta): 181.213
33 (QN/Block) 	Elapsed: 84.89	Loglikelihood: -2.32645e+08	(delta): 15.8259
34 (QN/Block) 	Elapsed: 84.635	Loglikelihood: -2.32645e+08	(delta): 10.2701
35 (QN/Block) 	Elapsed: 86.659	Loglikelihood: -2.32645e+08	(delta): 4.56177
36 (QN/Block) 	Elapsed: 88.199	Loglikelihood: -2.32645e+08	(delta): 5.92822
37 (QN/Block) 	Elapsed: 89.092	Loglikelihood: -2.32645e+08	(delta): 4.06269
38 (QN/Block) 	Elapsed: 87.478	Loglikelihood: -2.32645e+08	(delta): 0.405799
39 (QN/Block) 	Elapsed: 87.372	Loglikelihood: -2.32645e+08	(delta): 0.123834
40 (QN/Block) 	Elapsed: 85.089	Loglikelihood: -2.32645e+08	(delta): 0.228625
41 (QN/Block) 	Elapsed: 87.249	Loglikelihood: -2.32645e+08	(delta): 0.0144349
42 (QN/Block) 	Elapsed: 84.193	Loglikelihood: -2.32645e+08	(delta): 0.00793248
43 (QN/Block) 	Elapsed: 84.178	Loglikelihood: -2.32645e+08	(delta): 0.00129318
44 (QN/Block) 	Elapsed: 85.439	Loglikelihood: -2.32645e+08	(delta): 0.000297189
45 (QN/Block) 	Elapsed: 84.215	Loglikelihood: -2.32645e+08	(delta): 6.3628e-05
Summary: 
Converged in 45 iterations (4042.55 sec)
Loglikelihood: -232644545.020007
Fst divergences between estimated populations: 
	Pop0	Pop1	Pop2	Pop3	Pop4	
Pop0	
Pop1	0.077	
Pop2	0.068	0.036	
Pop3	0.074	0.078	0.074	
Pop4	0.084	0.087	0.083	0.039	
Pop5	0.088	0.091	0.087	0.061	0.072	
CV error (K=6): 0.49602
Writing output files.
