****                   ADMIXTURE Version 1.3.0                  ****
****                    Copyright 2008-2015                     ****
****           David Alexander, Suyash Shringarpure,            ****
****                John  Novembre, Ken Lange                   ****
****                                                            ****
****                 Please cite our paper!                     ****
****   Information at www.genetics.ucla.edu/software/admixture  ****

Parallel execution requested.  Will use 7 threads.
Cross-validation will be performed.  Folds=5.
Random seed: 43
Point estimation method: Block relaxation algorithm
Convergence acceleration algorithm: QuasiNewton, 3 secant conditions
Point estimation will terminate when objective function delta < 0.0001
Estimation of standard errors disabled; will compute point estimates only.
Size of G: 197x1391727
Performing five EM steps to prime main algorithm
1 (EM) 	Elapsed: 22.123	Loglikelihood: -2.48394e+08	(delta): 1.51498e+08
2 (EM) 	Elapsed: 22.208	Loglikelihood: -2.39338e+08	(delta): 9.05607e+06
3 (EM) 	Elapsed: 22.115	Loglikelihood: -2.3716e+08	(delta): 2.17832e+06
4 (EM) 	Elapsed: 22.049	Loglikelihood: -2.35871e+08	(delta): 1.28869e+06
5 (EM) 	Elapsed: 22.228	Loglikelihood: -2.34937e+08	(delta): 934407
Initial loglikelihood: -2.34937e+08
Starting main algorithm
1 (QN/Block) 	Elapsed: 65.014	Loglikelihood: -2.27088e+08	(delta): 7.84877e+06
2 (QN/Block) 	Elapsed: 60.849	Loglikelihood: -2.24682e+08	(delta): 2.40572e+06
3 (QN/Block) 	Elapsed: 63.393	Loglikelihood: -2.24105e+08	(delta): 576907
4 (QN/Block) 	Elapsed: 63.225	Loglikelihood: -2.23699e+08	(delta): 405913
5 (QN/Block) 	Elapsed: 63.817	Loglikelihood: -2.23498e+08	(delta): 200769
6 (QN/Block) 	Elapsed: 62.524	Loglikelihood: -2.234e+08	(delta): 98396.9
7 (QN/Block) 	Elapsed: 66.417	Loglikelihood: -2.23362e+08	(delta): 37799.6
8 (QN/Block) 	Elapsed: 71.874	Loglikelihood: -2.23334e+08	(delta): 27939.2
9 (QN/Block) 	Elapsed: 71.52	Loglikelihood: -2.2332e+08	(delta): 14648.3
10 (QN/Block) 	Elapsed: 70.228	Loglikelihood: -2.23311e+08	(delta): 8556.74
11 (QN/Block) 	Elapsed: 72.525	Loglikelihood: -2.23287e+08	(delta): 24173.8
12 (QN/Block) 	Elapsed: 73.33	Loglikelihood: -2.23272e+08	(delta): 14508.8
13 (QN/Block) 	Elapsed: 71.527	Loglikelihood: -2.23254e+08	(delta): 18001.5
14 (QN/Block) 	Elapsed: 72.106	Loglikelihood: -2.23237e+08	(delta): 17033.2
15 (QN/Block) 	Elapsed: 72.32	Loglikelihood: -2.23226e+08	(delta): 11139.3
16 (QN/Block) 	Elapsed: 71.604	Loglikelihood: -2.23218e+08	(delta): 8427.98
17 (QN/Block) 	Elapsed: 71.727	Loglikelihood: -2.23209e+08	(delta): 9266.44
18 (QN/Block) 	Elapsed: 71.68	Loglikelihood: -2.23203e+08	(delta): 5650.02
19 (QN/Block) 	Elapsed: 72.297	Loglikelihood: -2.23196e+08	(delta): 6690.93
20 (QN/Block) 	Elapsed: 72.532	Loglikelihood: -2.23191e+08	(delta): 5737.97
21 (QN/Block) 	Elapsed: 71.344	Loglikelihood: -2.23186e+08	(delta): 4221.23
22 (QN/Block) 	Elapsed: 72.927	Loglikelihood: -2.23184e+08	(delta): 2450.69
23 (QN/Block) 	Elapsed: 69.793	Loglikelihood: -2.23181e+08	(delta): 3015.26
24 (QN/Block) 	Elapsed: 71.013	Loglikelihood: -2.23177e+08	(delta): 3952.41
25 (QN/Block) 	Elapsed: 71.117	Loglikelihood: -2.23173e+08	(delta): 4257.32
26 (QN/Block) 	Elapsed: 71.743	Loglikelihood: -2.23169e+08	(delta): 3854.82
27 (QN/Block) 	Elapsed: 73.619	Loglikelihood: -2.23163e+08	(delta): 5829.58
28 (QN/Block) 	Elapsed: 72.387	Loglikelihood: -2.23163e+08	(delta): 296.601
29 (QN/Block) 	Elapsed: 72.863	Loglikelihood: -2.23162e+08	(delta): 153.247
30 (QN/Block) 	Elapsed: 71.249	Loglikelihood: -2.23162e+08	(delta): 149.089
31 (QN/Block) 	Elapsed: 71.376	Loglikelihood: -2.23162e+08	(delta): 124.069
32 (QN/Block) 	Elapsed: 71.499	Loglikelihood: -2.23162e+08	(delta): 76.4166
33 (QN/Block) 	Elapsed: 71.244	Loglikelihood: -2.23162e+08	(delta): 56.2145
34 (QN/Block) 	Elapsed: 71.435	Loglikelihood: -2.23162e+08	(delta): 31.3435
35 (QN/Block) 	Elapsed: 70.573	Loglikelihood: -2.23162e+08	(delta): 22.4205
36 (QN/Block) 	Elapsed: 71.223	Loglikelihood: -2.23162e+08	(delta): 10.6216
37 (QN/Block) 	Elapsed: 71.085	Loglikelihood: -2.23162e+08	(delta): 10.0982
38 (QN/Block) 	Elapsed: 71.35	Loglikelihood: -2.23162e+08	(delta): 3.9286
39 (QN/Block) 	Elapsed: 71.16	Loglikelihood: -2.23162e+08	(delta): 2.45289
40 (QN/Block) 	Elapsed: 71.352	Loglikelihood: -2.23162e+08	(delta): 1.03052
41 (QN/Block) 	Elapsed: 71.13	Loglikelihood: -2.23162e+08	(delta): 1.59195
42 (QN/Block) 	Elapsed: 64.898	Loglikelihood: -2.23162e+08	(delta): 0.447734
43 (QN/Block) 	Elapsed: 62.595	Loglikelihood: -2.23162e+08	(delta): 0.166247
44 (QN/Block) 	Elapsed: 70.657	Loglikelihood: -2.23162e+08	(delta): 0.0366038
45 (QN/Block) 	Elapsed: 71.462	Loglikelihood: -2.23162e+08	(delta): 0.0382679
46 (QN/Block) 	Elapsed: 66.29	Loglikelihood: -2.23162e+08	(delta): 0.0149001
47 (QN/Block) 	Elapsed: 61.163	Loglikelihood: -2.23162e+08	(delta): 0.00109103
48 (QN/Block) 	Elapsed: 61.112	Loglikelihood: -2.23162e+08	(delta): 0.000423491
49 (QN/Block) 	Elapsed: 70.722	Loglikelihood: -2.23162e+08	(delta): 3.88026e-05
Summary: 
Converged in 49 iterations (3564.17 sec)
Loglikelihood: -223161989.033859
Fst divergences between estimated populations: 
	Pop0	Pop1	Pop2	Pop3	Pop4	
Pop0	
Pop1	0.082	
Pop2	0.089	0.051	
Pop3	0.092	0.086	0.090	
Pop4	0.133	0.098	0.106	0.135	
Pop5	0.089	0.088	0.093	0.078	0.139	
CV error (K=6): 0.54361
Writing output files.
