****                   ADMIXTURE Version 1.3.0                  ****
****                    Copyright 2008-2015                     ****
****           David Alexander, Suyash Shringarpure,            ****
****                John  Novembre, Ken Lange                   ****
****                                                            ****
****                 Please cite our paper!                     ****
****   Information at www.genetics.ucla.edu/software/admixture  ****

Parallel execution requested.  Will use 7 threads.
Cross-validation will be performed.  Folds=5.
Random seed: 43
Point estimation method: Block relaxation algorithm
Convergence acceleration algorithm: QuasiNewton, 3 secant conditions
Point estimation will terminate when objective function delta < 0.0001
Estimation of standard errors disabled; will compute point estimates only.
Size of G: 197x1391727
Performing five EM steps to prime main algorithm
1 (EM) 	Elapsed: 11.304	Loglikelihood: -2.45098e+08	(delta): 2.1421e+08
2 (EM) 	Elapsed: 12.068	Loglikelihood: -2.37492e+08	(delta): 7.60591e+06
3 (EM) 	Elapsed: 12.198	Loglikelihood: -2.35611e+08	(delta): 1.88134e+06
4 (EM) 	Elapsed: 11.757	Loglikelihood: -2.34744e+08	(delta): 866749
5 (EM) 	Elapsed: 11.93	Loglikelihood: -2.34322e+08	(delta): 422115
Initial loglikelihood: -2.34322e+08
Starting main algorithm
1 (QN/Block) 	Elapsed: 36.826	Loglikelihood: -2.30071e+08	(delta): 4.25155e+06
2 (QN/Block) 	Elapsed: 37.09	Loglikelihood: -2.28623e+08	(delta): 1.44794e+06
3 (QN/Block) 	Elapsed: 38.579	Loglikelihood: -2.28249e+08	(delta): 374182
4 (QN/Block) 	Elapsed: 40.578	Loglikelihood: -2.27957e+08	(delta): 291620
5 (QN/Block) 	Elapsed: 40.584	Loglikelihood: -2.27928e+08	(delta): 29152.6
6 (QN/Block) 	Elapsed: 40.425	Loglikelihood: -2.27925e+08	(delta): 2731.23
7 (QN/Block) 	Elapsed: 39.379	Loglikelihood: -2.27924e+08	(delta): 807.353
8 (QN/Block) 	Elapsed: 39.609	Loglikelihood: -2.27924e+08	(delta): 183.181
9 (QN/Block) 	Elapsed: 38.759	Loglikelihood: -2.27924e+08	(delta): 15.3016
10 (QN/Block) 	Elapsed: 38.244	Loglikelihood: -2.27924e+08	(delta): 5.08329
11 (QN/Block) 	Elapsed: 38.211	Loglikelihood: -2.27924e+08	(delta): 0.991498
12 (QN/Block) 	Elapsed: 37.952	Loglikelihood: -2.27924e+08	(delta): 0.168982
13 (QN/Block) 	Elapsed: 38.243	Loglikelihood: -2.27924e+08	(delta): 0.0187151
14 (QN/Block) 	Elapsed: 38.261	Loglikelihood: -2.27924e+08	(delta): 0.000490725
15 (QN/Block) 	Elapsed: 38.142	Loglikelihood: -2.27924e+08	(delta): 2.92063e-06
Summary: 
Converged in 15 iterations (652.43 sec)
Loglikelihood: -227924023.303052
Fst divergences between estimated populations: 
	Pop0	
Pop0	
Pop1	0.060	
CV error (K=2): 0.49729
Writing output files.
