****                   ADMIXTURE Version 1.3.0                  ****
****                    Copyright 2008-2015                     ****
****           David Alexander, Suyash Shringarpure,            ****
****                John  Novembre, Ken Lange                   ****
****                                                            ****
****                 Please cite our paper!                     ****
****   Information at www.genetics.ucla.edu/software/admixture  ****

Parallel execution requested.  Will use 7 threads.
Cross-validation will be performed.  Folds=5.
Random seed: 43
Point estimation method: Block relaxation algorithm
Convergence acceleration algorithm: QuasiNewton, 3 secant conditions
Point estimation will terminate when objective function delta < 0.0001
Estimation of standard errors disabled; will compute point estimates only.
Size of G: 261x1636213
Performing five EM steps to prime main algorithm
1 (EM) 	Elapsed: 24.53	Loglikelihood: -3.50003e+08	(delta): 3.16686e+08
2 (EM) 	Elapsed: 24.308	Loglikelihood: -3.36355e+08	(delta): 1.36481e+07
3 (EM) 	Elapsed: 24.085	Loglikelihood: -3.32987e+08	(delta): 3.36782e+06
4 (EM) 	Elapsed: 24.412	Loglikelihood: -3.31243e+08	(delta): 1.74429e+06
5 (EM) 	Elapsed: 24.176	Loglikelihood: -3.30177e+08	(delta): 1.06554e+06
Initial loglikelihood: -3.30177e+08
Starting main algorithm
1 (QN/Block) 	Elapsed: 72.869	Loglikelihood: -3.11908e+08	(delta): 1.82694e+07
2 (QN/Block) 	Elapsed: 72.365	Loglikelihood: -3.02652e+08	(delta): 9.2554e+06
3 (QN/Block) 	Elapsed: 74.696	Loglikelihood: -3.00418e+08	(delta): 2.23467e+06
4 (QN/Block) 	Elapsed: 74.557	Loglikelihood: -2.9948e+08	(delta): 937648
5 (QN/Block) 	Elapsed: 75.543	Loglikelihood: -2.99256e+08	(delta): 224038
6 (QN/Block) 	Elapsed: 76.451	Loglikelihood: -2.992e+08	(delta): 56090.9
7 (QN/Block) 	Elapsed: 74.534	Loglikelihood: -2.99176e+08	(delta): 24430.8
8 (QN/Block) 	Elapsed: 74.573	Loglikelihood: -2.99168e+08	(delta): 7874.98
9 (QN/Block) 	Elapsed: 75.433	Loglikelihood: -2.99166e+08	(delta): 1880.36
10 (QN/Block) 	Elapsed: 74.517	Loglikelihood: -2.99165e+08	(delta): 356.406
11 (QN/Block) 	Elapsed: 74.326	Loglikelihood: -2.99165e+08	(delta): 150.035
12 (QN/Block) 	Elapsed: 74.555	Loglikelihood: -2.99165e+08	(delta): 16.7881
13 (QN/Block) 	Elapsed: 74.464	Loglikelihood: -2.99165e+08	(delta): 0.861471
14 (QN/Block) 	Elapsed: 74.798	Loglikelihood: -2.99165e+08	(delta): 0.0758137
15 (QN/Block) 	Elapsed: 74.397	Loglikelihood: -2.99165e+08	(delta): 0.00588685
16 (QN/Block) 	Elapsed: 74.399	Loglikelihood: -2.99165e+08	(delta): 0.000892222
17 (QN/Block) 	Elapsed: 74.536	Loglikelihood: -2.99165e+08	(delta): 2.87294e-05
Summary: 
Converged in 17 iterations (1411.24 sec)
Loglikelihood: -299165228.610653
Fst divergences between estimated populations: 
	Pop0	Pop1	
Pop0	
Pop1	0.173	
Pop2	0.059	0.131	
CV error (K=3): 0.42937
Writing output files.
