****                   ADMIXTURE Version 1.3.0                  ****
****                    Copyright 2008-2015                     ****
****           David Alexander, Suyash Shringarpure,            ****
****                John  Novembre, Ken Lange                   ****
****                                                            ****
****                 Please cite our paper!                     ****
****   Information at www.genetics.ucla.edu/software/admixture  ****

Parallel execution requested.  Will use 7 threads.
Cross-validation will be performed.  Folds=5.
Random seed: 43
Point estimation method: Block relaxation algorithm
Convergence acceleration algorithm: QuasiNewton, 3 secant conditions
Point estimation will terminate when objective function delta < 0.0001
Estimation of standard errors disabled; will compute point estimates only.
Size of G: 295x1636221
Performing five EM steps to prime main algorithm
1 (EM) 	Elapsed: 33.107	Loglikelihood: -3.80855e+08	(delta): 2.90519e+08
2 (EM) 	Elapsed: 32.698	Loglikelihood: -3.65016e+08	(delta): 1.58391e+07
3 (EM) 	Elapsed: 32.821	Loglikelihood: -3.61527e+08	(delta): 3.48894e+06
4 (EM) 	Elapsed: 32.221	Loglikelihood: -3.5946e+08	(delta): 2.06719e+06
5 (EM) 	Elapsed: 32.345	Loglikelihood: -3.57871e+08	(delta): 1.58822e+06
Initial loglikelihood: -3.57871e+08
Starting main algorithm
1 (QN/Block) 	Elapsed: 103.45	Loglikelihood: -3.31779e+08	(delta): 2.60925e+07
2 (QN/Block) 	Elapsed: 103.866	Loglikelihood: -3.25906e+08	(delta): 5.87308e+06
3 (QN/Block) 	Elapsed: 106.87	Loglikelihood: -3.24142e+08	(delta): 1.76323e+06
4 (QN/Block) 	Elapsed: 107.333	Loglikelihood: -3.23423e+08	(delta): 719194
5 (QN/Block) 	Elapsed: 108.802	Loglikelihood: -3.23125e+08	(delta): 298374
6 (QN/Block) 	Elapsed: 110.137	Loglikelihood: -3.22892e+08	(delta): 232438
7 (QN/Block) 	Elapsed: 110.936	Loglikelihood: -3.2277e+08	(delta): 122180
8 (QN/Block) 	Elapsed: 107.496	Loglikelihood: -3.22682e+08	(delta): 88402.9
9 (QN/Block) 	Elapsed: 108.465	Loglikelihood: -3.22613e+08	(delta): 68891.1
10 (QN/Block) 	Elapsed: 107.284	Loglikelihood: -3.22547e+08	(delta): 66343.3
11 (QN/Block) 	Elapsed: 110.254	Loglikelihood: -3.22336e+08	(delta): 210387
12 (QN/Block) 	Elapsed: 111.068	Loglikelihood: -3.22141e+08	(delta): 195034
13 (QN/Block) 	Elapsed: 109.712	Loglikelihood: -3.22055e+08	(delta): 85865.8
14 (QN/Block) 	Elapsed: 106.973	Loglikelihood: -3.22002e+08	(delta): 53667.1
15 (QN/Block) 	Elapsed: 106.846	Loglikelihood: -3.21967e+08	(delta): 35192.8
16 (QN/Block) 	Elapsed: 105.172	Loglikelihood: -3.2194e+08	(delta): 26764.5
17 (QN/Block) 	Elapsed: 106.095	Loglikelihood: -3.21916e+08	(delta): 23577.1
18 (QN/Block) 	Elapsed: 107.985	Loglikelihood: -3.21902e+08	(delta): 14468.6
19 (QN/Block) 	Elapsed: 107.95	Loglikelihood: -3.21897e+08	(delta): 4529.07
20 (QN/Block) 	Elapsed: 107.168	Loglikelihood: -3.21895e+08	(delta): 2154.91
21 (QN/Block) 	Elapsed: 104.947	Loglikelihood: -3.21893e+08	(delta): 1813.28
22 (QN/Block) 	Elapsed: 105.271	Loglikelihood: -3.21892e+08	(delta): 1059.75
23 (QN/Block) 	Elapsed: 106.201	Loglikelihood: -3.21891e+08	(delta): 700.709
24 (QN/Block) 	Elapsed: 105.859	Loglikelihood: -3.21891e+08	(delta): 829.281
25 (QN/Block) 	Elapsed: 105.651	Loglikelihood: -3.2189e+08	(delta): 759.867
26 (QN/Block) 	Elapsed: 106.068	Loglikelihood: -3.21889e+08	(delta): 631.69
27 (QN/Block) 	Elapsed: 105.775	Loglikelihood: -3.21889e+08	(delta): 473.394
28 (QN/Block) 	Elapsed: 108.819	Loglikelihood: -3.21888e+08	(delta): 397.502
29 (QN/Block) 	Elapsed: 107.368	Loglikelihood: -3.21888e+08	(delta): 453.909
30 (QN/Block) 	Elapsed: 107.279	Loglikelihood: -3.21887e+08	(delta): 579.486
31 (QN/Block) 	Elapsed: 108.213	Loglikelihood: -3.21887e+08	(delta): 393.826
32 (QN/Block) 	Elapsed: 109.891	Loglikelihood: -3.21887e+08	(delta): 396.775
33 (QN/Block) 	Elapsed: 109.344	Loglikelihood: -3.21886e+08	(delta): 263.932
34 (QN/Block) 	Elapsed: 108.635	Loglikelihood: -3.21886e+08	(delta): 600.036
35 (QN/Block) 	Elapsed: 107.559	Loglikelihood: -3.21885e+08	(delta): 441.587
36 (QN/Block) 	Elapsed: 107.047	Loglikelihood: -3.21885e+08	(delta): 566.568
37 (QN/Block) 	Elapsed: 105.221	Loglikelihood: -3.21884e+08	(delta): 382.315
38 (QN/Block) 	Elapsed: 108.224	Loglikelihood: -3.21884e+08	(delta): 399.538
39 (QN/Block) 	Elapsed: 107.207	Loglikelihood: -3.21884e+08	(delta): 21.0447
40 (QN/Block) 	Elapsed: 106.268	Loglikelihood: -3.21883e+08	(delta): 444.144
41 (QN/Block) 	Elapsed: 107.368	Loglikelihood: -3.21883e+08	(delta): 373.352
42 (QN/Block) 	Elapsed: 109.854	Loglikelihood: -3.21883e+08	(delta): 325.788
43 (QN/Block) 	Elapsed: 106.207	Loglikelihood: -3.21883e+08	(delta): 92.3521
44 (QN/Block) 	Elapsed: 108.401	Loglikelihood: -3.21883e+08	(delta): 55.2433
45 (QN/Block) 	Elapsed: 104.828	Loglikelihood: -3.21883e+08	(delta): -16.1489
46 (QN/Block) 	Elapsed: 105.455	Loglikelihood: -3.21882e+08	(delta): 176.519
47 (QN/Block) 	Elapsed: 104.101	Loglikelihood: -3.21882e+08	(delta): 110.918
48 (QN/Block) 	Elapsed: 107.036	Loglikelihood: -3.21882e+08	(delta): 93.7313
49 (QN/Block) 	Elapsed: 105.963	Loglikelihood: -3.21882e+08	(delta): 72.7206
50 (QN/Block) 	Elapsed: 106.73	Loglikelihood: -3.21882e+08	(delta): 20.7153
51 (QN/Block) 	Elapsed: 105.957	Loglikelihood: -3.21882e+08	(delta): -35.3442
52 (QN/Block) 	Elapsed: 106.525	Loglikelihood: -3.21882e+08	(delta): 58.8529
53 (QN/Block) 	Elapsed: 106.122	Loglikelihood: -3.21882e+08	(delta): 16.2567
54 (QN/Block) 	Elapsed: 108.608	Loglikelihood: -3.21882e+08	(delta): 6.4112
55 (QN/Block) 	Elapsed: 106.052	Loglikelihood: -3.21882e+08	(delta): 5.08308
56 (QN/Block) 	Elapsed: 105.797	Loglikelihood: -3.21882e+08	(delta): 3.18611
57 (QN/Block) 	Elapsed: 105.775	Loglikelihood: -3.21882e+08	(delta): 6.42985
58 (QN/Block) 	Elapsed: 105.264	Loglikelihood: -3.21882e+08	(delta): 5.70391
59 (QN/Block) 	Elapsed: 107.334	Loglikelihood: -3.21882e+08	(delta): 0.913699
60 (QN/Block) 	Elapsed: 105.692	Loglikelihood: -3.21882e+08	(delta): -2.21626
61 (QN/Block) 	Elapsed: 105.446	Loglikelihood: -3.21882e+08	(delta): 6.02911
62 (QN/Block) 	Elapsed: 105.884	Loglikelihood: -3.21882e+08	(delta): 12.4803
63 (QN/Block) 	Elapsed: 105.041	Loglikelihood: -3.21882e+08	(delta): 0.428593
64 (QN/Block) 	Elapsed: 106.14	Loglikelihood: -3.21882e+08	(delta): 0.279678
65 (QN/Block) 	Elapsed: 105.575	Loglikelihood: -3.21882e+08	(delta): 0.214968
66 (QN/Block) 	Elapsed: 106.078	Loglikelihood: -3.21882e+08	(delta): 0.161669
67 (QN/Block) 	Elapsed: 105.379	Loglikelihood: -3.21882e+08	(delta): 0.106911
68 (QN/Block) 	Elapsed: 102.536	Loglikelihood: -3.21882e+08	(delta): 0.128176
69 (QN/Block) 	Elapsed: 103.294	Loglikelihood: -3.21882e+08	(delta): 0.0729134
70 (QN/Block) 	Elapsed: 104.14	Loglikelihood: -3.21882e+08	(delta): 0.0578813
71 (QN/Block) 	Elapsed: 103.774	Loglikelihood: -3.21882e+08	(delta): 0.0232389
72 (QN/Block) 	Elapsed: 103.622	Loglikelihood: -3.21882e+08	(delta): 0.0201939
73 (QN/Block) 	Elapsed: 103.299	Loglikelihood: -3.21882e+08	(delta): 0.0177208
74 (QN/Block) 	Elapsed: 103.191	Loglikelihood: -3.21882e+08	(delta): 0.0110904
75 (QN/Block) 	Elapsed: 102.846	Loglikelihood: -3.21882e+08	(delta): 0.00478733
76 (QN/Block) 	Elapsed: 102.757	Loglikelihood: -3.21882e+08	(delta): 0.00379264
77 (QN/Block) 	Elapsed: 104.151	Loglikelihood: -3.21882e+08	(delta): 0.00422573
78 (QN/Block) 	Elapsed: 103.961	Loglikelihood: -3.21882e+08	(delta): 0.00165951
79 (QN/Block) 	Elapsed: 102.95	Loglikelihood: -3.21882e+08	(delta): 0.000841558
80 (QN/Block) 	Elapsed: 102.917	Loglikelihood: -3.21882e+08	(delta): 0.00182581
81 (QN/Block) 	Elapsed: 102.843	Loglikelihood: -3.21882e+08	(delta): 8.50558e-05
Summary: 
Converged in 81 iterations (8888.73 sec)
Loglikelihood: -321882022.368734
Fst divergences between estimated populations: 
	Pop0	Pop1	Pop2	Pop3	Pop4	
Pop0	
Pop1	0.135	
Pop2	0.152	0.054	
Pop3	0.180	0.074	0.073	
Pop4	0.187	0.082	0.083	0.039	
Pop5	0.195	0.088	0.093	0.066	0.076	
CV error (K=6): 0.44517
Writing output files.
