****                   ADMIXTURE Version 1.3.0                  ****
****                    Copyright 2008-2015                     ****
****           David Alexander, Suyash Shringarpure,            ****
****                John  Novembre, Ken Lange                   ****
****                                                            ****
****                 Please cite our paper!                     ****
****   Information at www.genetics.ucla.edu/software/admixture  ****

Parallel execution requested.  Will use 7 threads.
Cross-validation will be performed.  Folds=5.
Random seed: 43
Point estimation method: Block relaxation algorithm
Convergence acceleration algorithm: QuasiNewton, 3 secant conditions
Point estimation will terminate when objective function delta < 0.0001
Estimation of standard errors disabled; will compute point estimates only.
Size of G: 197x1391727
Performing five EM steps to prime main algorithm
1 (EM) 	Elapsed: 86.734	Loglikelihood: -2.47529e+08	(delta): 1.41933e+08
2 (EM) 	Elapsed: 78.647	Loglikelihood: -2.38422e+08	(delta): 9.10699e+06
3 (EM) 	Elapsed: 78.469	Loglikelihood: -2.36542e+08	(delta): 1.87947e+06
4 (EM) 	Elapsed: 77.566	Loglikelihood: -2.35423e+08	(delta): 1.11991e+06
5 (EM) 	Elapsed: 77.638	Loglikelihood: -2.34554e+08	(delta): 868272
Initial loglikelihood: -2.34554e+08
Starting main algorithm
1 (QN/Block) 	Elapsed: 158.312	Loglikelihood: -2.25332e+08	(delta): 9.22223e+06
2 (QN/Block) 	Elapsed: 159.075	Loglikelihood: -2.23118e+08	(delta): 2.21425e+06
3 (QN/Block) 	Elapsed: 169.334	Loglikelihood: -2.22176e+08	(delta): 941412
4 (QN/Block) 	Elapsed: 170.491	Loglikelihood: -2.21567e+08	(delta): 609216
5 (QN/Block) 	Elapsed: 170.749	Loglikelihood: -2.21236e+08	(delta): 331161
6 (QN/Block) 	Elapsed: 155.791	Loglikelihood: -2.20982e+08	(delta): 254422
7 (QN/Block) 	Elapsed: 166.125	Loglikelihood: -2.20793e+08	(delta): 188141
8 (QN/Block) 	Elapsed: 166.191	Loglikelihood: -2.20724e+08	(delta): 69768.1
9 (QN/Block) 	Elapsed: 166.498	Loglikelihood: -2.2065e+08	(delta): 73937.1
10 (QN/Block) 	Elapsed: 167.571	Loglikelihood: -2.2059e+08	(delta): 59553.5
11 (QN/Block) 	Elapsed: 166.859	Loglikelihood: -2.20526e+08	(delta): 64329.9
12 (QN/Block) 	Elapsed: 168.25	Loglikelihood: -2.2046e+08	(delta): 66336.4
13 (QN/Block) 	Elapsed: 161.849	Loglikelihood: -2.20407e+08	(delta): 52250.8
14 (QN/Block) 	Elapsed: 157.573	Loglikelihood: -2.20374e+08	(delta): 33633.3
15 (QN/Block) 	Elapsed: 153.984	Loglikelihood: -2.20347e+08	(delta): 26159.6
16 (QN/Block) 	Elapsed: 154.223	Loglikelihood: -2.20332e+08	(delta): 15939.5
17 (QN/Block) 	Elapsed: 150.625	Loglikelihood: -2.20316e+08	(delta): 15199.8
18 (QN/Block) 	Elapsed: 148.659	Loglikelihood: -2.20304e+08	(delta): 12374.4
19 (QN/Block) 	Elapsed: 151.325	Loglikelihood: -2.20296e+08	(delta): 8290.92
20 (QN/Block) 	Elapsed: 151.624	Loglikelihood: -2.20283e+08	(delta): 13129.4
21 (QN/Block) 	Elapsed: 150.686	Loglikelihood: -2.2027e+08	(delta): 12648.3
22 (QN/Block) 	Elapsed: 150.698	Loglikelihood: -2.20256e+08	(delta): 14191.1
23 (QN/Block) 	Elapsed: 145.774	Loglikelihood: -2.20243e+08	(delta): 13009.9
24 (QN/Block) 	Elapsed: 149.32	Loglikelihood: -2.20238e+08	(delta): 5047.67
25 (QN/Block) 	Elapsed: 149.186	Loglikelihood: -2.20236e+08	(delta): 1860.47
26 (QN/Block) 	Elapsed: 147.531	Loglikelihood: -2.20235e+08	(delta): 603.838
27 (QN/Block) 	Elapsed: 148.377	Loglikelihood: -2.20235e+08	(delta): 215.518
28 (QN/Block) 	Elapsed: 147.664	Loglikelihood: -2.20235e+08	(delta): 195.059
29 (QN/Block) 	Elapsed: 142.354	Loglikelihood: -2.20235e+08	(delta): 86.5966
30 (QN/Block) 	Elapsed: 150.597	Loglikelihood: -2.20235e+08	(delta): 113.677
31 (QN/Block) 	Elapsed: 150.345	Loglikelihood: -2.20235e+08	(delta): 46.0326
32 (QN/Block) 	Elapsed: 149.116	Loglikelihood: -2.20234e+08	(delta): 44.341
33 (QN/Block) 	Elapsed: 147.607	Loglikelihood: -2.20234e+08	(delta): 94.0287
34 (QN/Block) 	Elapsed: 148.29	Loglikelihood: -2.20234e+08	(delta): 85.5229
35 (QN/Block) 	Elapsed: 149.302	Loglikelihood: -2.20234e+08	(delta): 122.459
36 (QN/Block) 	Elapsed: 151.148	Loglikelihood: -2.20234e+08	(delta): 78.0225
37 (QN/Block) 	Elapsed: 146.274	Loglikelihood: -2.20234e+08	(delta): 16.8011
38 (QN/Block) 	Elapsed: 147.394	Loglikelihood: -2.20234e+08	(delta): 30.5794
39 (QN/Block) 	Elapsed: 146.652	Loglikelihood: -2.20234e+08	(delta): 99.3126
40 (QN/Block) 	Elapsed: 149.046	Loglikelihood: -2.20234e+08	(delta): 153.396
41 (QN/Block) 	Elapsed: 137.936	Loglikelihood: -2.20233e+08	(delta): 441.363
42 (QN/Block) 	Elapsed: 151.226	Loglikelihood: -2.20233e+08	(delta): 48.9942
43 (QN/Block) 	Elapsed: 149.082	Loglikelihood: -2.20233e+08	(delta): 10.2156
44 (QN/Block) 	Elapsed: 147.551	Loglikelihood: -2.20233e+08	(delta): 2.13383
45 (QN/Block) 	Elapsed: 148.005	Loglikelihood: -2.20233e+08	(delta): 3.0921
46 (QN/Block) 	Elapsed: 149.902	Loglikelihood: -2.20233e+08	(delta): 0.64716
47 (QN/Block) 	Elapsed: 150.73	Loglikelihood: -2.20233e+08	(delta): 0.530703
48 (QN/Block) 	Elapsed: 148.417	Loglikelihood: -2.20233e+08	(delta): 0.109266
49 (QN/Block) 	Elapsed: 148.358	Loglikelihood: -2.20233e+08	(delta): 0.205612
50 (QN/Block) 	Elapsed: 150.418	Loglikelihood: -2.20233e+08	(delta): 0.0296938
51 (QN/Block) 	Elapsed: 153.48	Loglikelihood: -2.20233e+08	(delta): 0.0463592
52 (QN/Block) 	Elapsed: 163.502	Loglikelihood: -2.20233e+08	(delta): 0.0156072
53 (QN/Block) 	Elapsed: 147.511	Loglikelihood: -2.20233e+08	(delta): 0.0239063
54 (QN/Block) 	Elapsed: 155.958	Loglikelihood: -2.20233e+08	(delta): 0.00969622
55 (QN/Block) 	Elapsed: 157.006	Loglikelihood: -2.20233e+08	(delta): 0.0240906
56 (QN/Block) 	Elapsed: 158.026	Loglikelihood: -2.20233e+08	(delta): 0.00489062
57 (QN/Block) 	Elapsed: 156.082	Loglikelihood: -2.20233e+08	(delta): 0.0224574
58 (QN/Block) 	Elapsed: 156.307	Loglikelihood: -2.20233e+08	(delta): 0.0355172
59 (QN/Block) 	Elapsed: 153.724	Loglikelihood: -2.20233e+08	(delta): 0.00164667
60 (QN/Block) 	Elapsed: 149.743	Loglikelihood: -2.20233e+08	(delta): 0.00211355
61 (QN/Block) 	Elapsed: 149.755	Loglikelihood: -2.20233e+08	(delta): 0.000709206
62 (QN/Block) 	Elapsed: 150.198	Loglikelihood: -2.20233e+08	(delta): 0.000292122
63 (QN/Block) 	Elapsed: 149.485	Loglikelihood: -2.20233e+08	(delta): 0.000161827
64 (QN/Block) 	Elapsed: 150.35	Loglikelihood: -2.20233e+08	(delta): 5.67734e-05
Summary: 
Converged in 64 iterations (10300 sec)
Loglikelihood: -220233275.218967
Fst divergences between estimated populations: 
	Pop0	Pop1	Pop2	Pop3	Pop4	Pop5	Pop6	Pop7	
Pop0	
Pop1	0.122	
Pop2	0.066	0.104	
Pop3	0.112	0.150	0.090	
Pop4	0.061	0.091	0.043	0.079	
Pop5	0.112	0.137	0.092	0.102	0.082	
Pop6	0.091	0.129	0.076	0.113	0.067	0.114	
Pop7	0.111	0.136	0.090	0.095	0.081	0.052	0.108	
Pop8	0.117	0.141	0.096	0.101	0.086	0.063	0.113	0.051	
CV error (K=9): 0.57493
Writing output files.
