****                   ADMIXTURE Version 1.3.0                  ****
****                    Copyright 2008-2015                     ****
****           David Alexander, Suyash Shringarpure,            ****
****                John  Novembre, Ken Lange                   ****
****                                                            ****
****                 Please cite our paper!                     ****
****   Information at www.genetics.ucla.edu/software/admixture  ****

Parallel execution requested.  Will use 7 threads.
Cross-validation will be performed.  Folds=5.
Random seed: 43
Point estimation method: Block relaxation algorithm
Convergence acceleration algorithm: QuasiNewton, 3 secant conditions
Point estimation will terminate when objective function delta < 0.0001
Estimation of standard errors disabled; will compute point estimates only.
Size of G: 231x1401812
Performing five EM steps to prime main algorithm
1 (EM) 	Elapsed: 14.742	Loglikelihood: -2.59128e+08	(delta): 2.24304e+08
2 (EM) 	Elapsed: 14.477	Loglikelihood: -2.49341e+08	(delta): 9.78708e+06
3 (EM) 	Elapsed: 14.451	Loglikelihood: -2.46806e+08	(delta): 2.53514e+06
4 (EM) 	Elapsed: 14.803	Loglikelihood: -2.45481e+08	(delta): 1.32491e+06
5 (EM) 	Elapsed: 15.034	Loglikelihood: -2.44681e+08	(delta): 800571
Initial loglikelihood: -2.44681e+08
Starting main algorithm
1 (QN/Block) 	Elapsed: 45.489	Loglikelihood: -2.41535e+08	(delta): 3.14601e+06
2 (QN/Block) 	Elapsed: 45.598	Loglikelihood: -2.37365e+08	(delta): 4.16981e+06
3 (QN/Block) 	Elapsed: 48.333	Loglikelihood: -2.36708e+08	(delta): 656754
4 (QN/Block) 	Elapsed: 48.091	Loglikelihood: -2.36346e+08	(delta): 361791
5 (QN/Block) 	Elapsed: 49.96	Loglikelihood: -2.36261e+08	(delta): 85612.5
6 (QN/Block) 	Elapsed: 48.315	Loglikelihood: -2.36219e+08	(delta): 42055.1
7 (QN/Block) 	Elapsed: 48.219	Loglikelihood: -2.36191e+08	(delta): 27867.7
8 (QN/Block) 	Elapsed: 47.14	Loglikelihood: -2.3617e+08	(delta): 20594.8
9 (QN/Block) 	Elapsed: 45.328	Loglikelihood: -2.36145e+08	(delta): 25199.3
10 (QN/Block) 	Elapsed: 43.799	Loglikelihood: -2.36122e+08	(delta): 22687.2
11 (QN/Block) 	Elapsed: 41.73	Loglikelihood: -2.36086e+08	(delta): 35995.6
12 (QN/Block) 	Elapsed: 42.269	Loglikelihood: -2.36065e+08	(delta): 21258
13 (QN/Block) 	Elapsed: 41.284	Loglikelihood: -2.36056e+08	(delta): 9544.44
14 (QN/Block) 	Elapsed: 41.631	Loglikelihood: -2.36047e+08	(delta): 8327.84
15 (QN/Block) 	Elapsed: 41.45	Loglikelihood: -2.36033e+08	(delta): 13959.6
16 (QN/Block) 	Elapsed: 41.382	Loglikelihood: -2.36027e+08	(delta): 6540.06
17 (QN/Block) 	Elapsed: 41.241	Loglikelihood: -2.36023e+08	(delta): 3976.55
18 (QN/Block) 	Elapsed: 43.853	Loglikelihood: -2.36019e+08	(delta): 3571.91
19 (QN/Block) 	Elapsed: 47.353	Loglikelihood: -2.36018e+08	(delta): 1459.54
20 (QN/Block) 	Elapsed: 46.872	Loglikelihood: -2.36017e+08	(delta): 1078.29
21 (QN/Block) 	Elapsed: 47.577	Loglikelihood: -2.36016e+08	(delta): 233.816
22 (QN/Block) 	Elapsed: 44.876	Loglikelihood: -2.36016e+08	(delta): 73.7702
23 (QN/Block) 	Elapsed: 46.186	Loglikelihood: -2.36016e+08	(delta): 67.7553
24 (QN/Block) 	Elapsed: 45.268	Loglikelihood: -2.36016e+08	(delta): 28.7085
25 (QN/Block) 	Elapsed: 47.883	Loglikelihood: -2.36016e+08	(delta): 8.78999
26 (QN/Block) 	Elapsed: 44.534	Loglikelihood: -2.36016e+08	(delta): 25.1243
27 (QN/Block) 	Elapsed: 46.502	Loglikelihood: -2.36016e+08	(delta): 6.67238
28 (QN/Block) 	Elapsed: 48.87	Loglikelihood: -2.36016e+08	(delta): 1.08342
29 (QN/Block) 	Elapsed: 46.823	Loglikelihood: -2.36016e+08	(delta): 0.754086
30 (QN/Block) 	Elapsed: 46.887	Loglikelihood: -2.36016e+08	(delta): 0.156047
31 (QN/Block) 	Elapsed: 46.116	Loglikelihood: -2.36016e+08	(delta): 0.0348642
32 (QN/Block) 	Elapsed: 46.225	Loglikelihood: -2.36016e+08	(delta): 0.0051097
33 (QN/Block) 	Elapsed: 45.898	Loglikelihood: -2.36016e+08	(delta): 0.00138509
34 (QN/Block) 	Elapsed: 45.811	Loglikelihood: -2.36016e+08	(delta): 0.00036636
35 (QN/Block) 	Elapsed: 45.804	Loglikelihood: -2.36016e+08	(delta): 0.000135064
36 (QN/Block) 	Elapsed: 47.064	Loglikelihood: -2.36016e+08	(delta): 1.18613e-05
Summary: 
Converged in 36 iterations (1746.97 sec)
Loglikelihood: -236016198.052555
Fst divergences between estimated populations: 
	Pop0	Pop1	
Pop0	
Pop1	0.069	
Pop2	0.067	0.074	
CV error (K=3): 0.47157
Writing output files.
