****                   ADMIXTURE Version 1.3.0                  ****
****                    Copyright 2008-2015                     ****
****           David Alexander, Suyash Shringarpure,            ****
****                John  Novembre, Ken Lange                   ****
****                                                            ****
****                 Please cite our paper!                     ****
****   Information at www.genetics.ucla.edu/software/admixture  ****

Parallel execution requested.  Will use 7 threads.
Cross-validation will be performed.  Folds=5.
Random seed: 43
Point estimation method: Block relaxation algorithm
Convergence acceleration algorithm: QuasiNewton, 3 secant conditions
Point estimation will terminate when objective function delta < 0.0001
Estimation of standard errors disabled; will compute point estimates only.
Size of G: 197x1391727
Performing five EM steps to prime main algorithm
1 (EM) 	Elapsed: 29.561	Loglikelihood: -2.47789e+08	(delta): 1.44266e+08
2 (EM) 	Elapsed: 29.669	Loglikelihood: -2.38711e+08	(delta): 9.0783e+06
3 (EM) 	Elapsed: 29.396	Loglikelihood: -2.36745e+08	(delta): 1.96655e+06
4 (EM) 	Elapsed: 29.389	Loglikelihood: -2.3557e+08	(delta): 1.17499e+06
5 (EM) 	Elapsed: 29.591	Loglikelihood: -2.34677e+08	(delta): 893095
Initial loglikelihood: -2.34677e+08
Starting main algorithm
1 (QN/Block) 	Elapsed: 78.327	Loglikelihood: -2.26819e+08	(delta): 7.85763e+06
2 (QN/Block) 	Elapsed: 83.896	Loglikelihood: -2.23798e+08	(delta): 3.02103e+06
3 (QN/Block) 	Elapsed: 86.713	Loglikelihood: -2.22874e+08	(delta): 924320
4 (QN/Block) 	Elapsed: 96.651	Loglikelihood: -2.22118e+08	(delta): 755133
5 (QN/Block) 	Elapsed: 97.277	Loglikelihood: -2.21681e+08	(delta): 437717
6 (QN/Block) 	Elapsed: 96.639	Loglikelihood: -2.21461e+08	(delta): 219392
7 (QN/Block) 	Elapsed: 96.112	Loglikelihood: -2.21357e+08	(delta): 104010
8 (QN/Block) 	Elapsed: 98.327	Loglikelihood: -2.21296e+08	(delta): 61678.6
9 (QN/Block) 	Elapsed: 99.043	Loglikelihood: -2.21243e+08	(delta): 52355.5
10 (QN/Block) 	Elapsed: 100.067	Loglikelihood: -2.21212e+08	(delta): 30841.2
11 (QN/Block) 	Elapsed: 97.26	Loglikelihood: -2.21198e+08	(delta): 14212.9
12 (QN/Block) 	Elapsed: 98.519	Loglikelihood: -2.21188e+08	(delta): 10208.9
13 (QN/Block) 	Elapsed: 97.364	Loglikelihood: -2.21178e+08	(delta): 10267
14 (QN/Block) 	Elapsed: 96.319	Loglikelihood: -2.21174e+08	(delta): 3874.21
15 (QN/Block) 	Elapsed: 98.178	Loglikelihood: -2.21163e+08	(delta): 10768
16 (QN/Block) 	Elapsed: 96.765	Loglikelihood: -2.21157e+08	(delta): 6504.55
17 (QN/Block) 	Elapsed: 95.881	Loglikelihood: -2.21147e+08	(delta): 9595.59
18 (QN/Block) 	Elapsed: 96.5	Loglikelihood: -2.21138e+08	(delta): 9321.18
19 (QN/Block) 	Elapsed: 97.544	Loglikelihood: -2.2112e+08	(delta): 17920.2
20 (QN/Block) 	Elapsed: 97.441	Loglikelihood: -2.21113e+08	(delta): 7198.43
21 (QN/Block) 	Elapsed: 95.95	Loglikelihood: -2.21105e+08	(delta): 7185.71
22 (QN/Block) 	Elapsed: 95.911	Loglikelihood: -2.21103e+08	(delta): 2302.11
23 (QN/Block) 	Elapsed: 96.208	Loglikelihood: -2.211e+08	(delta): 2818.09
24 (QN/Block) 	Elapsed: 96.697	Loglikelihood: -2.21094e+08	(delta): 5735.6
25 (QN/Block) 	Elapsed: 96.179	Loglikelihood: -2.21088e+08	(delta): 6449.39
26 (QN/Block) 	Elapsed: 96.843	Loglikelihood: -2.21085e+08	(delta): 2734.17
27 (QN/Block) 	Elapsed: 95.575	Loglikelihood: -2.21084e+08	(delta): 1064.86
28 (QN/Block) 	Elapsed: 96.091	Loglikelihood: -2.21084e+08	(delta): 677.788
29 (QN/Block) 	Elapsed: 94.149	Loglikelihood: -2.21083e+08	(delta): 865.262
30 (QN/Block) 	Elapsed: 93.609	Loglikelihood: -2.21082e+08	(delta): 559.628
31 (QN/Block) 	Elapsed: 91.558	Loglikelihood: -2.21082e+08	(delta): 335.798
32 (QN/Block) 	Elapsed: 89.877	Loglikelihood: -2.21081e+08	(delta): 623.684
33 (QN/Block) 	Elapsed: 89.82	Loglikelihood: -2.21081e+08	(delta): 563.576
34 (QN/Block) 	Elapsed: 93.793	Loglikelihood: -2.2108e+08	(delta): 675.659
35 (QN/Block) 	Elapsed: 91.604	Loglikelihood: -2.21079e+08	(delta): 615.369
36 (QN/Block) 	Elapsed: 95.405	Loglikelihood: -2.21079e+08	(delta): 550.68
37 (QN/Block) 	Elapsed: 96.316	Loglikelihood: -2.21078e+08	(delta): 757.193
38 (QN/Block) 	Elapsed: 96.859	Loglikelihood: -2.21078e+08	(delta): 506.955
39 (QN/Block) 	Elapsed: 87.558	Loglikelihood: -2.21077e+08	(delta): 527.964
40 (QN/Block) 	Elapsed: 88.279	Loglikelihood: -2.21077e+08	(delta): 333.739
41 (QN/Block) 	Elapsed: 88.205	Loglikelihood: -2.21076e+08	(delta): 360.291
42 (QN/Block) 	Elapsed: 89.194	Loglikelihood: -2.21076e+08	(delta): 320.127
43 (QN/Block) 	Elapsed: 88.286	Loglikelihood: -2.21076e+08	(delta): 227.998
44 (QN/Block) 	Elapsed: 88.848	Loglikelihood: -2.21076e+08	(delta): 133.315
45 (QN/Block) 	Elapsed: 87.201	Loglikelihood: -2.21075e+08	(delta): 218.717
46 (QN/Block) 	Elapsed: 87.147	Loglikelihood: -2.21075e+08	(delta): 181.034
47 (QN/Block) 	Elapsed: 87.11	Loglikelihood: -2.21075e+08	(delta): 173.584
48 (QN/Block) 	Elapsed: 87.985	Loglikelihood: -2.21075e+08	(delta): 120.629
49 (QN/Block) 	Elapsed: 87.922	Loglikelihood: -2.21075e+08	(delta): 213.609
50 (QN/Block) 	Elapsed: 88.451	Loglikelihood: -2.21075e+08	(delta): 122.682
51 (QN/Block) 	Elapsed: 87.423	Loglikelihood: -2.21074e+08	(delta): 210.559
52 (QN/Block) 	Elapsed: 88.509	Loglikelihood: -2.21074e+08	(delta): 132.84
53 (QN/Block) 	Elapsed: 88.907	Loglikelihood: -2.21074e+08	(delta): 83.3615
54 (QN/Block) 	Elapsed: 89.935	Loglikelihood: -2.21074e+08	(delta): 71.7879
55 (QN/Block) 	Elapsed: 93.589	Loglikelihood: -2.21074e+08	(delta): 34.9011
56 (QN/Block) 	Elapsed: 96.714	Loglikelihood: -2.21074e+08	(delta): 11.1873
57 (QN/Block) 	Elapsed: 90.903	Loglikelihood: -2.21074e+08	(delta): 12.7623
58 (QN/Block) 	Elapsed: 92.372	Loglikelihood: -2.21074e+08	(delta): 6.07589
59 (QN/Block) 	Elapsed: 100.073	Loglikelihood: -2.21074e+08	(delta): 0.42662
60 (QN/Block) 	Elapsed: 99.581	Loglikelihood: -2.21074e+08	(delta): 0.0362889
61 (QN/Block) 	Elapsed: 100.63	Loglikelihood: -2.21074e+08	(delta): 0.0210542
62 (QN/Block) 	Elapsed: 100.882	Loglikelihood: -2.21074e+08	(delta): 0.00300851
63 (QN/Block) 	Elapsed: 100.362	Loglikelihood: -2.21074e+08	(delta): 0.00032562
64 (QN/Block) 	Elapsed: 93.133	Loglikelihood: -2.21074e+08	(delta): 8.43108e-05
Summary: 
Converged in 64 iterations (6198.07 sec)
Loglikelihood: -221074020.254313
Fst divergences between estimated populations: 
	Pop0	Pop1	Pop2	Pop3	Pop4	Pop5	Pop6	
Pop0	
Pop1	0.116	
Pop2	0.117	0.080	
Pop3	0.124	0.053	0.084	
Pop4	0.127	0.089	0.041	0.094	
Pop5	0.128	0.059	0.092	0.072	0.102	
Pop6	0.129	0.096	0.068	0.101	0.080	0.109	
Pop7	0.160	0.098	0.117	0.110	0.126	0.114	0.137	
CV error (K=8): 0.57330
Writing output files.
