****                   ADMIXTURE Version 1.3.0                  ****
****                    Copyright 2008-2015                     ****
****           David Alexander, Suyash Shringarpure,            ****
****                John  Novembre, Ken Lange                   ****
****                                                            ****
****                 Please cite our paper!                     ****
****   Information at www.genetics.ucla.edu/software/admixture  ****

Parallel execution requested.  Will use 7 threads.
Cross-validation will be performed.  Folds=5.
Random seed: 43
Point estimation method: Block relaxation algorithm
Convergence acceleration algorithm: QuasiNewton, 3 secant conditions
Point estimation will terminate when objective function delta < 0.0001
Estimation of standard errors disabled; will compute point estimates only.
Size of G: 295x1636221
Performing five EM steps to prime main algorithm
1 (EM) 	Elapsed: 78.268	Loglikelihood: -3.79745e+08	(delta): 2.71727e+08
2 (EM) 	Elapsed: 77.082	Loglikelihood: -3.6363e+08	(delta): 1.61148e+07
3 (EM) 	Elapsed: 77.347	Loglikelihood: -3.607e+08	(delta): 2.92975e+06
4 (EM) 	Elapsed: 78.044	Loglikelihood: -3.58992e+08	(delta): 1.70876e+06
5 (EM) 	Elapsed: 77.154	Loglikelihood: -3.5762e+08	(delta): 1.37149e+06
Initial loglikelihood: -3.5762e+08
Starting main algorithm
1 (QN/Block) 	Elapsed: 171.872	Loglikelihood: -3.27316e+08	(delta): 3.0304e+07
2 (QN/Block) 	Elapsed: 178.299	Loglikelihood: -3.22517e+08	(delta): 4.79933e+06
3 (QN/Block) 	Elapsed: 169.048	Loglikelihood: -3.20566e+08	(delta): 1.95118e+06
4 (QN/Block) 	Elapsed: 171.294	Loglikelihood: -3.19404e+08	(delta): 1.16142e+06
5 (QN/Block) 	Elapsed: 168.12	Loglikelihood: -3.19003e+08	(delta): 400779
6 (QN/Block) 	Elapsed: 171.525	Loglikelihood: -3.18803e+08	(delta): 200850
7 (QN/Block) 	Elapsed: 170.684	Loglikelihood: -3.18661e+08	(delta): 141885
8 (QN/Block) 	Elapsed: 170.392	Loglikelihood: -3.1855e+08	(delta): 110998
9 (QN/Block) 	Elapsed: 170.759	Loglikelihood: -3.18476e+08	(delta): 73743
10 (QN/Block) 	Elapsed: 155.532	Loglikelihood: -3.18407e+08	(delta): 68582.2
11 (QN/Block) 	Elapsed: 156.709	Loglikelihood: -3.1833e+08	(delta): 77786.1
12 (QN/Block) 	Elapsed: 154.889	Loglikelihood: -3.18252e+08	(delta): 77508.3
13 (QN/Block) 	Elapsed: 162.584	Loglikelihood: -3.18177e+08	(delta): 74968.4
14 (QN/Block) 	Elapsed: 154.768	Loglikelihood: -3.18062e+08	(delta): 115157
15 (QN/Block) 	Elapsed: 154.42	Loglikelihood: -3.17985e+08	(delta): 76530
16 (QN/Block) 	Elapsed: 153.986	Loglikelihood: -3.17924e+08	(delta): 61561.5
17 (QN/Block) 	Elapsed: 154.624	Loglikelihood: -3.17874e+08	(delta): 50011.5
18 (QN/Block) 	Elapsed: 154.258	Loglikelihood: -3.17834e+08	(delta): 40303.6
19 (QN/Block) 	Elapsed: 154.461	Loglikelihood: -3.17806e+08	(delta): 27630.4
20 (QN/Block) 	Elapsed: 155.211	Loglikelihood: -3.17791e+08	(delta): 14933.4
21 (QN/Block) 	Elapsed: 155.132	Loglikelihood: -3.17784e+08	(delta): 6576.92
22 (QN/Block) 	Elapsed: 173.252	Loglikelihood: -3.17779e+08	(delta): 5565.79
23 (QN/Block) 	Elapsed: 172.98	Loglikelihood: -3.17775e+08	(delta): 4324.85
24 (QN/Block) 	Elapsed: 170.039	Loglikelihood: -3.17771e+08	(delta): 3236.39
25 (QN/Block) 	Elapsed: 171.911	Loglikelihood: -3.17769e+08	(delta): 2430.82
26 (QN/Block) 	Elapsed: 170.136	Loglikelihood: -3.17767e+08	(delta): 2341.39
27 (QN/Block) 	Elapsed: 172.414	Loglikelihood: -3.17766e+08	(delta): 694.054
28 (QN/Block) 	Elapsed: 170.343	Loglikelihood: -3.17765e+08	(delta): 521.715
29 (QN/Block) 	Elapsed: 170.479	Loglikelihood: -3.17765e+08	(delta): 273.761
30 (QN/Block) 	Elapsed: 170.62	Loglikelihood: -3.17765e+08	(delta): 143.149
31 (QN/Block) 	Elapsed: 172.216	Loglikelihood: -3.17765e+08	(delta): 103.818
32 (QN/Block) 	Elapsed: 172.569	Loglikelihood: -3.17765e+08	(delta): 52.5713
33 (QN/Block) 	Elapsed: 171.997	Loglikelihood: -3.17765e+08	(delta): 28.103
34 (QN/Block) 	Elapsed: 170.521	Loglikelihood: -3.17765e+08	(delta): 14.8412
35 (QN/Block) 	Elapsed: 169.987	Loglikelihood: -3.17765e+08	(delta): 21.2645
36 (QN/Block) 	Elapsed: 170.176	Loglikelihood: -3.17765e+08	(delta): 4.86641
37 (QN/Block) 	Elapsed: 170.559	Loglikelihood: -3.17765e+08	(delta): 1.03469
38 (QN/Block) 	Elapsed: 169.792	Loglikelihood: -3.17765e+08	(delta): 0.548183
39 (QN/Block) 	Elapsed: 169.192	Loglikelihood: -3.17765e+08	(delta): 2.15037
40 (QN/Block) 	Elapsed: 170.616	Loglikelihood: -3.17765e+08	(delta): 2.21958
41 (QN/Block) 	Elapsed: 171.38	Loglikelihood: -3.17765e+08	(delta): 10.8723
42 (QN/Block) 	Elapsed: 170.001	Loglikelihood: -3.17765e+08	(delta): 25.9196
43 (QN/Block) 	Elapsed: 175.217	Loglikelihood: -3.17765e+08	(delta): 16.358
44 (QN/Block) 	Elapsed: 175.121	Loglikelihood: -3.17765e+08	(delta): 24.6568
45 (QN/Block) 	Elapsed: 174.645	Loglikelihood: -3.17765e+08	(delta): 38.7435
46 (QN/Block) 	Elapsed: 176.735	Loglikelihood: -3.17764e+08	(delta): 62.3701
47 (QN/Block) 	Elapsed: 177.169	Loglikelihood: -3.17764e+08	(delta): 102.851
48 (QN/Block) 	Elapsed: 175.828	Loglikelihood: -3.17764e+08	(delta): 85.3003
49 (QN/Block) 	Elapsed: 177.281	Loglikelihood: -3.17764e+08	(delta): 4.90881
50 (QN/Block) 	Elapsed: 170.415	Loglikelihood: -3.17764e+08	(delta): 6.44448
51 (QN/Block) 	Elapsed: 171.256	Loglikelihood: -3.17764e+08	(delta): 0.389269
52 (QN/Block) 	Elapsed: 171.984	Loglikelihood: -3.17764e+08	(delta): 0.164473
53 (QN/Block) 	Elapsed: 169.776	Loglikelihood: -3.17764e+08	(delta): 0.201371
54 (QN/Block) 	Elapsed: 171.048	Loglikelihood: -3.17764e+08	(delta): 0.0358093
55 (QN/Block) 	Elapsed: 171.646	Loglikelihood: -3.17764e+08	(delta): 0.0146986
56 (QN/Block) 	Elapsed: 170.991	Loglikelihood: -3.17764e+08	(delta): 0.00516534
57 (QN/Block) 	Elapsed: 171.462	Loglikelihood: -3.17764e+08	(delta): 0.003613
58 (QN/Block) 	Elapsed: 169.796	Loglikelihood: -3.17764e+08	(delta): 0.000394106
59 (QN/Block) 	Elapsed: 171.131	Loglikelihood: -3.17764e+08	(delta): 0.000115275
60 (QN/Block) 	Elapsed: 171.518	Loglikelihood: -3.17764e+08	(delta): 2.12193e-05
Summary: 
Converged in 60 iterations (10619.7 sec)
Loglikelihood: -317764279.608451
Fst divergences between estimated populations: 
	Pop0	Pop1	Pop2	Pop3	Pop4	Pop5	Pop6	Pop7	Pop8	
Pop0	
Pop1	0.086	
Pop2	0.207	0.176	
Pop3	0.305	0.276	0.204	
Pop4	0.193	0.161	0.052	0.182	
Pop5	0.086	0.057	0.158	0.259	0.145	
Pop6	0.081	0.051	0.159	0.260	0.145	0.035	
Pop7	0.076	0.097	0.216	0.314	0.201	0.093	0.088	
Pop8	0.198	0.167	0.053	0.195	0.039	0.149	0.150	0.206	
Pop9	0.039	0.076	0.200	0.297	0.185	0.078	0.072	0.066	0.190	
CV error (K=10): 0.46953
Writing output files.
