****                   ADMIXTURE Version 1.3.0                  ****
****                    Copyright 2008-2015                     ****
****           David Alexander, Suyash Shringarpure,            ****
****                John  Novembre, Ken Lange                   ****
****                                                            ****
****                 Please cite our paper!                     ****
****   Information at www.genetics.ucla.edu/software/admixture  ****

Parallel execution requested.  Will use 7 threads.
Cross-validation will be performed.  Folds=5.
Random seed: 43
Point estimation method: Block relaxation algorithm
Convergence acceleration algorithm: QuasiNewton, 3 secant conditions
Point estimation will terminate when objective function delta < 0.0001
Estimation of standard errors disabled; will compute point estimates only.
Size of G: 231x1401812
Performing five EM steps to prime main algorithm
1 (EM) 	Elapsed: 33.587	Loglikelihood: -2.60034e+08	(delta): 2.05773e+08
2 (EM) 	Elapsed: 32.276	Loglikelihood: -2.49895e+08	(delta): 1.01386e+07
3 (EM) 	Elapsed: 32.869	Loglikelihood: -2.47323e+08	(delta): 2.5724e+06
4 (EM) 	Elapsed: 32.747	Loglikelihood: -2.45894e+08	(delta): 1.42952e+06
5 (EM) 	Elapsed: 33.455	Loglikelihood: -2.44944e+08	(delta): 949943
Initial loglikelihood: -2.44944e+08
Starting main algorithm
1 (QN/Block) 	Elapsed: 58.484	Loglikelihood: -2.37739e+08	(delta): 7.20443e+06
2 (QN/Block) 	Elapsed: 58.005	Loglikelihood: -2.3623e+08	(delta): 1.50946e+06
3 (QN/Block) 	Elapsed: 61.772	Loglikelihood: -2.35773e+08	(delta): 456427
4 (QN/Block) 	Elapsed: 62.16	Loglikelihood: -2.35315e+08	(delta): 458304
5 (QN/Block) 	Elapsed: 63.357	Loglikelihood: -2.35114e+08	(delta): 201118
6 (QN/Block) 	Elapsed: 60.472	Loglikelihood: -2.35037e+08	(delta): 77247.7
7 (QN/Block) 	Elapsed: 62.392	Loglikelihood: -2.34979e+08	(delta): 57201.1
8 (QN/Block) 	Elapsed: 60.636	Loglikelihood: -2.34947e+08	(delta): 32283
9 (QN/Block) 	Elapsed: 60.597	Loglikelihood: -2.34927e+08	(delta): 20374.7
10 (QN/Block) 	Elapsed: 61.266	Loglikelihood: -2.34895e+08	(delta): 31665
11 (QN/Block) 	Elapsed: 60.616	Loglikelihood: -2.34883e+08	(delta): 11797.1
12 (QN/Block) 	Elapsed: 62.205	Loglikelihood: -2.34873e+08	(delta): 10735.7
13 (QN/Block) 	Elapsed: 60.321	Loglikelihood: -2.34869e+08	(delta): 3133.98
14 (QN/Block) 	Elapsed: 61.712	Loglikelihood: -2.34868e+08	(delta): 1402.9
15 (QN/Block) 	Elapsed: 60.565	Loglikelihood: -2.34866e+08	(delta): 2407.43
16 (QN/Block) 	Elapsed: 60.482	Loglikelihood: -2.34864e+08	(delta): 1134.49
17 (QN/Block) 	Elapsed: 60.139	Loglikelihood: -2.34863e+08	(delta): 1121.39
18 (QN/Block) 	Elapsed: 60.468	Loglikelihood: -2.34863e+08	(delta): 328.463
19 (QN/Block) 	Elapsed: 61.503	Loglikelihood: -2.34863e+08	(delta): 359.719
20 (QN/Block) 	Elapsed: 60.579	Loglikelihood: -2.34862e+08	(delta): 208.104
21 (QN/Block) 	Elapsed: 61.417	Loglikelihood: -2.34862e+08	(delta): 93.1904
22 (QN/Block) 	Elapsed: 60.525	Loglikelihood: -2.34862e+08	(delta): 59.2725
23 (QN/Block) 	Elapsed: 60.102	Loglikelihood: -2.34862e+08	(delta): 46.0208
24 (QN/Block) 	Elapsed: 60.85	Loglikelihood: -2.34862e+08	(delta): 21.4799
25 (QN/Block) 	Elapsed: 60.681	Loglikelihood: -2.34862e+08	(delta): 11.0382
26 (QN/Block) 	Elapsed: 60.321	Loglikelihood: -2.34862e+08	(delta): 3.92143
27 (QN/Block) 	Elapsed: 60.966	Loglikelihood: -2.34862e+08	(delta): 7.73307
28 (QN/Block) 	Elapsed: 60.345	Loglikelihood: -2.34862e+08	(delta): 1.34603
29 (QN/Block) 	Elapsed: 60.845	Loglikelihood: -2.34862e+08	(delta): 0.698258
30 (QN/Block) 	Elapsed: 60.472	Loglikelihood: -2.34862e+08	(delta): 0.10679
31 (QN/Block) 	Elapsed: 60.71	Loglikelihood: -2.34862e+08	(delta): 0.132695
32 (QN/Block) 	Elapsed: 61.018	Loglikelihood: -2.34862e+08	(delta): 0.033062
33 (QN/Block) 	Elapsed: 61.308	Loglikelihood: -2.34862e+08	(delta): 0.0236873
34 (QN/Block) 	Elapsed: 60.741	Loglikelihood: -2.34862e+08	(delta): 0.00140494
35 (QN/Block) 	Elapsed: 60.817	Loglikelihood: -2.34862e+08	(delta): 0.000781953
36 (QN/Block) 	Elapsed: 63.489	Loglikelihood: -2.34862e+08	(delta): 8.30293e-05
Summary: 
Converged in 36 iterations (2392.17 sec)
Loglikelihood: -234862192.014517
Fst divergences between estimated populations: 
	Pop0	Pop1	Pop2	
Pop0	
Pop1	0.082	
Pop2	0.071	0.084	
Pop3	0.080	0.072	0.077	
CV error (K=4): 0.47949
Writing output files.
