****                   ADMIXTURE Version 1.3.0                  ****
****                    Copyright 2008-2015                     ****
****           David Alexander, Suyash Shringarpure,            ****
****                John  Novembre, Ken Lange                   ****
****                                                            ****
****                 Please cite our paper!                     ****
****   Information at www.genetics.ucla.edu/software/admixture  ****

Parallel execution requested.  Will use 7 threads.
Cross-validation will be performed.  Folds=5.
Random seed: 43
Point estimation method: Block relaxation algorithm
Convergence acceleration algorithm: QuasiNewton, 3 secant conditions
Point estimation will terminate when objective function delta < 0.0001
Estimation of standard errors disabled; will compute point estimates only.
Size of G: 295x1636221
Performing five EM steps to prime main algorithm
1 (EM) 	Elapsed: 64.322	Loglikelihood: -3.80424e+08	(delta): 2.78414e+08
2 (EM) 	Elapsed: 63.788	Loglikelihood: -3.6454e+08	(delta): 1.58837e+07
3 (EM) 	Elapsed: 62.985	Loglikelihood: -3.61496e+08	(delta): 3.04381e+06
4 (EM) 	Elapsed: 63.509	Loglikelihood: -3.59769e+08	(delta): 1.7278e+06
5 (EM) 	Elapsed: 63.453	Loglikelihood: -3.58472e+08	(delta): 1.2963e+06
Initial loglikelihood: -3.58472e+08
Starting main algorithm
1 (QN/Block) 	Elapsed: 146.049	Loglikelihood: -3.3349e+08	(delta): 2.49825e+07
2 (QN/Block) 	Elapsed: 154.508	Loglikelihood: -3.24571e+08	(delta): 8.91916e+06
3 (QN/Block) 	Elapsed: 145.859	Loglikelihood: -3.22447e+08	(delta): 2.12343e+06
4 (QN/Block) 	Elapsed: 144.062	Loglikelihood: -3.21106e+08	(delta): 1.34156e+06
5 (QN/Block) 	Elapsed: 143.853	Loglikelihood: -3.20647e+08	(delta): 458768
6 (QN/Block) 	Elapsed: 144.194	Loglikelihood: -3.20316e+08	(delta): 330663
7 (QN/Block) 	Elapsed: 144.317	Loglikelihood: -3.20131e+08	(delta): 185573
8 (QN/Block) 	Elapsed: 143.239	Loglikelihood: -3.20029e+08	(delta): 101596
9 (QN/Block) 	Elapsed: 143.021	Loglikelihood: -3.19962e+08	(delta): 66576.5
10 (QN/Block) 	Elapsed: 143.416	Loglikelihood: -3.19914e+08	(delta): 48460.2
11 (QN/Block) 	Elapsed: 143.308	Loglikelihood: -3.19883e+08	(delta): 31137.4
12 (QN/Block) 	Elapsed: 142.47	Loglikelihood: -3.19863e+08	(delta): 19358.4
13 (QN/Block) 	Elapsed: 143.745	Loglikelihood: -3.19856e+08	(delta): 7911.86
14 (QN/Block) 	Elapsed: 142.099	Loglikelihood: -3.19851e+08	(delta): 4763.72
15 (QN/Block) 	Elapsed: 143.983	Loglikelihood: -3.19847e+08	(delta): 3709.47
16 (QN/Block) 	Elapsed: 145.407	Loglikelihood: -3.19844e+08	(delta): 2868.47
17 (QN/Block) 	Elapsed: 146.9	Loglikelihood: -3.1984e+08	(delta): 4006.08
18 (QN/Block) 	Elapsed: 143.314	Loglikelihood: -3.19838e+08	(delta): 1947.25
19 (QN/Block) 	Elapsed: 141.753	Loglikelihood: -3.19837e+08	(delta): 1345.62
20 (QN/Block) 	Elapsed: 145.012	Loglikelihood: -3.19836e+08	(delta): 576.991
21 (QN/Block) 	Elapsed: 144.922	Loglikelihood: -3.19836e+08	(delta): 324.078
22 (QN/Block) 	Elapsed: 146.716	Loglikelihood: -3.19836e+08	(delta): 353.224
23 (QN/Block) 	Elapsed: 150.161	Loglikelihood: -3.19836e+08	(delta): 116.621
24 (QN/Block) 	Elapsed: 150.45	Loglikelihood: -3.19835e+08	(delta): 65.1353
25 (QN/Block) 	Elapsed: 148.479	Loglikelihood: -3.19835e+08	(delta): 72.1537
26 (QN/Block) 	Elapsed: 148.009	Loglikelihood: -3.19835e+08	(delta): 83.0318
27 (QN/Block) 	Elapsed: 147.795	Loglikelihood: -3.19835e+08	(delta): 61.8121
28 (QN/Block) 	Elapsed: 147.618	Loglikelihood: -3.19835e+08	(delta): 35.9806
29 (QN/Block) 	Elapsed: 147.891	Loglikelihood: -3.19835e+08	(delta): 37.5549
30 (QN/Block) 	Elapsed: 149.23	Loglikelihood: -3.19835e+08	(delta): 40.5677
31 (QN/Block) 	Elapsed: 147.972	Loglikelihood: -3.19835e+08	(delta): 46.8467
32 (QN/Block) 	Elapsed: 147.97	Loglikelihood: -3.19835e+08	(delta): 57.6248
33 (QN/Block) 	Elapsed: 148.14	Loglikelihood: -3.19835e+08	(delta): 75.0857
34 (QN/Block) 	Elapsed: 148.116	Loglikelihood: -3.19835e+08	(delta): 68.8555
35 (QN/Block) 	Elapsed: 147.772	Loglikelihood: -3.19835e+08	(delta): 56.9636
36 (QN/Block) 	Elapsed: 142.746	Loglikelihood: -3.19835e+08	(delta): 25.0257
37 (QN/Block) 	Elapsed: 143.287	Loglikelihood: -3.19835e+08	(delta): 73.1189
38 (QN/Block) 	Elapsed: 143.52	Loglikelihood: -3.19835e+08	(delta): 28.2586
39 (QN/Block) 	Elapsed: 144.212	Loglikelihood: -3.19835e+08	(delta): -1.66021
40 (QN/Block) 	Elapsed: 143.438	Loglikelihood: -3.19835e+08	(delta): 43.2648
41 (QN/Block) 	Elapsed: 143.533	Loglikelihood: -3.19835e+08	(delta): 7.51327
42 (QN/Block) 	Elapsed: 147.364	Loglikelihood: -3.19835e+08	(delta): 6.56852
43 (QN/Block) 	Elapsed: 144.626	Loglikelihood: -3.19835e+08	(delta): 12.3334
44 (QN/Block) 	Elapsed: 145.607	Loglikelihood: -3.19835e+08	(delta): 6.9629
45 (QN/Block) 	Elapsed: 149.075	Loglikelihood: -3.19835e+08	(delta): -0.569073
46 (QN/Block) 	Elapsed: 144.097	Loglikelihood: -3.19835e+08	(delta): 6.86045
47 (QN/Block) 	Elapsed: 142.748	Loglikelihood: -3.19835e+08	(delta): 3.52639
48 (QN/Block) 	Elapsed: 143.215	Loglikelihood: -3.19835e+08	(delta): 3.32091
49 (QN/Block) 	Elapsed: 143.234	Loglikelihood: -3.19835e+08	(delta): 0.905989
50 (QN/Block) 	Elapsed: 142.783	Loglikelihood: -3.19835e+08	(delta): 0.802299
51 (QN/Block) 	Elapsed: 143.327	Loglikelihood: -3.19835e+08	(delta): 0.634273
52 (QN/Block) 	Elapsed: 143.064	Loglikelihood: -3.19835e+08	(delta): 0.936821
53 (QN/Block) 	Elapsed: 144.139	Loglikelihood: -3.19835e+08	(delta): 0.657351
54 (QN/Block) 	Elapsed: 144.294	Loglikelihood: -3.19835e+08	(delta): 0.516809
55 (QN/Block) 	Elapsed: 143.821	Loglikelihood: -3.19835e+08	(delta): 0.791493
56 (QN/Block) 	Elapsed: 143.533	Loglikelihood: -3.19835e+08	(delta): 0.745258
57 (QN/Block) 	Elapsed: 144.775	Loglikelihood: -3.19835e+08	(delta): 0.493195
58 (QN/Block) 	Elapsed: 143.904	Loglikelihood: -3.19835e+08	(delta): 0.178309
59 (QN/Block) 	Elapsed: 143.887	Loglikelihood: -3.19835e+08	(delta): 0.347755
60 (QN/Block) 	Elapsed: 144.506	Loglikelihood: -3.19835e+08	(delta): 0.243933
61 (QN/Block) 	Elapsed: 143.505	Loglikelihood: -3.19835e+08	(delta): 0.257676
62 (QN/Block) 	Elapsed: 143.951	Loglikelihood: -3.19835e+08	(delta): 0.141316
63 (QN/Block) 	Elapsed: 144.051	Loglikelihood: -3.19835e+08	(delta): 0.0887638
64 (QN/Block) 	Elapsed: 144.373	Loglikelihood: -3.19835e+08	(delta): 0.0913963
65 (QN/Block) 	Elapsed: 143.878	Loglikelihood: -3.19835e+08	(delta): 0.121003
66 (QN/Block) 	Elapsed: 144.012	Loglikelihood: -3.19835e+08	(delta): 0.0917578
67 (QN/Block) 	Elapsed: 143.543	Loglikelihood: -3.19835e+08	(delta): 0.0697386
68 (QN/Block) 	Elapsed: 143.321	Loglikelihood: -3.19835e+08	(delta): 0.0233762
69 (QN/Block) 	Elapsed: 144.054	Loglikelihood: -3.19835e+08	(delta): 0.0419716
70 (QN/Block) 	Elapsed: 144.393	Loglikelihood: -3.19835e+08	(delta): 0.0595443
71 (QN/Block) 	Elapsed: 143.078	Loglikelihood: -3.19835e+08	(delta): 0.0341484
72 (QN/Block) 	Elapsed: 143.106	Loglikelihood: -3.19835e+08	(delta): 0.0068031
73 (QN/Block) 	Elapsed: 139.323	Loglikelihood: -3.19835e+08	(delta): 0.0133067
74 (QN/Block) 	Elapsed: 138.15	Loglikelihood: -3.19835e+08	(delta): 0.0341128
75 (QN/Block) 	Elapsed: 138.654	Loglikelihood: -3.19835e+08	(delta): 0.0132776
76 (QN/Block) 	Elapsed: 138.625	Loglikelihood: -3.19835e+08	(delta): 0.00316477
77 (QN/Block) 	Elapsed: 138.617	Loglikelihood: -3.19835e+08	(delta): 0.002294
78 (QN/Block) 	Elapsed: 138.784	Loglikelihood: -3.19835e+08	(delta): 0.00115842
79 (QN/Block) 	Elapsed: 138.678	Loglikelihood: -3.19835e+08	(delta): 0.00325328
80 (QN/Block) 	Elapsed: 138.27	Loglikelihood: -3.19835e+08	(delta): 0.00139421
81 (QN/Block) 	Elapsed: 138.471	Loglikelihood: -3.19835e+08	(delta): 0.000421822
82 (QN/Block) 	Elapsed: 138.596	Loglikelihood: -3.19835e+08	(delta): 0.000302911
83 (QN/Block) 	Elapsed: 138.884	Loglikelihood: -3.19835e+08	(delta): 0.00154394
84 (QN/Block) 	Elapsed: 138.405	Loglikelihood: -3.19835e+08	(delta): 0.000372529
85 (QN/Block) 	Elapsed: 138.265	Loglikelihood: -3.19835e+08	(delta): 5.8651e-05
Summary: 
Converged in 85 iterations (12701.6 sec)
Loglikelihood: -319834593.703264
Fst divergences between estimated populations: 
	Pop0	Pop1	Pop2	Pop3	Pop4	Pop5	Pop6	
Pop0	
Pop1	0.215	
Pop2	0.065	0.200	
Pop3	0.092	0.158	0.078	
Pop4	0.204	0.052	0.189	0.149	
Pop5	0.090	0.165	0.072	0.051	0.155	
Pop6	0.200	0.051	0.185	0.144	0.038	0.151	
Pop7	0.075	0.207	0.039	0.086	0.196	0.083	0.192	
CV error (K=8): 0.45649
Writing output files.
