****                   ADMIXTURE Version 1.3.0                  ****
****                    Copyright 2008-2015                     ****
****           David Alexander, Suyash Shringarpure,            ****
****                John  Novembre, Ken Lange                   ****
****                                                            ****
****                 Please cite our paper!                     ****
****   Information at www.genetics.ucla.edu/software/admixture  ****

Parallel execution requested.  Will use 7 threads.
Cross-validation will be performed.  Folds=5.
Random seed: 43
Point estimation method: Block relaxation algorithm
Convergence acceleration algorithm: QuasiNewton, 3 secant conditions
Point estimation will terminate when objective function delta < 0.0001
Estimation of standard errors disabled; will compute point estimates only.
Size of G: 197x1391727
Performing five EM steps to prime main algorithm
1 (EM) 	Elapsed: 22.583	Loglikelihood: -2.48011e+08	(delta): 1.83457e+08
2 (EM) 	Elapsed: 17.885	Loglikelihood: -2.39132e+08	(delta): 8.87857e+06
3 (EM) 	Elapsed: 29.279	Loglikelihood: -2.36662e+08	(delta): 2.46951e+06
4 (EM) 	Elapsed: 33.477	Loglikelihood: -2.3537e+08	(delta): 1.29269e+06
5 (EM) 	Elapsed: 32.432	Loglikelihood: -2.34598e+08	(delta): 772190
Initial loglikelihood: -2.34598e+08
Starting main algorithm
1 (QN/Block) 	Elapsed: 82.968	Loglikelihood: -2.30658e+08	(delta): 3.93983e+06
2 (QN/Block) 	Elapsed: 83.777	Loglikelihood: -2.27387e+08	(delta): 3.27078e+06
3 (QN/Block) 	Elapsed: 84.242	Loglikelihood: -2.26824e+08	(delta): 562935
4 (QN/Block) 	Elapsed: 84.972	Loglikelihood: -2.26585e+08	(delta): 239143
5 (QN/Block) 	Elapsed: 85.095	Loglikelihood: -2.2652e+08	(delta): 64516.4
6 (QN/Block) 	Elapsed: 85.669	Loglikelihood: -2.26484e+08	(delta): 36218.8
7 (QN/Block) 	Elapsed: 85.558	Loglikelihood: -2.26466e+08	(delta): 18100.4
8 (QN/Block) 	Elapsed: 85.44	Loglikelihood: -2.26456e+08	(delta): 10456.5
9 (QN/Block) 	Elapsed: 84.21	Loglikelihood: -2.26441e+08	(delta): 14283.3
10 (QN/Block) 	Elapsed: 85.504	Loglikelihood: -2.26433e+08	(delta): 7872.7
11 (QN/Block) 	Elapsed: 84.719	Loglikelihood: -2.26428e+08	(delta): 5338.55
12 (QN/Block) 	Elapsed: 84.872	Loglikelihood: -2.26426e+08	(delta): 2400.79
13 (QN/Block) 	Elapsed: 85.113	Loglikelihood: -2.2642e+08	(delta): 6030.69
14 (QN/Block) 	Elapsed: 85.108	Loglikelihood: -2.26417e+08	(delta): 2609.91
15 (QN/Block) 	Elapsed: 84.973	Loglikelihood: -2.26416e+08	(delta): 1506.9
16 (QN/Block) 	Elapsed: 86.196	Loglikelihood: -2.26415e+08	(delta): 476.746
17 (QN/Block) 	Elapsed: 85.278	Loglikelihood: -2.26415e+08	(delta): 133.731
18 (QN/Block) 	Elapsed: 85.255	Loglikelihood: -2.26415e+08	(delta): 81.3186
19 (QN/Block) 	Elapsed: 85.207	Loglikelihood: -2.26415e+08	(delta): 11.9495
20 (QN/Block) 	Elapsed: 83.771	Loglikelihood: -2.26415e+08	(delta): 2.90981
21 (QN/Block) 	Elapsed: 72.515	Loglikelihood: -2.26415e+08	(delta): 1.25469
22 (QN/Block) 	Elapsed: 81.924	Loglikelihood: -2.26415e+08	(delta): 0.124897
23 (QN/Block) 	Elapsed: 83.289	Loglikelihood: -2.26415e+08	(delta): 0.0901456
24 (QN/Block) 	Elapsed: 81.286	Loglikelihood: -2.26415e+08	(delta): 0.00805143
25 (QN/Block) 	Elapsed: 82.803	Loglikelihood: -2.26415e+08	(delta): 0.00220081
26 (QN/Block) 	Elapsed: 82.788	Loglikelihood: -2.26415e+08	(delta): 0.000240088
27 (QN/Block) 	Elapsed: 82.555	Loglikelihood: -2.26415e+08	(delta): 6.4075e-05
Summary: 
Converged in 27 iterations (2428.67 sec)
Loglikelihood: -226414870.783957
Fst divergences between estimated populations: 
	Pop0	Pop1	
Pop0	
Pop1	0.071	
Pop2	0.073	0.078	
CV error (K=3): 0.50342
Writing output files.
