****                   ADMIXTURE Version 1.3.0                  ****
****                    Copyright 2008-2015                     ****
****           David Alexander, Suyash Shringarpure,            ****
****                John  Novembre, Ken Lange                   ****
****                                                            ****
****                 Please cite our paper!                     ****
****   Information at www.genetics.ucla.edu/software/admixture  ****

Parallel execution requested.  Will use 7 threads.
Cross-validation will be performed.  Folds=5.
Random seed: 43
Point estimation method: Block relaxation algorithm
Convergence acceleration algorithm: QuasiNewton, 3 secant conditions
Point estimation will terminate when objective function delta < 0.0001
Estimation of standard errors disabled; will compute point estimates only.
Size of G: 231x1401812
Performing five EM steps to prime main algorithm
1 (EM) 	Elapsed: 43.662	Loglikelihood: -2.59686e+08	(delta): 1.84345e+08
2 (EM) 	Elapsed: 43.497	Loglikelihood: -2.49303e+08	(delta): 1.03826e+07
3 (EM) 	Elapsed: 43.857	Loglikelihood: -2.47049e+08	(delta): 2.25361e+06
4 (EM) 	Elapsed: 43.411	Loglikelihood: -2.45723e+08	(delta): 1.32615e+06
5 (EM) 	Elapsed: 43.697	Loglikelihood: -2.44738e+08	(delta): 984610
Initial loglikelihood: -2.44738e+08
Starting main algorithm
1 (QN/Block) 	Elapsed: 84.328	Loglikelihood: -2.35475e+08	(delta): 9.26352e+06
2 (QN/Block) 	Elapsed: 85.799	Loglikelihood: -2.34158e+08	(delta): 1.31648e+06
3 (QN/Block) 	Elapsed: 88.141	Loglikelihood: -2.33506e+08	(delta): 652171
4 (QN/Block) 	Elapsed: 88.298	Loglikelihood: -2.32765e+08	(delta): 741458
5 (QN/Block) 	Elapsed: 88.123	Loglikelihood: -2.32363e+08	(delta): 402218
6 (QN/Block) 	Elapsed: 88.026	Loglikelihood: -2.321e+08	(delta): 262391
7 (QN/Block) 	Elapsed: 88.477	Loglikelihood: -2.31925e+08	(delta): 175067
8 (QN/Block) 	Elapsed: 88.556	Loglikelihood: -2.31805e+08	(delta): 120366
9 (QN/Block) 	Elapsed: 88.778	Loglikelihood: -2.3176e+08	(delta): 44350.6
10 (QN/Block) 	Elapsed: 90.764	Loglikelihood: -2.31736e+08	(delta): 24457.6
11 (QN/Block) 	Elapsed: 90.579	Loglikelihood: -2.31719e+08	(delta): 17362.2
12 (QN/Block) 	Elapsed: 91.745	Loglikelihood: -2.31706e+08	(delta): 13032.1
13 (QN/Block) 	Elapsed: 92.238	Loglikelihood: -2.31693e+08	(delta): 12758.3
14 (QN/Block) 	Elapsed: 91.478	Loglikelihood: -2.31685e+08	(delta): 8211.12
15 (QN/Block) 	Elapsed: 90.258	Loglikelihood: -2.31678e+08	(delta): 6651.74
16 (QN/Block) 	Elapsed: 91.873	Loglikelihood: -2.31656e+08	(delta): 21546.9
17 (QN/Block) 	Elapsed: 90.764	Loglikelihood: -2.31647e+08	(delta): 8947.74
18 (QN/Block) 	Elapsed: 90.634	Loglikelihood: -2.31643e+08	(delta): 4473.05
19 (QN/Block) 	Elapsed: 88.774	Loglikelihood: -2.3164e+08	(delta): 2623.2
20 (QN/Block) 	Elapsed: 91.219	Loglikelihood: -2.31639e+08	(delta): 1570.82
21 (QN/Block) 	Elapsed: 92.338	Loglikelihood: -2.31636e+08	(delta): 2485.73
22 (QN/Block) 	Elapsed: 91.433	Loglikelihood: -2.31634e+08	(delta): 2088.44
23 (QN/Block) 	Elapsed: 89.329	Loglikelihood: -2.31633e+08	(delta): 1682.14
24 (QN/Block) 	Elapsed: 93.876	Loglikelihood: -2.31632e+08	(delta): 681.637
25 (QN/Block) 	Elapsed: 90.361	Loglikelihood: -2.31631e+08	(delta): 437.183
26 (QN/Block) 	Elapsed: 88.543	Loglikelihood: -2.3163e+08	(delta): 1592.55
27 (QN/Block) 	Elapsed: 92.928	Loglikelihood: -2.31629e+08	(delta): 497.924
28 (QN/Block) 	Elapsed: 92.294	Loglikelihood: -2.31629e+08	(delta): 93.5875
29 (QN/Block) 	Elapsed: 92.099	Loglikelihood: -2.31629e+08	(delta): 107.122
30 (QN/Block) 	Elapsed: 89.089	Loglikelihood: -2.31629e+08	(delta): 291.003
31 (QN/Block) 	Elapsed: 88.663	Loglikelihood: -2.31629e+08	(delta): 262.39
32 (QN/Block) 	Elapsed: 88.856	Loglikelihood: -2.31628e+08	(delta): 131.26
33 (QN/Block) 	Elapsed: 92.176	Loglikelihood: -2.31628e+08	(delta): 109.854
34 (QN/Block) 	Elapsed: 92.274	Loglikelihood: -2.31628e+08	(delta): 186.455
35 (QN/Block) 	Elapsed: 92.248	Loglikelihood: -2.31628e+08	(delta): 359.276
36 (QN/Block) 	Elapsed: 91.989	Loglikelihood: -2.31627e+08	(delta): 610.376
37 (QN/Block) 	Elapsed: 92.146	Loglikelihood: -2.31626e+08	(delta): 810.527
38 (QN/Block) 	Elapsed: 91.955	Loglikelihood: -2.31625e+08	(delta): 1146.89
39 (QN/Block) 	Elapsed: 90.483	Loglikelihood: -2.31624e+08	(delta): 955.059
40 (QN/Block) 	Elapsed: 91.671	Loglikelihood: -2.31624e+08	(delta): 464.516
41 (QN/Block) 	Elapsed: 89.984	Loglikelihood: -2.31624e+08	(delta): 175.153
42 (QN/Block) 	Elapsed: 88.811	Loglikelihood: -2.31624e+08	(delta): 75.3468
43 (QN/Block) 	Elapsed: 90.054	Loglikelihood: -2.31623e+08	(delta): 82.0417
44 (QN/Block) 	Elapsed: 88.996	Loglikelihood: -2.31623e+08	(delta): 23.9876
45 (QN/Block) 	Elapsed: 87.701	Loglikelihood: -2.31623e+08	(delta): 9.85582
46 (QN/Block) 	Elapsed: 88.377	Loglikelihood: -2.31623e+08	(delta): 10.833
47 (QN/Block) 	Elapsed: 87.781	Loglikelihood: -2.31623e+08	(delta): 7.28563
48 (QN/Block) 	Elapsed: 88.676	Loglikelihood: -2.31623e+08	(delta): 18.2529
49 (QN/Block) 	Elapsed: 89.051	Loglikelihood: -2.31623e+08	(delta): 12.5495
50 (QN/Block) 	Elapsed: 86.433	Loglikelihood: -2.31623e+08	(delta): 4.93259
51 (QN/Block) 	Elapsed: 86.765	Loglikelihood: -2.31623e+08	(delta): 0.855178
52 (QN/Block) 	Elapsed: 86.395	Loglikelihood: -2.31623e+08	(delta): 2.22077
53 (QN/Block) 	Elapsed: 86.433	Loglikelihood: -2.31623e+08	(delta): 1.57339
54 (QN/Block) 	Elapsed: 86.623	Loglikelihood: -2.31623e+08	(delta): 2.40099
55 (QN/Block) 	Elapsed: 88.676	Loglikelihood: -2.31623e+08	(delta): 0.853289
56 (QN/Block) 	Elapsed: 89.781	Loglikelihood: -2.31623e+08	(delta): 0.230285
57 (QN/Block) 	Elapsed: 90.512	Loglikelihood: -2.31623e+08	(delta): 0.128345
58 (QN/Block) 	Elapsed: 90.334	Loglikelihood: -2.31623e+08	(delta): 0.0776128
59 (QN/Block) 	Elapsed: 88.804	Loglikelihood: -2.31623e+08	(delta): 0.103931
60 (QN/Block) 	Elapsed: 89.813	Loglikelihood: -2.31623e+08	(delta): 0.0317166
61 (QN/Block) 	Elapsed: 90.272	Loglikelihood: -2.31623e+08	(delta): 0.0372787
62 (QN/Block) 	Elapsed: 90.898	Loglikelihood: -2.31623e+08	(delta): 0.0130554
63 (QN/Block) 	Elapsed: 90.966	Loglikelihood: -2.31623e+08	(delta): 0.00746471
64 (QN/Block) 	Elapsed: 90.048	Loglikelihood: -2.31623e+08	(delta): 0.0025948
65 (QN/Block) 	Elapsed: 91.771	Loglikelihood: -2.31623e+08	(delta): 0.00126788
66 (QN/Block) 	Elapsed: 89.614	Loglikelihood: -2.31623e+08	(delta): 0.000532389
67 (QN/Block) 	Elapsed: 90.458	Loglikelihood: -2.31623e+08	(delta): 0.000222564
68 (QN/Block) 	Elapsed: 90.891	Loglikelihood: -2.31623e+08	(delta): 4.65512e-05
Summary: 
Converged in 68 iterations (6401.2 sec)
Loglikelihood: -231623401.015709
Fst divergences between estimated populations: 
	Pop0	Pop1	Pop2	Pop3	Pop4	Pop5	
Pop0	
Pop1	0.098	
Pop2	0.118	0.109	
Pop3	0.092	0.080	0.070	
Pop4	0.067	0.082	0.101	0.076	
Pop5	0.095	0.082	0.070	0.042	0.079	
Pop6	0.077	0.092	0.109	0.084	0.039	0.088	
CV error (K=7): 0.51089
Writing output files.
