****                   ADMIXTURE Version 1.3.0                  ****
****                    Copyright 2008-2015                     ****
****           David Alexander, Suyash Shringarpure,            ****
****                John  Novembre, Ken Lange                   ****
****                                                            ****
****                 Please cite our paper!                     ****
****   Information at www.genetics.ucla.edu/software/admixture  ****

Parallel execution requested.  Will use 7 threads.
Cross-validation will be performed.  Folds=5.
Random seed: 43
Point estimation method: Block relaxation algorithm
Convergence acceleration algorithm: QuasiNewton, 3 secant conditions
Point estimation will terminate when objective function delta < 0.0001
Estimation of standard errors disabled; will compute point estimates only.
Size of G: 231x1401812
Performing five EM steps to prime main algorithm
1 (EM) 	Elapsed: 11.888	Loglikelihood: -2.55782e+08	(delta): 2.60117e+08
2 (EM) 	Elapsed: 11.741	Loglikelihood: -2.47576e+08	(delta): 8.20532e+06
3 (EM) 	Elapsed: 11.528	Loglikelihood: -2.45631e+08	(delta): 1.94561e+06
4 (EM) 	Elapsed: 11.717	Loglikelihood: -2.44744e+08	(delta): 886504
5 (EM) 	Elapsed: 11.892	Loglikelihood: -2.44321e+08	(delta): 423538
Initial loglikelihood: -2.44321e+08
Starting main algorithm
1 (QN/Block) 	Elapsed: 46.064	Loglikelihood: -2.40471e+08	(delta): 3.84945e+06
2 (QN/Block) 	Elapsed: 45.906	Loglikelihood: -2.3842e+08	(delta): 2.05093e+06
3 (QN/Block) 	Elapsed: 47.502	Loglikelihood: -2.37903e+08	(delta): 516923
4 (QN/Block) 	Elapsed: 48.883	Loglikelihood: -2.37533e+08	(delta): 370823
5 (QN/Block) 	Elapsed: 49.705	Loglikelihood: -2.37489e+08	(delta): 43439.6
6 (QN/Block) 	Elapsed: 49.609	Loglikelihood: -2.37484e+08	(delta): 5509.07
7 (QN/Block) 	Elapsed: 48.161	Loglikelihood: -2.37483e+08	(delta): 672.278
8 (QN/Block) 	Elapsed: 48.157	Loglikelihood: -2.37483e+08	(delta): 49.0325
9 (QN/Block) 	Elapsed: 48.264	Loglikelihood: -2.37483e+08	(delta): 9.39745
10 (QN/Block) 	Elapsed: 47.596	Loglikelihood: -2.37483e+08	(delta): 2.53859
11 (QN/Block) 	Elapsed: 48.103	Loglikelihood: -2.37483e+08	(delta): 0.782841
12 (QN/Block) 	Elapsed: 48.87	Loglikelihood: -2.37483e+08	(delta): 0.0596296
13 (QN/Block) 	Elapsed: 49.197	Loglikelihood: -2.37483e+08	(delta): 0.00434819
14 (QN/Block) 	Elapsed: 48.02	Loglikelihood: -2.37483e+08	(delta): 5.33462e-05
Summary: 
Converged in 14 iterations (747.437 sec)
Loglikelihood: -237482853.189572
Fst divergences between estimated populations: 
	Pop0	
Pop0	
Pop1	0.058	
CV error (K=2): 0.46572
Writing output files.
