****                   ADMIXTURE Version 1.3.0                  ****
****                    Copyright 2008-2015                     ****
****           David Alexander, Suyash Shringarpure,            ****
****                John  Novembre, Ken Lange                   ****
****                                                            ****
****                 Please cite our paper!                     ****
****   Information at www.genetics.ucla.edu/software/admixture  ****

Parallel execution requested.  Will use 7 threads.
Cross-validation will be performed.  Folds=5.
Random seed: 43
Point estimation method: Block relaxation algorithm
Convergence acceleration algorithm: QuasiNewton, 3 secant conditions
Point estimation will terminate when objective function delta < 0.0001
Estimation of standard errors disabled; will compute point estimates only.
Size of G: 197x1391727
Performing five EM steps to prime main algorithm
1 (EM) 	Elapsed: 31.28	Loglikelihood: -2.48115e+08	(delta): 1.47656e+08
2 (EM) 	Elapsed: 32.057	Loglikelihood: -2.39006e+08	(delta): 9.10926e+06
3 (EM) 	Elapsed: 31.798	Loglikelihood: -2.36888e+08	(delta): 2.11751e+06
4 (EM) 	Elapsed: 31.851	Loglikelihood: -2.3561e+08	(delta): 1.2782e+06
5 (EM) 	Elapsed: 31.463	Loglikelihood: -2.34652e+08	(delta): 958204
Initial loglikelihood: -2.34652e+08
Starting main algorithm
1 (QN/Block) 	Elapsed: 83.727	Loglikelihood: -2.25678e+08	(delta): 8.97393e+06
2 (QN/Block) 	Elapsed: 83.79	Loglikelihood: -2.24451e+08	(delta): 1.2264e+06
3 (QN/Block) 	Elapsed: 86.667	Loglikelihood: -2.23787e+08	(delta): 664259
4 (QN/Block) 	Elapsed: 81.219	Loglikelihood: -2.23153e+08	(delta): 634360
5 (QN/Block) 	Elapsed: 81.094	Loglikelihood: -2.22712e+08	(delta): 440974
6 (QN/Block) 	Elapsed: 81.46	Loglikelihood: -2.22428e+08	(delta): 284046
7 (QN/Block) 	Elapsed: 83.559	Loglikelihood: -2.22291e+08	(delta): 136229
8 (QN/Block) 	Elapsed: 82.177	Loglikelihood: -2.2221e+08	(delta): 80991.1
9 (QN/Block) 	Elapsed: 81.642	Loglikelihood: -2.22173e+08	(delta): 37609.1
10 (QN/Block) 	Elapsed: 80.557	Loglikelihood: -2.22152e+08	(delta): 20621.9
11 (QN/Block) 	Elapsed: 80.126	Loglikelihood: -2.22138e+08	(delta): 13831.4
12 (QN/Block) 	Elapsed: 81.608	Loglikelihood: -2.22129e+08	(delta): 8936.81
13 (QN/Block) 	Elapsed: 80.224	Loglikelihood: -2.22125e+08	(delta): 4615.06
14 (QN/Block) 	Elapsed: 85.58	Loglikelihood: -2.22123e+08	(delta): 1906.4
15 (QN/Block) 	Elapsed: 81.71	Loglikelihood: -2.22122e+08	(delta): 918.915
16 (QN/Block) 	Elapsed: 80.559	Loglikelihood: -2.22122e+08	(delta): 436.189
17 (QN/Block) 	Elapsed: 85.352	Loglikelihood: -2.22121e+08	(delta): 566.767
18 (QN/Block) 	Elapsed: 79.636	Loglikelihood: -2.22121e+08	(delta): 234.323
19 (QN/Block) 	Elapsed: 79.239	Loglikelihood: -2.22121e+08	(delta): 166.912
20 (QN/Block) 	Elapsed: 80.267	Loglikelihood: -2.2212e+08	(delta): 329.867
21 (QN/Block) 	Elapsed: 81.365	Loglikelihood: -2.2212e+08	(delta): 377.408
22 (QN/Block) 	Elapsed: 82.246	Loglikelihood: -2.2212e+08	(delta): 241.066
23 (QN/Block) 	Elapsed: 84.084	Loglikelihood: -2.22119e+08	(delta): 153.92
24 (QN/Block) 	Elapsed: 86.451	Loglikelihood: -2.22119e+08	(delta): 83.5426
25 (QN/Block) 	Elapsed: 85.004	Loglikelihood: -2.22119e+08	(delta): 92.645
26 (QN/Block) 	Elapsed: 85.482	Loglikelihood: -2.22119e+08	(delta): 107.879
27 (QN/Block) 	Elapsed: 83.017	Loglikelihood: -2.22119e+08	(delta): 132.034
28 (QN/Block) 	Elapsed: 80.499	Loglikelihood: -2.22119e+08	(delta): 173.088
29 (QN/Block) 	Elapsed: 80.043	Loglikelihood: -2.22119e+08	(delta): 249.022
30 (QN/Block) 	Elapsed: 85.685	Loglikelihood: -2.22118e+08	(delta): 400.833
31 (QN/Block) 	Elapsed: 81.975	Loglikelihood: -2.22118e+08	(delta): 674.807
32 (QN/Block) 	Elapsed: 83.694	Loglikelihood: -2.22116e+08	(delta): 1353.77
33 (QN/Block) 	Elapsed: 84.674	Loglikelihood: -2.22115e+08	(delta): 1413.46
34 (QN/Block) 	Elapsed: 85.581	Loglikelihood: -2.22114e+08	(delta): 465.556
35 (QN/Block) 	Elapsed: 81.82	Loglikelihood: -2.22114e+08	(delta): 226.229
36 (QN/Block) 	Elapsed: 81.809	Loglikelihood: -2.22114e+08	(delta): 326.997
37 (QN/Block) 	Elapsed: 81.707	Loglikelihood: -2.22113e+08	(delta): 501.739
38 (QN/Block) 	Elapsed: 81.933	Loglikelihood: -2.22113e+08	(delta): 369.852
39 (QN/Block) 	Elapsed: 81.964	Loglikelihood: -2.22113e+08	(delta): 7.75082
40 (QN/Block) 	Elapsed: 78.912	Loglikelihood: -2.22113e+08	(delta): 17.4266
41 (QN/Block) 	Elapsed: 78.244	Loglikelihood: -2.22113e+08	(delta): 2.17393
42 (QN/Block) 	Elapsed: 85.571	Loglikelihood: -2.22113e+08	(delta): 2.6616
43 (QN/Block) 	Elapsed: 78.043	Loglikelihood: -2.22113e+08	(delta): 1.0646
44 (QN/Block) 	Elapsed: 78.294	Loglikelihood: -2.22113e+08	(delta): 0.569283
45 (QN/Block) 	Elapsed: 80.654	Loglikelihood: -2.22113e+08	(delta): 0.217895
46 (QN/Block) 	Elapsed: 87.589	Loglikelihood: -2.22113e+08	(delta): 0.127445
47 (QN/Block) 	Elapsed: 87.52	Loglikelihood: -2.22113e+08	(delta): 0.0459158
48 (QN/Block) 	Elapsed: 81.605	Loglikelihood: -2.22113e+08	(delta): 0.073662
49 (QN/Block) 	Elapsed: 79.304	Loglikelihood: -2.22113e+08	(delta): 0.00563529
50 (QN/Block) 	Elapsed: 79.647	Loglikelihood: -2.22113e+08	(delta): 0.00249988
51 (QN/Block) 	Elapsed: 78.35	Loglikelihood: -2.22113e+08	(delta): 0.000289202
52 (QN/Block) 	Elapsed: 78.087	Loglikelihood: -2.22113e+08	(delta): 0.000325054
53 (QN/Block) 	Elapsed: 78.113	Loglikelihood: -2.22113e+08	(delta): 8.57413e-05
Summary: 
Converged in 53 iterations (4557.49 sec)
Loglikelihood: -222112887.653679
Fst divergences between estimated populations: 
	Pop0	Pop1	Pop2	Pop3	Pop4	Pop5	
Pop0	
Pop1	0.098	
Pop2	0.115	0.111	
Pop3	0.093	0.090	0.079	
Pop4	0.086	0.095	0.110	0.091	
Pop5	0.092	0.085	0.072	0.049	0.089	
Pop6	0.097	0.117	0.129	0.109	0.071	0.107	
CV error (K=7): 0.55551
Writing output files.
