****                   ADMIXTURE Version 1.3.0                  ****
****                    Copyright 2008-2015                     ****
****           David Alexander, Suyash Shringarpure,            ****
****                John  Novembre, Ken Lange                   ****
****                                                            ****
****                 Please cite our paper!                     ****
****   Information at www.genetics.ucla.edu/software/admixture  ****

Parallel execution requested.  Will use 7 threads.
Cross-validation will be performed.  Folds=5.
Random seed: 43
Point estimation method: Block relaxation algorithm
Convergence acceleration algorithm: QuasiNewton, 3 secant conditions
Point estimation will terminate when objective function delta < 0.0001
Estimation of standard errors disabled; will compute point estimates only.
Size of G: 306x1654632
Performing five EM steps to prime main algorithm
1 (EM) 	Elapsed: 49.056	Loglikelihood: -4.01902e+08	(delta): 2.96268e+08
2 (EM) 	Elapsed: 49.544	Loglikelihood: -3.85148e+08	(delta): 1.67545e+07
3 (EM) 	Elapsed: 49.546	Loglikelihood: -3.81644e+08	(delta): 3.50312e+06
4 (EM) 	Elapsed: 49.932	Loglikelihood: -3.79563e+08	(delta): 2.08101e+06
5 (EM) 	Elapsed: 51.387	Loglikelihood: -3.77941e+08	(delta): 1.62203e+06
Initial loglikelihood: -3.77941e+08
Starting main algorithm
1 (QN/Block) 	Elapsed: 143.093	Loglikelihood: -3.46538e+08	(delta): 3.14034e+07
2 (QN/Block) 	Elapsed: 152.754	Loglikelihood: -3.37903e+08	(delta): 8.63482e+06
3 (QN/Block) 	Elapsed: 145.441	Loglikelihood: -3.36366e+08	(delta): 1.5374e+06
4 (QN/Block) 	Elapsed: 145.606	Loglikelihood: -3.35323e+08	(delta): 1.04247e+06
5 (QN/Block) 	Elapsed: 145.459	Loglikelihood: -3.34927e+08	(delta): 396142
6 (QN/Block) 	Elapsed: 146.262	Loglikelihood: -3.34719e+08	(delta): 207688
7 (QN/Block) 	Elapsed: 144.897	Loglikelihood: -3.34513e+08	(delta): 206180
8 (QN/Block) 	Elapsed: 146.59	Loglikelihood: -3.34348e+08	(delta): 165278
9 (QN/Block) 	Elapsed: 144.403	Loglikelihood: -3.34265e+08	(delta): 82628.2
10 (QN/Block) 	Elapsed: 143.021	Loglikelihood: -3.34145e+08	(delta): 120817
11 (QN/Block) 	Elapsed: 143.417	Loglikelihood: -3.34036e+08	(delta): 108973
12 (QN/Block) 	Elapsed: 157.989	Loglikelihood: -3.33796e+08	(delta): 239580
13 (QN/Block) 	Elapsed: 160.769	Loglikelihood: -3.33576e+08	(delta): 219653
14 (QN/Block) 	Elapsed: 157.973	Loglikelihood: -3.33482e+08	(delta): 94405.3
15 (QN/Block) 	Elapsed: 161.002	Loglikelihood: -3.33458e+08	(delta): 24230.2
16 (QN/Block) 	Elapsed: 159.773	Loglikelihood: -3.33446e+08	(delta): 11604.9
17 (QN/Block) 	Elapsed: 157.258	Loglikelihood: -3.3344e+08	(delta): 6310.83
18 (QN/Block) 	Elapsed: 156.014	Loglikelihood: -3.33438e+08	(delta): 2261.84
19 (QN/Block) 	Elapsed: 155.739	Loglikelihood: -3.33436e+08	(delta): 1309.76
20 (QN/Block) 	Elapsed: 155.262	Loglikelihood: -3.33436e+08	(delta): 563.411
21 (QN/Block) 	Elapsed: 158.489	Loglikelihood: -3.33435e+08	(delta): 272.312
22 (QN/Block) 	Elapsed: 158.479	Loglikelihood: -3.33435e+08	(delta): 118.759
23 (QN/Block) 	Elapsed: 158.078	Loglikelihood: -3.33435e+08	(delta): 73.5748
24 (QN/Block) 	Elapsed: 161.437	Loglikelihood: -3.33435e+08	(delta): 8.66958
25 (QN/Block) 	Elapsed: 156.989	Loglikelihood: -3.33435e+08	(delta): 35.6164
26 (QN/Block) 	Elapsed: 156.945	Loglikelihood: -3.33435e+08	(delta): 22.0555
27 (QN/Block) 	Elapsed: 160.992	Loglikelihood: -3.33435e+08	(delta): 27.5894
28 (QN/Block) 	Elapsed: 156.929	Loglikelihood: -3.33435e+08	(delta): 81.7886
29 (QN/Block) 	Elapsed: 156.86	Loglikelihood: -3.33435e+08	(delta): 101.096
30 (QN/Block) 	Elapsed: 155.93	Loglikelihood: -3.33435e+08	(delta): 91.8978
31 (QN/Block) 	Elapsed: 156.256	Loglikelihood: -3.33435e+08	(delta): 144.492
32 (QN/Block) 	Elapsed: 149.226	Loglikelihood: -3.33435e+08	(delta): 79.4186
33 (QN/Block) 	Elapsed: 147.278	Loglikelihood: -3.33435e+08	(delta): 51.1986
34 (QN/Block) 	Elapsed: 154.368	Loglikelihood: -3.33434e+08	(delta): 128.063
35 (QN/Block) 	Elapsed: 154.922	Loglikelihood: -3.33434e+08	(delta): 70.6973
36 (QN/Block) 	Elapsed: 147.435	Loglikelihood: -3.33434e+08	(delta): 49.6356
37 (QN/Block) 	Elapsed: 146.636	Loglikelihood: -3.33434e+08	(delta): 31.6939
38 (QN/Block) 	Elapsed: 144.269	Loglikelihood: -3.33434e+08	(delta): 41.2164
39 (QN/Block) 	Elapsed: 156.213	Loglikelihood: -3.33434e+08	(delta): 56.0284
40 (QN/Block) 	Elapsed: 156.7	Loglikelihood: -3.33434e+08	(delta): 186.228
41 (QN/Block) 	Elapsed: 158.22	Loglikelihood: -3.33434e+08	(delta): 378.19
42 (QN/Block) 	Elapsed: 151.192	Loglikelihood: -3.33433e+08	(delta): 290.95
43 (QN/Block) 	Elapsed: 149.689	Loglikelihood: -3.33433e+08	(delta): 63.0958
44 (QN/Block) 	Elapsed: 150.328	Loglikelihood: -3.33433e+08	(delta): 17.9526
45 (QN/Block) 	Elapsed: 155.003	Loglikelihood: -3.33433e+08	(delta): 2.34533
46 (QN/Block) 	Elapsed: 155.557	Loglikelihood: -3.33433e+08	(delta): 1.31404
47 (QN/Block) 	Elapsed: 155.355	Loglikelihood: -3.33433e+08	(delta): 0.660827
48 (QN/Block) 	Elapsed: 155.188	Loglikelihood: -3.33433e+08	(delta): 0.590794
49 (QN/Block) 	Elapsed: 147.825	Loglikelihood: -3.33433e+08	(delta): 0.31149
50 (QN/Block) 	Elapsed: 153.785	Loglikelihood: -3.33433e+08	(delta): 0.452388
51 (QN/Block) 	Elapsed: 155.808	Loglikelihood: -3.33433e+08	(delta): 0.151045
52 (QN/Block) 	Elapsed: 158.001	Loglikelihood: -3.33433e+08	(delta): 0.204654
53 (QN/Block) 	Elapsed: 154.91	Loglikelihood: -3.33433e+08	(delta): 0.0587772
54 (QN/Block) 	Elapsed: 152.871	Loglikelihood: -3.33433e+08	(delta): 0.0993362
55 (QN/Block) 	Elapsed: 156.644	Loglikelihood: -3.33433e+08	(delta): 0.0109774
56 (QN/Block) 	Elapsed: 151.737	Loglikelihood: -3.33433e+08	(delta): 0.0296531
57 (QN/Block) 	Elapsed: 150.253	Loglikelihood: -3.33433e+08	(delta): 0.00397372
58 (QN/Block) 	Elapsed: 149.317	Loglikelihood: -3.33433e+08	(delta): 0.00313091
59 (QN/Block) 	Elapsed: 150.508	Loglikelihood: -3.33433e+08	(delta): 0.00047946
60 (QN/Block) 	Elapsed: 149.357	Loglikelihood: -3.33433e+08	(delta): 0.000722528
61 (QN/Block) 	Elapsed: 148.566	Loglikelihood: -3.33433e+08	(delta): 0.000340581
62 (QN/Block) 	Elapsed: 158.256	Loglikelihood: -3.33433e+08	(delta): 0.000261724
63 (QN/Block) 	Elapsed: 155.493	Loglikelihood: -3.33433e+08	(delta): 5.97239e-05
Summary: 
Converged in 63 iterations (9990.24 sec)
Loglikelihood: -333433263.255636
Fst divergences between estimated populations: 
	Pop0	Pop1	Pop2	Pop3	Pop4	Pop5	
Pop0	
Pop1	0.154	
Pop2	0.355	0.356	
Pop3	0.185	0.077	0.393	
Pop4	0.192	0.084	0.403	0.068	
Pop5	0.139	0.050	0.334	0.076	0.080	
Pop6	0.049	0.166	0.366	0.197	0.203	0.150	
CV error (K=7): 0.43705
Writing output files.
