****                   ADMIXTURE Version 1.3.0                  ****
****                    Copyright 2008-2015                     ****
****           David Alexander, Suyash Shringarpure,            ****
****                John  Novembre, Ken Lange                   ****
****                                                            ****
****                 Please cite our paper!                     ****
****   Information at www.genetics.ucla.edu/software/admixture  ****

Parallel execution requested.  Will use 7 threads.
Cross-validation will be performed.  Folds=5.
Random seed: 43
Point estimation method: Block relaxation algorithm
Convergence acceleration algorithm: QuasiNewton, 3 secant conditions
Point estimation will terminate when objective function delta < 0.0001
Estimation of standard errors disabled; will compute point estimates only.
Size of G: 306x1654632
Performing five EM steps to prime main algorithm
1 (EM) 	Elapsed: 35.152	Loglikelihood: -4.02154e+08	(delta): 3.29788e+08
2 (EM) 	Elapsed: 31.909	Loglikelihood: -3.85969e+08	(delta): 1.61849e+07
3 (EM) 	Elapsed: 31.499	Loglikelihood: -3.82055e+08	(delta): 3.91392e+06
4 (EM) 	Elapsed: 31.652	Loglikelihood: -3.79904e+08	(delta): 2.15125e+06
5 (EM) 	Elapsed: 35.385	Loglikelihood: -3.78454e+08	(delta): 1.44991e+06
Initial loglikelihood: -3.78454e+08
Starting main algorithm
1 (QN/Block) 	Elapsed: 105.053	Loglikelihood: -3.52792e+08	(delta): 2.56618e+07
2 (QN/Block) 	Elapsed: 103.429	Loglikelihood: -3.45671e+08	(delta): 7.12182e+06
3 (QN/Block) 	Elapsed: 109.358	Loglikelihood: -3.43584e+08	(delta): 2.08699e+06
4 (QN/Block) 	Elapsed: 110.908	Loglikelihood: -3.41935e+08	(delta): 1.64817e+06
5 (QN/Block) 	Elapsed: 106.636	Loglikelihood: -3.41242e+08	(delta): 693515
6 (QN/Block) 	Elapsed: 108.427	Loglikelihood: -3.40027e+08	(delta): 1.21478e+06
7 (QN/Block) 	Elapsed: 108.049	Loglikelihood: -3.39095e+08	(delta): 932249
8 (QN/Block) 	Elapsed: 109.572	Loglikelihood: -3.38516e+08	(delta): 578425
9 (QN/Block) 	Elapsed: 110.533	Loglikelihood: -3.38218e+08	(delta): 298435
10 (QN/Block) 	Elapsed: 110.267	Loglikelihood: -3.37881e+08	(delta): 336530
11 (QN/Block) 	Elapsed: 109.533	Loglikelihood: -3.37728e+08	(delta): 153686
12 (QN/Block) 	Elapsed: 106.533	Loglikelihood: -3.3767e+08	(delta): 57335.5
13 (QN/Block) 	Elapsed: 108.191	Loglikelihood: -3.37639e+08	(delta): 31189.7
14 (QN/Block) 	Elapsed: 109.048	Loglikelihood: -3.37628e+08	(delta): 10884
15 (QN/Block) 	Elapsed: 107.084	Loglikelihood: -3.37625e+08	(delta): 3735.12
16 (QN/Block) 	Elapsed: 110.703	Loglikelihood: -3.37624e+08	(delta): 343.171
17 (QN/Block) 	Elapsed: 107.051	Loglikelihood: -3.37624e+08	(delta): 7.35253
18 (QN/Block) 	Elapsed: 107.231	Loglikelihood: -3.37624e+08	(delta): 0.457503
19 (QN/Block) 	Elapsed: 107.117	Loglikelihood: -3.37624e+08	(delta): 0.141791
20 (QN/Block) 	Elapsed: 107.001	Loglikelihood: -3.37624e+08	(delta): 0.0176479
21 (QN/Block) 	Elapsed: 107.289	Loglikelihood: -3.37624e+08	(delta): 0.000232399
22 (QN/Block) 	Elapsed: 107.551	Loglikelihood: -3.37624e+08	(delta): 2.6226e-06
Summary: 
Converged in 22 iterations (2579.71 sec)
Loglikelihood: -337624287.743854
Fst divergences between estimated populations: 
	Pop0	Pop1	Pop2	
Pop0	
Pop1	0.058	
Pop2	0.131	0.172	
Pop3	0.329	0.380	0.347	
CV error (K=4): 0.42501
Writing output files.
