****                   ADMIXTURE Version 1.3.0                  ****
****                    Copyright 2008-2015                     ****
****           David Alexander, Suyash Shringarpure,            ****
****                John  Novembre, Ken Lange                   ****
****                                                            ****
****                 Please cite our paper!                     ****
****   Information at www.genetics.ucla.edu/software/admixture  ****

Parallel execution requested.  Will use 7 threads.
Cross-validation will be performed.  Folds=5.
Random seed: 43
Point estimation method: Block relaxation algorithm
Convergence acceleration algorithm: QuasiNewton, 3 secant conditions
Point estimation will terminate when objective function delta < 0.0001
Estimation of standard errors disabled; will compute point estimates only.
Size of G: 306x1654632
Performing five EM steps to prime main algorithm
1 (EM) 	Elapsed: 88.86	Loglikelihood: -4.00934e+08	(delta): 2.83512e+08
2 (EM) 	Elapsed: 88.28	Loglikelihood: -3.84008e+08	(delta): 1.69259e+07
3 (EM) 	Elapsed: 88.405	Loglikelihood: -3.80978e+08	(delta): 3.03017e+06
4 (EM) 	Elapsed: 94.235	Loglikelihood: -3.79231e+08	(delta): 1.7473e+06
5 (EM) 	Elapsed: 99.073	Loglikelihood: -3.77836e+08	(delta): 1.39474e+06
Initial loglikelihood: -3.77836e+08
Starting main algorithm
1 (QN/Block) 	Elapsed: 180.527	Loglikelihood: -3.4532e+08	(delta): 3.25158e+07
2 (QN/Block) 	Elapsed: 175.41	Loglikelihood: -3.35656e+08	(delta): 9.66429e+06
3 (QN/Block) 	Elapsed: 160.185	Loglikelihood: -3.33465e+08	(delta): 2.19144e+06
4 (QN/Block) 	Elapsed: 163.44	Loglikelihood: -3.31855e+08	(delta): 1.60976e+06
5 (QN/Block) 	Elapsed: 163.009	Loglikelihood: -3.31188e+08	(delta): 666985
6 (QN/Block) 	Elapsed: 164.642	Loglikelihood: -3.30875e+08	(delta): 312906
7 (QN/Block) 	Elapsed: 164.95	Loglikelihood: -3.30615e+08	(delta): 260334
8 (QN/Block) 	Elapsed: 164.666	Loglikelihood: -3.30397e+08	(delta): 217423
9 (QN/Block) 	Elapsed: 166.057	Loglikelihood: -3.30245e+08	(delta): 151855
10 (QN/Block) 	Elapsed: 176.772	Loglikelihood: -3.30154e+08	(delta): 90899.5
11 (QN/Block) 	Elapsed: 177.998	Loglikelihood: -3.30092e+08	(delta): 62282.3
12 (QN/Block) 	Elapsed: 176.59	Loglikelihood: -3.30042e+08	(delta): 49741.1
13 (QN/Block) 	Elapsed: 172.007	Loglikelihood: -3.30009e+08	(delta): 32922.1
14 (QN/Block) 	Elapsed: 169.124	Loglikelihood: -3.3e+08	(delta): 8955.79
15 (QN/Block) 	Elapsed: 166.704	Loglikelihood: -3.29998e+08	(delta): 2865.27
16 (QN/Block) 	Elapsed: 175.53	Loglikelihood: -3.29996e+08	(delta): 1520.74
17 (QN/Block) 	Elapsed: 170.741	Loglikelihood: -3.29995e+08	(delta): 869.104
18 (QN/Block) 	Elapsed: 170.626	Loglikelihood: -3.29994e+08	(delta): 796.832
19 (QN/Block) 	Elapsed: 176.273	Loglikelihood: -3.29994e+08	(delta): 411.434
20 (QN/Block) 	Elapsed: 173.432	Loglikelihood: -3.29994e+08	(delta): 421.047
21 (QN/Block) 	Elapsed: 161.284	Loglikelihood: -3.29993e+08	(delta): 229.828
22 (QN/Block) 	Elapsed: 160.607	Loglikelihood: -3.29993e+08	(delta): 180.064
23 (QN/Block) 	Elapsed: 160.054	Loglikelihood: -3.29993e+08	(delta): 215.317
24 (QN/Block) 	Elapsed: 182.613	Loglikelihood: -3.29993e+08	(delta): 226.982
25 (QN/Block) 	Elapsed: 170.387	Loglikelihood: -3.29993e+08	(delta): 34.8173
26 (QN/Block) 	Elapsed: 175.984	Loglikelihood: -3.29993e+08	(delta): 7.48969
27 (QN/Block) 	Elapsed: 190.401	Loglikelihood: -3.29993e+08	(delta): 2.34651
28 (QN/Block) 	Elapsed: 182.393	Loglikelihood: -3.29993e+08	(delta): 0.277985
29 (QN/Block) 	Elapsed: 190.39	Loglikelihood: -3.29993e+08	(delta): 0.178086
30 (QN/Block) 	Elapsed: 188.916	Loglikelihood: -3.29993e+08	(delta): 0.0274438
31 (QN/Block) 	Elapsed: 182.813	Loglikelihood: -3.29993e+08	(delta): 0.0155799
32 (QN/Block) 	Elapsed: 176.348	Loglikelihood: -3.29993e+08	(delta): 0.00567192
33 (QN/Block) 	Elapsed: 175.515	Loglikelihood: -3.29993e+08	(delta): 0.00348032
34 (QN/Block) 	Elapsed: 160.512	Loglikelihood: -3.29993e+08	(delta): 0.00106978
35 (QN/Block) 	Elapsed: 175.58	Loglikelihood: -3.29993e+08	(delta): 0.000933051
36 (QN/Block) 	Elapsed: 162.335	Loglikelihood: -3.29993e+08	(delta): 8.27312e-05
Summary: 
Converged in 36 iterations (6743.45 sec)
Loglikelihood: -329992672.194397
Fst divergences between estimated populations: 
	Pop0	Pop1	Pop2	Pop3	Pop4	Pop5	Pop6	Pop7	Pop8	
Pop0	
Pop1	0.067	
Pop2	0.039	0.077	
Pop3	0.390	0.412	0.399	
Pop4	0.073	0.090	0.083	0.383	
Pop5	0.183	0.199	0.190	0.356	0.177	
Pop6	0.073	0.089	0.081	0.340	0.065	0.144	
Pop7	0.234	0.250	0.243	0.446	0.230	0.169	0.198	
Pop8	0.198	0.214	0.205	0.372	0.192	0.050	0.159	0.181	
Pop9	0.077	0.094	0.086	0.338	0.075	0.142	0.035	0.196	0.156	
CV error (K=10): 0.46123
Writing output files.
