****                   ADMIXTURE Version 1.3.0                  ****
****                    Copyright 2008-2015                     ****
****           David Alexander, Suyash Shringarpure,            ****
****                John  Novembre, Ken Lange                   ****
****                                                            ****
****                 Please cite our paper!                     ****
****   Information at www.genetics.ucla.edu/software/admixture  ****

Parallel execution requested.  Will use 7 threads.
Cross-validation will be performed.  Folds=5.
Random seed: 43
Point estimation method: Block relaxation algorithm
Convergence acceleration algorithm: QuasiNewton, 3 secant conditions
Point estimation will terminate when objective function delta < 0.0001
Estimation of standard errors disabled; will compute point estimates only.
Size of G: 306x1654632
Performing five EM steps to prime main algorithm
1 (EM) 	Elapsed: 68.896	Loglikelihood: -4.01199e+08	(delta): 2.86468e+08
2 (EM) 	Elapsed: 67.359	Loglikelihood: -3.84319e+08	(delta): 1.68803e+07
3 (EM) 	Elapsed: 67.868	Loglikelihood: -3.81149e+08	(delta): 3.16926e+06
4 (EM) 	Elapsed: 67.648	Loglikelihood: -3.79292e+08	(delta): 1.85747e+06
5 (EM) 	Elapsed: 67.869	Loglikelihood: -3.77806e+08	(delta): 1.48618e+06
Initial loglikelihood: -3.77806e+08
Starting main algorithm
1 (QN/Block) 	Elapsed: 158.875	Loglikelihood: -3.44413e+08	(delta): 3.33926e+07
2 (QN/Block) 	Elapsed: 168.077	Loglikelihood: -3.36572e+08	(delta): 7.84122e+06
3 (QN/Block) 	Elapsed: 153.779	Loglikelihood: -3.34526e+08	(delta): 2.04535e+06
4 (QN/Block) 	Elapsed: 153.843	Loglikelihood: -3.33081e+08	(delta): 1.44504e+06
5 (QN/Block) 	Elapsed: 155.003	Loglikelihood: -3.32406e+08	(delta): 674946
6 (QN/Block) 	Elapsed: 154.073	Loglikelihood: -3.32037e+08	(delta): 368990
7 (QN/Block) 	Elapsed: 153.53	Loglikelihood: -3.31884e+08	(delta): 153443
8 (QN/Block) 	Elapsed: 153.185	Loglikelihood: -3.31777e+08	(delta): 107353
9 (QN/Block) 	Elapsed: 154.889	Loglikelihood: -3.31705e+08	(delta): 71201.5
10 (QN/Block) 	Elapsed: 156.501	Loglikelihood: -3.31655e+08	(delta): 50301.6
11 (QN/Block) 	Elapsed: 156.315	Loglikelihood: -3.31618e+08	(delta): 37294.8
12 (QN/Block) 	Elapsed: 155.983	Loglikelihood: -3.31596e+08	(delta): 21643
13 (QN/Block) 	Elapsed: 154.055	Loglikelihood: -3.31587e+08	(delta): 9263.67
14 (QN/Block) 	Elapsed: 153.352	Loglikelihood: -3.31576e+08	(delta): 10518.2
15 (QN/Block) 	Elapsed: 155.122	Loglikelihood: -3.31569e+08	(delta): 7648.02
16 (QN/Block) 	Elapsed: 156.85	Loglikelihood: -3.3156e+08	(delta): 9016.81
17 (QN/Block) 	Elapsed: 159.251	Loglikelihood: -3.31546e+08	(delta): 13853.9
18 (QN/Block) 	Elapsed: 159.814	Loglikelihood: -3.31518e+08	(delta): 27517.5
19 (QN/Block) 	Elapsed: 158.884	Loglikelihood: -3.31478e+08	(delta): 40744.5
20 (QN/Block) 	Elapsed: 158.169	Loglikelihood: -3.31436e+08	(delta): 41325.4
21 (QN/Block) 	Elapsed: 159.374	Loglikelihood: -3.31411e+08	(delta): 24978.6
22 (QN/Block) 	Elapsed: 160.647	Loglikelihood: -3.31391e+08	(delta): 20683.8
23 (QN/Block) 	Elapsed: 161.505	Loglikelihood: -3.31358e+08	(delta): 32602
24 (QN/Block) 	Elapsed: 160.538	Loglikelihood: -3.31324e+08	(delta): 33540.9
25 (QN/Block) 	Elapsed: 162.41	Loglikelihood: -3.31302e+08	(delta): 22403.9
26 (QN/Block) 	Elapsed: 156.075	Loglikelihood: -3.31295e+08	(delta): 6716.45
27 (QN/Block) 	Elapsed: 158.572	Loglikelihood: -3.31289e+08	(delta): 6588.54
28 (QN/Block) 	Elapsed: 156.723	Loglikelihood: -3.31287e+08	(delta): 1582.95
29 (QN/Block) 	Elapsed: 154.921	Loglikelihood: -3.31284e+08	(delta): 3145.99
30 (QN/Block) 	Elapsed: 155.143	Loglikelihood: -3.31281e+08	(delta): 3074.31
31 (QN/Block) 	Elapsed: 156.562	Loglikelihood: -3.31277e+08	(delta): 4145.77
32 (QN/Block) 	Elapsed: 160.292	Loglikelihood: -3.31273e+08	(delta): 3367.75
33 (QN/Block) 	Elapsed: 156.711	Loglikelihood: -3.3127e+08	(delta): 3204.6
34 (QN/Block) 	Elapsed: 162.085	Loglikelihood: -3.31267e+08	(delta): 3109.7
35 (QN/Block) 	Elapsed: 162.369	Loglikelihood: -3.31265e+08	(delta): 1825.11
36 (QN/Block) 	Elapsed: 163.31	Loglikelihood: -3.31262e+08	(delta): 3205.29
37 (QN/Block) 	Elapsed: 161.605	Loglikelihood: -3.3126e+08	(delta): 1914.57
38 (QN/Block) 	Elapsed: 155.058	Loglikelihood: -3.31259e+08	(delta): 1607.63
39 (QN/Block) 	Elapsed: 155.09	Loglikelihood: -3.31258e+08	(delta): 1005.67
40 (QN/Block) 	Elapsed: 159.341	Loglikelihood: -3.31256e+08	(delta): 1636.59
41 (QN/Block) 	Elapsed: 163.638	Loglikelihood: -3.31254e+08	(delta): 2068.51
42 (QN/Block) 	Elapsed: 154.428	Loglikelihood: -3.31252e+08	(delta): 1537.93
43 (QN/Block) 	Elapsed: 157.771	Loglikelihood: -3.31251e+08	(delta): 1151.92
44 (QN/Block) 	Elapsed: 164.636	Loglikelihood: -3.3125e+08	(delta): 972.885
45 (QN/Block) 	Elapsed: 166.818	Loglikelihood: -3.3125e+08	(delta): 435.665
46 (QN/Block) 	Elapsed: 161.777	Loglikelihood: -3.3125e+08	(delta): 184.435
47 (QN/Block) 	Elapsed: 158.075	Loglikelihood: -3.31249e+08	(delta): 113.182
48 (QN/Block) 	Elapsed: 155.015	Loglikelihood: -3.31249e+08	(delta): 67.566
49 (QN/Block) 	Elapsed: 154.945	Loglikelihood: -3.31249e+08	(delta): 49.7367
50 (QN/Block) 	Elapsed: 155.845	Loglikelihood: -3.31249e+08	(delta): 53.8309
51 (QN/Block) 	Elapsed: 155.547	Loglikelihood: -3.31249e+08	(delta): 193.379
52 (QN/Block) 	Elapsed: 156.648	Loglikelihood: -3.31249e+08	(delta): 354.379
53 (QN/Block) 	Elapsed: 158.895	Loglikelihood: -3.31248e+08	(delta): 279.755
54 (QN/Block) 	Elapsed: 155.09	Loglikelihood: -3.31248e+08	(delta): 146.787
55 (QN/Block) 	Elapsed: 156.359	Loglikelihood: -3.31248e+08	(delta): 98.2437
56 (QN/Block) 	Elapsed: 157.97	Loglikelihood: -3.31248e+08	(delta): 54.7859
57 (QN/Block) 	Elapsed: 165.317	Loglikelihood: -3.31248e+08	(delta): 52.5449
58 (QN/Block) 	Elapsed: 160.205	Loglikelihood: -3.31248e+08	(delta): 26.0804
59 (QN/Block) 	Elapsed: 158.733	Loglikelihood: -3.31248e+08	(delta): 13.472
60 (QN/Block) 	Elapsed: 154.502	Loglikelihood: -3.31248e+08	(delta): 8.88824
61 (QN/Block) 	Elapsed: 154.589	Loglikelihood: -3.31248e+08	(delta): 5.94118
62 (QN/Block) 	Elapsed: 156.642	Loglikelihood: -3.31248e+08	(delta): 4.29193
63 (QN/Block) 	Elapsed: 155.668	Loglikelihood: -3.31248e+08	(delta): 2.19661
64 (QN/Block) 	Elapsed: 154.592	Loglikelihood: -3.31248e+08	(delta): 2.5356
65 (QN/Block) 	Elapsed: 156.9	Loglikelihood: -3.31248e+08	(delta): 0.742129
66 (QN/Block) 	Elapsed: 159.866	Loglikelihood: -3.31248e+08	(delta): 0.640326
67 (QN/Block) 	Elapsed: 160.029	Loglikelihood: -3.31248e+08	(delta): 0.356303
68 (QN/Block) 	Elapsed: 164.92	Loglikelihood: -3.31248e+08	(delta): 0.106066
69 (QN/Block) 	Elapsed: 159.439	Loglikelihood: -3.31248e+08	(delta): 0.141097
70 (QN/Block) 	Elapsed: 159.734	Loglikelihood: -3.31248e+08	(delta): 0.20437
71 (QN/Block) 	Elapsed: 160.757	Loglikelihood: -3.31248e+08	(delta): 0.309912
72 (QN/Block) 	Elapsed: 159.835	Loglikelihood: -3.31248e+08	(delta): 0.483281
73 (QN/Block) 	Elapsed: 158.358	Loglikelihood: -3.31248e+08	(delta): 0.764963
74 (QN/Block) 	Elapsed: 159.445	Loglikelihood: -3.31248e+08	(delta): 1.2184
75 (QN/Block) 	Elapsed: 162.464	Loglikelihood: -3.31248e+08	(delta): 1.94138
76 (QN/Block) 	Elapsed: 161.989	Loglikelihood: -3.31248e+08	(delta): 3.08175
77 (QN/Block) 	Elapsed: 159.309	Loglikelihood: -3.31248e+08	(delta): 4.85703
78 (QN/Block) 	Elapsed: 158.227	Loglikelihood: -3.31248e+08	(delta): 7.57658
79 (QN/Block) 	Elapsed: 157.948	Loglikelihood: -3.31248e+08	(delta): 11.6569
80 (QN/Block) 	Elapsed: 158.321	Loglikelihood: -3.31248e+08	(delta): 17.6195
81 (QN/Block) 	Elapsed: 159.029	Loglikelihood: -3.31248e+08	(delta): 25.9942
82 (QN/Block) 	Elapsed: 157.947	Loglikelihood: -3.31248e+08	(delta): 36.84
83 (QN/Block) 	Elapsed: 158.237	Loglikelihood: -3.31248e+08	(delta): 48.893
84 (QN/Block) 	Elapsed: 159.707	Loglikelihood: -3.31248e+08	(delta): 59.1955
85 (QN/Block) 	Elapsed: 161.547	Loglikelihood: -3.31248e+08	(delta): 63.8268
86 (QN/Block) 	Elapsed: 161.199	Loglikelihood: -3.31248e+08	(delta): 98.8965
87 (QN/Block) 	Elapsed: 159.505	Loglikelihood: -3.31248e+08	(delta): 95.0296
88 (QN/Block) 	Elapsed: 157.87	Loglikelihood: -3.31248e+08	(delta): 33.3732
89 (QN/Block) 	Elapsed: 152.907	Loglikelihood: -3.31248e+08	(delta): 16.218
90 (QN/Block) 	Elapsed: 153.457	Loglikelihood: -3.31248e+08	(delta): 22.8042
91 (QN/Block) 	Elapsed: 153.977	Loglikelihood: -3.31248e+08	(delta): 17.474
92 (QN/Block) 	Elapsed: 153.331	Loglikelihood: -3.31248e+08	(delta): 5.44841
93 (QN/Block) 	Elapsed: 153.051	Loglikelihood: -3.31248e+08	(delta): 1.89487
94 (QN/Block) 	Elapsed: 156.483	Loglikelihood: -3.31248e+08	(delta): 1.2298
95 (QN/Block) 	Elapsed: 156.698	Loglikelihood: -3.31248e+08	(delta): 1.12121
96 (QN/Block) 	Elapsed: 156.578	Loglikelihood: -3.31248e+08	(delta): 0.933054
97 (QN/Block) 	Elapsed: 153.659	Loglikelihood: -3.31248e+08	(delta): 0.456602
98 (QN/Block) 	Elapsed: 153.264	Loglikelihood: -3.31248e+08	(delta): 0.328952
99 (QN/Block) 	Elapsed: 152.838	Loglikelihood: -3.31248e+08	(delta): 0.0975364
100 (QN/Block) 	Elapsed: 152.859	Loglikelihood: -3.31248e+08	(delta): 0.0644761
101 (QN/Block) 	Elapsed: 154.327	Loglikelihood: -3.31248e+08	(delta): 0.021551
102 (QN/Block) 	Elapsed: 153.641	Loglikelihood: -3.31248e+08	(delta): 0.0311259
103 (QN/Block) 	Elapsed: 153.127	Loglikelihood: -3.31248e+08	(delta): 0.00241685
104 (QN/Block) 	Elapsed: 152.942	Loglikelihood: -3.31248e+08	(delta): 0.00190228
105 (QN/Block) 	Elapsed: 152.986	Loglikelihood: -3.31248e+08	(delta): 6.3777e-05
Summary: 
Converged in 105 iterations (17071.3 sec)
Loglikelihood: -331247500.272342
Fst divergences between estimated populations: 
	Pop0	Pop1	Pop2	Pop3	Pop4	Pop5	Pop6	Pop7	
Pop0	
Pop1	0.190	
Pop2	0.205	0.050	
Pop3	0.399	0.356	0.372	
Pop4	0.242	0.169	0.180	0.445	
Pop5	0.076	0.198	0.213	0.411	0.249	
Pop6	0.039	0.183	0.198	0.389	0.234	0.065	
Pop7	0.086	0.144	0.158	0.340	0.197	0.092	0.078	
Pop8	0.081	0.147	0.162	0.344	0.200	0.089	0.071	0.046	
CV error (K=9): 0.45541
Writing output files.
