****                   ADMIXTURE Version 1.3.0                  ****
****                    Copyright 2008-2015                     ****
****           David Alexander, Suyash Shringarpure,            ****
****                John  Novembre, Ken Lange                   ****
****                                                            ****
****                 Please cite our paper!                     ****
****   Information at www.genetics.ucla.edu/software/admixture  ****

Parallel execution requested.  Will use 7 threads.
Cross-validation will be performed.  Folds=5.
Random seed: 43
Point estimation method: Block relaxation algorithm
Convergence acceleration algorithm: QuasiNewton, 3 secant conditions
Point estimation will terminate when objective function delta < 0.0001
Estimation of standard errors disabled; will compute point estimates only.
Size of G: 306x1654632
Performing five EM steps to prime main algorithm
1 (EM) 	Elapsed: 64.759	Loglikelihood: -4.015e+08	(delta): 2.90706e+08
2 (EM) 	Elapsed: 62.625	Loglikelihood: -3.84673e+08	(delta): 1.68261e+07
3 (EM) 	Elapsed: 62.647	Loglikelihood: -3.81357e+08	(delta): 3.31674e+06
4 (EM) 	Elapsed: 65.94	Loglikelihood: -3.79408e+08	(delta): 1.94886e+06
5 (EM) 	Elapsed: 62.696	Loglikelihood: -3.77882e+08	(delta): 1.52545e+06
Initial loglikelihood: -3.77882e+08
Starting main algorithm
1 (QN/Block) 	Elapsed: 165.476	Loglikelihood: -3.44844e+08	(delta): 3.30387e+07
2 (QN/Block) 	Elapsed: 171.247	Loglikelihood: -3.3702e+08	(delta): 7.8241e+06
3 (QN/Block) 	Elapsed: 151.737	Loglikelihood: -3.35057e+08	(delta): 1.96213e+06
4 (QN/Block) 	Elapsed: 154.64	Loglikelihood: -3.33797e+08	(delta): 1.26046e+06
5 (QN/Block) 	Elapsed: 162.305	Loglikelihood: -3.33221e+08	(delta): 575932
6 (QN/Block) 	Elapsed: 154.914	Loglikelihood: -3.32869e+08	(delta): 351698
7 (QN/Block) 	Elapsed: 168.334	Loglikelihood: -3.32594e+08	(delta): 275447
8 (QN/Block) 	Elapsed: 158.075	Loglikelihood: -3.3235e+08	(delta): 243863
9 (QN/Block) 	Elapsed: 156.987	Loglikelihood: -3.32237e+08	(delta): 113300
10 (QN/Block) 	Elapsed: 152.244	Loglikelihood: -3.32211e+08	(delta): 25396.5
11 (QN/Block) 	Elapsed: 148.202	Loglikelihood: -3.32203e+08	(delta): 8457.54
12 (QN/Block) 	Elapsed: 150.889	Loglikelihood: -3.32197e+08	(delta): 6008.26
13 (QN/Block) 	Elapsed: 152.312	Loglikelihood: -3.32194e+08	(delta): 2487.36
14 (QN/Block) 	Elapsed: 161.445	Loglikelihood: -3.32193e+08	(delta): 1418.08
15 (QN/Block) 	Elapsed: 164.609	Loglikelihood: -3.32192e+08	(delta): 619.52
16 (QN/Block) 	Elapsed: 162.132	Loglikelihood: -3.32192e+08	(delta): 510.654
17 (QN/Block) 	Elapsed: 155.002	Loglikelihood: -3.32192e+08	(delta): 337.253
18 (QN/Block) 	Elapsed: 157.132	Loglikelihood: -3.32191e+08	(delta): 227.432
19 (QN/Block) 	Elapsed: 159.629	Loglikelihood: -3.32191e+08	(delta): 217.109
20 (QN/Block) 	Elapsed: 159.856	Loglikelihood: -3.32191e+08	(delta): 249.079
21 (QN/Block) 	Elapsed: 157.236	Loglikelihood: -3.3219e+08	(delta): 331.118
22 (QN/Block) 	Elapsed: 156.909	Loglikelihood: -3.3219e+08	(delta): 164.586
23 (QN/Block) 	Elapsed: 158.473	Loglikelihood: -3.3219e+08	(delta): 72.2092
24 (QN/Block) 	Elapsed: 153.369	Loglikelihood: -3.3219e+08	(delta): 7.35384
25 (QN/Block) 	Elapsed: 153.295	Loglikelihood: -3.3219e+08	(delta): 4.39423
26 (QN/Block) 	Elapsed: 153.442	Loglikelihood: -3.3219e+08	(delta): 3.20668
27 (QN/Block) 	Elapsed: 156.554	Loglikelihood: -3.3219e+08	(delta): 3.47982
28 (QN/Block) 	Elapsed: 158.432	Loglikelihood: -3.3219e+08	(delta): 1.488
29 (QN/Block) 	Elapsed: 155.778	Loglikelihood: -3.3219e+08	(delta): 0.544178
30 (QN/Block) 	Elapsed: 152.727	Loglikelihood: -3.3219e+08	(delta): 0.364315
31 (QN/Block) 	Elapsed: 164.765	Loglikelihood: -3.3219e+08	(delta): 0.0740219
32 (QN/Block) 	Elapsed: 163.97	Loglikelihood: -3.3219e+08	(delta): 0.0452593
33 (QN/Block) 	Elapsed: 157.269	Loglikelihood: -3.3219e+08	(delta): 0.11947
34 (QN/Block) 	Elapsed: 167.841	Loglikelihood: -3.3219e+08	(delta): 0.0682697
35 (QN/Block) 	Elapsed: 150.902	Loglikelihood: -3.3219e+08	(delta): 0.0336938
36 (QN/Block) 	Elapsed: 150.862	Loglikelihood: -3.3219e+08	(delta): 0.01715
37 (QN/Block) 	Elapsed: 151.22	Loglikelihood: -3.3219e+08	(delta): 0.0247369
38 (QN/Block) 	Elapsed: 151.8	Loglikelihood: -3.3219e+08	(delta): 0.013449
39 (QN/Block) 	Elapsed: 172.442	Loglikelihood: -3.3219e+08	(delta): 0.00515789
40 (QN/Block) 	Elapsed: 161.367	Loglikelihood: -3.3219e+08	(delta): 0.00208873
41 (QN/Block) 	Elapsed: 169.584	Loglikelihood: -3.3219e+08	(delta): 0.00186306
42 (QN/Block) 	Elapsed: 166.102	Loglikelihood: -3.3219e+08	(delta): 0.000504196
43 (QN/Block) 	Elapsed: 153.453	Loglikelihood: -3.3219e+08	(delta): 0.000676036
44 (QN/Block) 	Elapsed: 153.336	Loglikelihood: -3.3219e+08	(delta): 0.000358343
45 (QN/Block) 	Elapsed: 153.35	Loglikelihood: -3.3219e+08	(delta): 0.000158072
46 (QN/Block) 	Elapsed: 153.191	Loglikelihood: -3.3219e+08	(delta): 0.00010246
47 (QN/Block) 	Elapsed: 152.924	Loglikelihood: -3.3219e+08	(delta): 0.000148058
48 (QN/Block) 	Elapsed: 153.523	Loglikelihood: -3.3219e+08	(delta): 3.78489e-05
Summary: 
Converged in 48 iterations (7980.59 sec)
Loglikelihood: -332190219.476839
Fst divergences between estimated populations: 
	Pop0	Pop1	Pop2	Pop3	Pop4	Pop5	Pop6	
Pop0	
Pop1	0.154	
Pop2	0.340	0.366	
Pop3	0.082	0.198	0.393	
Pop4	0.143	0.049	0.355	0.186	
Pop5	0.037	0.155	0.341	0.077	0.144	
Pop6	0.087	0.204	0.404	0.071	0.192	0.082	
Pop7	0.060	0.173	0.365	0.081	0.161	0.053	0.087	
CV error (K=8): 0.44155
Writing output files.
