****                   ADMIXTURE Version 1.3.0                  ****
****                    Copyright 2008-2015                     ****
****           David Alexander, Suyash Shringarpure,            ****
****                John  Novembre, Ken Lange                   ****
****                                                            ****
****                 Please cite our paper!                     ****
****   Information at www.genetics.ucla.edu/software/admixture  ****

Parallel execution requested.  Will use 7 threads.
Cross-validation will be performed.  Folds=5.
Random seed: 43
Point estimation method: Block relaxation algorithm
Convergence acceleration algorithm: QuasiNewton, 3 secant conditions
Point estimation will terminate when objective function delta < 0.0001
Estimation of standard errors disabled; will compute point estimates only.
Size of G: 306x1654632
Performing five EM steps to prime main algorithm
1 (EM) 	Elapsed: 23.246	Loglikelihood: -3.95191e+08	(delta): 4.15394e+08
2 (EM) 	Elapsed: 23.684	Loglikelihood: -3.82267e+08	(delta): 1.29244e+07
3 (EM) 	Elapsed: 23.155	Loglikelihood: -3.79327e+08	(delta): 2.93961e+06
4 (EM) 	Elapsed: 23.431	Loglikelihood: -3.7797e+08	(delta): 1.35735e+06
5 (EM) 	Elapsed: 23.145	Loglikelihood: -3.77309e+08	(delta): 661180
Initial loglikelihood: -3.77309e+08
Starting main algorithm
1 (QN/Block) 	Elapsed: 72.301	Loglikelihood: -3.64479e+08	(delta): 1.28297e+07
2 (QN/Block) 	Elapsed: 72.133	Loglikelihood: -3.57438e+08	(delta): 7.04076e+06
3 (QN/Block) 	Elapsed: 74.127	Loglikelihood: -3.54903e+08	(delta): 2.53546e+06
4 (QN/Block) 	Elapsed: 78.192	Loglikelihood: -3.52783e+08	(delta): 2.12033e+06
5 (QN/Block) 	Elapsed: 77.327	Loglikelihood: -3.51871e+08	(delta): 911938
6 (QN/Block) 	Elapsed: 77.981	Loglikelihood: -3.51697e+08	(delta): 173968
7 (QN/Block) 	Elapsed: 74.775	Loglikelihood: -3.51674e+08	(delta): 23237.6
8 (QN/Block) 	Elapsed: 78.456	Loglikelihood: -3.51668e+08	(delta): 5037.8
9 (QN/Block) 	Elapsed: 76.491	Loglikelihood: -3.51667e+08	(delta): 1376.91
10 (QN/Block) 	Elapsed: 78.167	Loglikelihood: -3.51667e+08	(delta): 87.4409
11 (QN/Block) 	Elapsed: 78.258	Loglikelihood: -3.51667e+08	(delta): 0.229522
12 (QN/Block) 	Elapsed: 75.398	Loglikelihood: -3.51667e+08	(delta): 0.0313457
13 (QN/Block) 	Elapsed: 74.849	Loglikelihood: -3.51667e+08	(delta): 5.37038e-05
Summary: 
Converged in 13 iterations (1127.15 sec)
Loglikelihood: -351667013.066866
Fst divergences between estimated populations: 
	Pop0	
Pop0	
Pop1	0.142	
CV error (K=2): 0.44841
Writing output files.
