****                   ADMIXTURE Version 1.3.0                  ****
****                    Copyright 2008-2015                     ****
****           David Alexander, Suyash Shringarpure,            ****
****                John  Novembre, Ken Lange                   ****
****                                                            ****
****                 Please cite our paper!                     ****
****   Information at www.genetics.ucla.edu/software/admixture  ****

Parallel execution requested.  Will use 7 threads.
Cross-validation will be performed.  Folds=5.
Random seed: 43
Point estimation method: Block relaxation algorithm
Convergence acceleration algorithm: QuasiNewton, 3 secant conditions
Point estimation will terminate when objective function delta < 0.0001
Estimation of standard errors disabled; will compute point estimates only.
Size of G: 306x1654632
Performing five EM steps to prime main algorithm
1 (EM) 	Elapsed: 29.803	Loglikelihood: -4.00567e+08	(delta): 3.58204e+08
2 (EM) 	Elapsed: 29.647	Loglikelihood: -3.84963e+08	(delta): 1.56046e+07
3 (EM) 	Elapsed: 28.796	Loglikelihood: -3.81091e+08	(delta): 3.87151e+06
4 (EM) 	Elapsed: 28.623	Loglikelihood: -3.79053e+08	(delta): 2.03826e+06
5 (EM) 	Elapsed: 28.601	Loglikelihood: -3.77774e+08	(delta): 1.27916e+06
Initial loglikelihood: -3.77774e+08
Starting main algorithm
1 (QN/Block) 	Elapsed: 86.349	Loglikelihood: -3.55326e+08	(delta): 2.24481e+07
2 (QN/Block) 	Elapsed: 86.135	Loglikelihood: -3.48143e+08	(delta): 7.18264e+06
3 (QN/Block) 	Elapsed: 89.144	Loglikelihood: -3.45499e+08	(delta): 2.64439e+06
4 (QN/Block) 	Elapsed: 89.425	Loglikelihood: -3.44358e+08	(delta): 1.14075e+06
5 (QN/Block) 	Elapsed: 89.324	Loglikelihood: -3.44152e+08	(delta): 206040
6 (QN/Block) 	Elapsed: 89.39	Loglikelihood: -3.44071e+08	(delta): 80565.2
7 (QN/Block) 	Elapsed: 89.3	Loglikelihood: -3.44027e+08	(delta): 44339.5
8 (QN/Block) 	Elapsed: 89.328	Loglikelihood: -3.44005e+08	(delta): 22272.2
9 (QN/Block) 	Elapsed: 90.57	Loglikelihood: -3.43981e+08	(delta): 23597.8
10 (QN/Block) 	Elapsed: 90.583	Loglikelihood: -3.43972e+08	(delta): 8800.99
11 (QN/Block) 	Elapsed: 91.406	Loglikelihood: -3.43968e+08	(delta): 4649.68
12 (QN/Block) 	Elapsed: 92.761	Loglikelihood: -3.43966e+08	(delta): 1489.53
13 (QN/Block) 	Elapsed: 88.604	Loglikelihood: -3.43966e+08	(delta): 223.054
14 (QN/Block) 	Elapsed: 92.805	Loglikelihood: -3.43966e+08	(delta): 99.8465
15 (QN/Block) 	Elapsed: 88.615	Loglikelihood: -3.43966e+08	(delta): 9.24898
16 (QN/Block) 	Elapsed: 89.304	Loglikelihood: -3.43966e+08	(delta): 5.95353
17 (QN/Block) 	Elapsed: 89.667	Loglikelihood: -3.43966e+08	(delta): 0.43008
18 (QN/Block) 	Elapsed: 92.306	Loglikelihood: -3.43966e+08	(delta): 0.00994283
19 (QN/Block) 	Elapsed: 88.7	Loglikelihood: -3.43966e+08	(delta): 5.32269e-05
Summary: 
Converged in 19 iterations (1880.34 sec)
Loglikelihood: -343965938.416810
Fst divergences between estimated populations: 
	Pop0	Pop1	
Pop0	
Pop1	0.058	
Pop2	0.168	0.125	
CV error (K=3): 0.43756
Writing output files.
