****                   ADMIXTURE Version 1.3.0                  ****
****                    Copyright 2008-2015                     ****
****           David Alexander, Suyash Shringarpure,            ****
****                John  Novembre, Ken Lange                   ****
****                                                            ****
****                 Please cite our paper!                     ****
****   Information at www.genetics.ucla.edu/software/admixture  ****

Parallel execution requested.  Will use 7 threads.
Cross-validation will be performed.  Folds=5.
Random seed: 43
Point estimation method: Block relaxation algorithm
Convergence acceleration algorithm: QuasiNewton, 3 secant conditions
Point estimation will terminate when objective function delta < 0.0001
Estimation of standard errors disabled; will compute point estimates only.
Size of G: 64x937659
Performing five EM steps to prime main algorithm
1 (EM) 	Elapsed: 9.795	Loglikelihood: -5.80234e+07	(delta): 2.53454e+07
2 (EM) 	Elapsed: 9.963	Loglikelihood: -5.59827e+07	(delta): 2.04071e+06
3 (EM) 	Elapsed: 9.939	Loglikelihood: -5.53566e+07	(delta): 626091
4 (EM) 	Elapsed: 10.043	Loglikelihood: -5.49193e+07	(delta): 437261
5 (EM) 	Elapsed: 9.964	Loglikelihood: -5.45621e+07	(delta): 357227
Initial loglikelihood: -5.45621e+07
Starting main algorithm
1 (QN/Block) 	Elapsed: 20.751	Loglikelihood: -5.20129e+07	(delta): 2.54916e+06
2 (QN/Block) 	Elapsed: 20.595	Loglikelihood: -5.15455e+07	(delta): 467427
3 (QN/Block) 	Elapsed: 22.398	Loglikelihood: -5.11652e+07	(delta): 380312
4 (QN/Block) 	Elapsed: 22.149	Loglikelihood: -5.09115e+07	(delta): 253699
5 (QN/Block) 	Elapsed: 22.461	Loglikelihood: -5.07086e+07	(delta): 202843
6 (QN/Block) 	Elapsed: 22.151	Loglikelihood: -5.05873e+07	(delta): 121289
7 (QN/Block) 	Elapsed: 22.126	Loglikelihood: -5.05194e+07	(delta): 67982.1
8 (QN/Block) 	Elapsed: 22.183	Loglikelihood: -5.04781e+07	(delta): 41249.6
9 (QN/Block) 	Elapsed: 22.146	Loglikelihood: -5.04534e+07	(delta): 24666.5
10 (QN/Block) 	Elapsed: 22.218	Loglikelihood: -5.04366e+07	(delta): 16883.4
11 (QN/Block) 	Elapsed: 22.334	Loglikelihood: -5.04175e+07	(delta): 19096.3
12 (QN/Block) 	Elapsed: 22.408	Loglikelihood: -5.04023e+07	(delta): 15126
13 (QN/Block) 	Elapsed: 22.411	Loglikelihood: -5.03915e+07	(delta): 10868.9
14 (QN/Block) 	Elapsed: 22.147	Loglikelihood: -5.03794e+07	(delta): 12082
15 (QN/Block) 	Elapsed: 22.102	Loglikelihood: -5.03707e+07	(delta): 8682.16
16 (QN/Block) 	Elapsed: 22.206	Loglikelihood: -5.03614e+07	(delta): 9263.78
17 (QN/Block) 	Elapsed: 22.136	Loglikelihood: -5.03511e+07	(delta): 10297.1
18 (QN/Block) 	Elapsed: 22.413	Loglikelihood: -5.03422e+07	(delta): 8906.94
19 (QN/Block) 	Elapsed: 22.547	Loglikelihood: -5.03382e+07	(delta): 4067.56
20 (QN/Block) 	Elapsed: 22.659	Loglikelihood: -5.03343e+07	(delta): 3899.56
21 (QN/Block) 	Elapsed: 22.042	Loglikelihood: -5.03295e+07	(delta): 4738.86
22 (QN/Block) 	Elapsed: 22.701	Loglikelihood: -5.03286e+07	(delta): 951.885
23 (QN/Block) 	Elapsed: 22.048	Loglikelihood: -5.03284e+07	(delta): 181.103
24 (QN/Block) 	Elapsed: 22.117	Loglikelihood: -5.03283e+07	(delta): 76.8197
25 (QN/Block) 	Elapsed: 22.109	Loglikelihood: -5.03283e+07	(delta): 57.9345
26 (QN/Block) 	Elapsed: 22.053	Loglikelihood: -5.03282e+07	(delta): 42.3028
27 (QN/Block) 	Elapsed: 22.164	Loglikelihood: -5.0328e+07	(delta): 224.251
28 (QN/Block) 	Elapsed: 22.88	Loglikelihood: -5.03278e+07	(delta): 175.911
29 (QN/Block) 	Elapsed: 22.64	Loglikelihood: -5.03278e+07	(delta): 49.3337
30 (QN/Block) 	Elapsed: 22.004	Loglikelihood: -5.03277e+07	(delta): 79.2287
31 (QN/Block) 	Elapsed: 23.015	Loglikelihood: -5.03276e+07	(delta): 86.2971
32 (QN/Block) 	Elapsed: 22.975	Loglikelihood: -5.03274e+07	(delta): 167.455
33 (QN/Block) 	Elapsed: 23.085	Loglikelihood: -5.03271e+07	(delta): 378.854
34 (QN/Block) 	Elapsed: 22.859	Loglikelihood: -5.03261e+07	(delta): 972.775
35 (QN/Block) 	Elapsed: 23.028	Loglikelihood: -5.03235e+07	(delta): 2610.52
36 (QN/Block) 	Elapsed: 23.099	Loglikelihood: -5.03217e+07	(delta): 1751.21
37 (QN/Block) 	Elapsed: 22.499	Loglikelihood: -5.03198e+07	(delta): 1976.75
38 (QN/Block) 	Elapsed: 22.284	Loglikelihood: -5.03185e+07	(delta): 1297.08
39 (QN/Block) 	Elapsed: 22.184	Loglikelihood: -5.03181e+07	(delta): 373.539
40 (QN/Block) 	Elapsed: 22.171	Loglikelihood: -5.03179e+07	(delta): 181.009
41 (QN/Block) 	Elapsed: 22.174	Loglikelihood: -5.03178e+07	(delta): 68.8054
42 (QN/Block) 	Elapsed: 22.307	Loglikelihood: -5.03178e+07	(delta): 38.7748
43 (QN/Block) 	Elapsed: 22.295	Loglikelihood: -5.03178e+07	(delta): 30.6146
44 (QN/Block) 	Elapsed: 22.012	Loglikelihood: -5.03176e+07	(delta): 148.023
45 (QN/Block) 	Elapsed: 22.249	Loglikelihood: -5.03176e+07	(delta): 56.8472
46 (QN/Block) 	Elapsed: 22.471	Loglikelihood: -5.03175e+07	(delta): 39.1865
47 (QN/Block) 	Elapsed: 22.202	Loglikelihood: -5.03175e+07	(delta): 29.8432
48 (QN/Block) 	Elapsed: 22.003	Loglikelihood: -5.03175e+07	(delta): 14.9666
49 (QN/Block) 	Elapsed: 22.149	Loglikelihood: -5.03175e+07	(delta): 13.9685
50 (QN/Block) 	Elapsed: 22.281	Loglikelihood: -5.03174e+07	(delta): 10.7707
51 (QN/Block) 	Elapsed: 22.298	Loglikelihood: -5.03174e+07	(delta): 23.665
52 (QN/Block) 	Elapsed: 22.314	Loglikelihood: -5.03174e+07	(delta): 9.01428
53 (QN/Block) 	Elapsed: 22.247	Loglikelihood: -5.03174e+07	(delta): 4.00594
54 (QN/Block) 	Elapsed: 22.333	Loglikelihood: -5.03174e+07	(delta): 1.27622
55 (QN/Block) 	Elapsed: 22.253	Loglikelihood: -5.03174e+07	(delta): 1.6532
56 (QN/Block) 	Elapsed: 22.255	Loglikelihood: -5.03174e+07	(delta): 0.753816
57 (QN/Block) 	Elapsed: 22.297	Loglikelihood: -5.03174e+07	(delta): 0.431837
58 (QN/Block) 	Elapsed: 22.265	Loglikelihood: -5.03174e+07	(delta): 0.456553
59 (QN/Block) 	Elapsed: 22.397	Loglikelihood: -5.03174e+07	(delta): 0.176943
60 (QN/Block) 	Elapsed: 22.177	Loglikelihood: -5.03174e+07	(delta): 0.0885481
61 (QN/Block) 	Elapsed: 22.267	Loglikelihood: -5.03174e+07	(delta): 0.0229617
62 (QN/Block) 	Elapsed: 22.291	Loglikelihood: -5.03174e+07	(delta): 0.0697978
63 (QN/Block) 	Elapsed: 22.2	Loglikelihood: -5.03174e+07	(delta): 0.00577563
64 (QN/Block) 	Elapsed: 22.292	Loglikelihood: -5.03174e+07	(delta): 0.00233277
65 (QN/Block) 	Elapsed: 22.139	Loglikelihood: -5.03174e+07	(delta): 0.00043191
66 (QN/Block) 	Elapsed: 22.236	Loglikelihood: -5.03174e+07	(delta): 0.000788622
67 (QN/Block) 	Elapsed: 22.205	Loglikelihood: -5.03174e+07	(delta): 0.000167921
68 (QN/Block) 	Elapsed: 22.229	Loglikelihood: -5.03174e+07	(delta): 1.07959e-05
Summary: 
Converged in 68 iterations (1582.75 sec)
Loglikelihood: -50317406.838900
Fst divergences between estimated populations: 
	Pop0	Pop1	Pop2	Pop3	Pop4	Pop5	Pop6	Pop7	Pop8	
Pop0	
Pop1	0.108	
Pop2	0.213	0.165	
Pop3	0.127	0.078	0.173	
Pop4	0.170	0.121	0.191	0.131	
Pop5	0.135	0.087	0.182	0.107	0.141	
Pop6	0.144	0.094	0.177	0.105	0.133	0.119	
Pop7	0.157	0.110	0.214	0.127	0.171	0.137	0.144	
Pop8	0.246	0.195	0.301	0.216	0.259	0.226	0.233	0.245	
Pop9	0.148	0.101	0.203	0.118	0.160	0.127	0.134	0.148	0.236	
CV error (K=10): 1.23930
Writing output files.
