****                   ADMIXTURE Version 1.3.0                  ****
****                    Copyright 2008-2015                     ****
****           David Alexander, Suyash Shringarpure,            ****
****                John  Novembre, Ken Lange                   ****
****                                                            ****
****                 Please cite our paper!                     ****
****   Information at www.genetics.ucla.edu/software/admixture  ****

Parallel execution requested.  Will use 7 threads.
Cross-validation will be performed.  Folds=5.
Random seed: 43
Point estimation method: Block relaxation algorithm
Convergence acceleration algorithm: QuasiNewton, 3 secant conditions
Point estimation will terminate when objective function delta < 0.0001
Estimation of standard errors disabled; will compute point estimates only.
Size of G: 64x937659
Performing five EM steps to prime main algorithm
1 (EM) 	Elapsed: 2.207	Loglikelihood: -5.85546e+07	(delta): 3.10992e+07
2 (EM) 	Elapsed: 2.266	Loglikelihood: -5.64974e+07	(delta): 2.05718e+06
3 (EM) 	Elapsed: 2.255	Loglikelihood: -5.57969e+07	(delta): 700558
4 (EM) 	Elapsed: 2.263	Loglikelihood: -5.5386e+07	(delta): 410896
5 (EM) 	Elapsed: 2.216	Loglikelihood: -5.51177e+07	(delta): 268255
Initial loglikelihood: -5.51177e+07
Starting main algorithm
1 (QN/Block) 	Elapsed: 8.42	Loglikelihood: -5.43133e+07	(delta): 804444
2 (QN/Block) 	Elapsed: 8.175	Loglikelihood: -5.4062e+07	(delta): 251222
3 (QN/Block) 	Elapsed: 9.635	Loglikelihood: -5.38758e+07	(delta): 186281
4 (QN/Block) 	Elapsed: 9.617	Loglikelihood: -5.37855e+07	(delta): 90252.7
5 (QN/Block) 	Elapsed: 8.781	Loglikelihood: -5.37428e+07	(delta): 42719.5
6 (QN/Block) 	Elapsed: 9.223	Loglikelihood: -5.3719e+07	(delta): 23767.7
7 (QN/Block) 	Elapsed: 9.011	Loglikelihood: -5.37027e+07	(delta): 16289.8
8 (QN/Block) 	Elapsed: 9.132	Loglikelihood: -5.36886e+07	(delta): 14121.8
9 (QN/Block) 	Elapsed: 9.108	Loglikelihood: -5.36755e+07	(delta): 13100
10 (QN/Block) 	Elapsed: 9.187	Loglikelihood: -5.36568e+07	(delta): 18669.1
11 (QN/Block) 	Elapsed: 8.991	Loglikelihood: -5.36532e+07	(delta): 3682.05
12 (QN/Block) 	Elapsed: 9.244	Loglikelihood: -5.36495e+07	(delta): 3662.12
13 (QN/Block) 	Elapsed: 9.022	Loglikelihood: -5.3647e+07	(delta): 2452.28
14 (QN/Block) 	Elapsed: 9.293	Loglikelihood: -5.36462e+07	(delta): 807.102
15 (QN/Block) 	Elapsed: 8.914	Loglikelihood: -5.36455e+07	(delta): 695.758
16 (QN/Block) 	Elapsed: 9.694	Loglikelihood: -5.36439e+07	(delta): 1616.81
17 (QN/Block) 	Elapsed: 9.005	Loglikelihood: -5.36435e+07	(delta): 427.862
18 (QN/Block) 	Elapsed: 8.901	Loglikelihood: -5.36426e+07	(delta): 850.229
19 (QN/Block) 	Elapsed: 8.943	Loglikelihood: -5.36423e+07	(delta): 314.867
20 (QN/Block) 	Elapsed: 8.86	Loglikelihood: -5.36421e+07	(delta): 184.142
21 (QN/Block) 	Elapsed: 8.796	Loglikelihood: -5.36418e+07	(delta): 310.261
22 (QN/Block) 	Elapsed: 8.962	Loglikelihood: -5.36416e+07	(delta): 189.703
23 (QN/Block) 	Elapsed: 8.815	Loglikelihood: -5.36415e+07	(delta): 110.43
24 (QN/Block) 	Elapsed: 8.775	Loglikelihood: -5.36414e+07	(delta): 123.816
25 (QN/Block) 	Elapsed: 8.886	Loglikelihood: -5.36413e+07	(delta): 161.256
26 (QN/Block) 	Elapsed: 8.863	Loglikelihood: -5.36412e+07	(delta): 76.7646
27 (QN/Block) 	Elapsed: 8.786	Loglikelihood: -5.36411e+07	(delta): 54.4845
28 (QN/Block) 	Elapsed: 8.806	Loglikelihood: -5.36411e+07	(delta): 26.8212
29 (QN/Block) 	Elapsed: 8.901	Loglikelihood: -5.36411e+07	(delta): 15.0013
30 (QN/Block) 	Elapsed: 8.811	Loglikelihood: -5.36411e+07	(delta): 7.37478
31 (QN/Block) 	Elapsed: 8.903	Loglikelihood: -5.36411e+07	(delta): 7.86726
32 (QN/Block) 	Elapsed: 9.412	Loglikelihood: -5.36411e+07	(delta): 5.92782
33 (QN/Block) 	Elapsed: 9.076	Loglikelihood: -5.36411e+07	(delta): 0.815446
34 (QN/Block) 	Elapsed: 8.952	Loglikelihood: -5.36411e+07	(delta): 0.240887
35 (QN/Block) 	Elapsed: 9.758	Loglikelihood: -5.36411e+07	(delta): 0.102907
36 (QN/Block) 	Elapsed: 9.057	Loglikelihood: -5.36411e+07	(delta): 0.556049
37 (QN/Block) 	Elapsed: 9.492	Loglikelihood: -5.36411e+07	(delta): 0.217589
38 (QN/Block) 	Elapsed: 9.673	Loglikelihood: -5.36411e+07	(delta): 0.0272758
39 (QN/Block) 	Elapsed: 9.117	Loglikelihood: -5.36411e+07	(delta): 0.0974595
40 (QN/Block) 	Elapsed: 9.047	Loglikelihood: -5.36411e+07	(delta): 0.0735426
41 (QN/Block) 	Elapsed: 9.039	Loglikelihood: -5.36411e+07	(delta): 0.0254647
42 (QN/Block) 	Elapsed: 9.064	Loglikelihood: -5.36411e+07	(delta): 0.0868538
43 (QN/Block) 	Elapsed: 9.068	Loglikelihood: -5.36411e+07	(delta): 0.0486488
44 (QN/Block) 	Elapsed: 9.116	Loglikelihood: -5.36411e+07	(delta): 0.105926
45 (QN/Block) 	Elapsed: 9.169	Loglikelihood: -5.36411e+07	(delta): 0.0438664
46 (QN/Block) 	Elapsed: 8.928	Loglikelihood: -5.36411e+07	(delta): 0.0445192
47 (QN/Block) 	Elapsed: 8.967	Loglikelihood: -5.36411e+07	(delta): 0.0133078
48 (QN/Block) 	Elapsed: 9.312	Loglikelihood: -5.36411e+07	(delta): 0.0401487
49 (QN/Block) 	Elapsed: 9.079	Loglikelihood: -5.36411e+07	(delta): 0.0114343
50 (QN/Block) 	Elapsed: 8.974	Loglikelihood: -5.36411e+07	(delta): 0.00822836
51 (QN/Block) 	Elapsed: 9.271	Loglikelihood: -5.36411e+07	(delta): 0.00455195
52 (QN/Block) 	Elapsed: 9.152	Loglikelihood: -5.36411e+07	(delta): 0.00266372
53 (QN/Block) 	Elapsed: 8.964	Loglikelihood: -5.36411e+07	(delta): 0.00141755
54 (QN/Block) 	Elapsed: 9.127	Loglikelihood: -5.36411e+07	(delta): 0.00091733
55 (QN/Block) 	Elapsed: 9.193	Loglikelihood: -5.36411e+07	(delta): 0.00058379
56 (QN/Block) 	Elapsed: 9.04	Loglikelihood: -5.36411e+07	(delta): 0.000230365
57 (QN/Block) 	Elapsed: 9.035	Loglikelihood: -5.36411e+07	(delta): 0.000262529
58 (QN/Block) 	Elapsed: 9.202	Loglikelihood: -5.36411e+07	(delta): 0.000225678
59 (QN/Block) 	Elapsed: 8.996	Loglikelihood: -5.36411e+07	(delta): 7.84546e-06
Summary: 
Converged in 59 iterations (555.959 sec)
Loglikelihood: -53641057.097715
Fst divergences between estimated populations: 
	Pop0	Pop1	Pop2	
Pop0	
Pop1	0.064	
Pop2	0.116	0.144	
Pop3	0.097	0.102	0.181	
CV error (K=4): 0.73637
Writing output files.
