****                   ADMIXTURE Version 1.3.0                  ****
****                    Copyright 2008-2015                     ****
****           David Alexander, Suyash Shringarpure,            ****
****                John  Novembre, Ken Lange                   ****
****                                                            ****
****                 Please cite our paper!                     ****
****   Information at www.genetics.ucla.edu/software/admixture  ****

Parallel execution requested.  Will use 7 threads.
Cross-validation will be performed.  Folds=5.
Random seed: 43
Point estimation method: Block relaxation algorithm
Convergence acceleration algorithm: QuasiNewton, 3 secant conditions
Point estimation will terminate when objective function delta < 0.0001
Estimation of standard errors disabled; will compute point estimates only.
Size of G: 64x937659
Performing five EM steps to prime main algorithm
1 (EM) 	Elapsed: 10.024	Loglikelihood: -5.81751e+07	(delta): 2.62508e+07
2 (EM) 	Elapsed: 10.1	Loglikelihood: -5.61286e+07	(delta): 2.04648e+06
3 (EM) 	Elapsed: 10.383	Loglikelihood: -5.54681e+07	(delta): 660495
4 (EM) 	Elapsed: 10.09	Loglikelihood: -5.50157e+07	(delta): 452442
5 (EM) 	Elapsed: 10.338	Loglikelihood: -5.46601e+07	(delta): 355562
Initial loglikelihood: -5.46601e+07
Starting main algorithm
1 (QN/Block) 	Elapsed: 18.201	Loglikelihood: -5.26223e+07	(delta): 2.03784e+06
2 (QN/Block) 	Elapsed: 17.933	Loglikelihood: -5.2227e+07	(delta): 395258
3 (QN/Block) 	Elapsed: 19.321	Loglikelihood: -5.19563e+07	(delta): 270723
4 (QN/Block) 	Elapsed: 19	Loglikelihood: -5.18156e+07	(delta): 140737
5 (QN/Block) 	Elapsed: 19.434	Loglikelihood: -5.17059e+07	(delta): 109648
6 (QN/Block) 	Elapsed: 19.055	Loglikelihood: -5.16013e+07	(delta): 104646
7 (QN/Block) 	Elapsed: 19.183	Loglikelihood: -5.15484e+07	(delta): 52840.4
8 (QN/Block) 	Elapsed: 19.135	Loglikelihood: -5.15052e+07	(delta): 43263.4
9 (QN/Block) 	Elapsed: 19.101	Loglikelihood: -5.14798e+07	(delta): 25420.9
10 (QN/Block) 	Elapsed: 19.052	Loglikelihood: -5.14645e+07	(delta): 15232.5
11 (QN/Block) 	Elapsed: 19.099	Loglikelihood: -5.14493e+07	(delta): 15262.1
12 (QN/Block) 	Elapsed: 19.148	Loglikelihood: -5.1437e+07	(delta): 12280.8
13 (QN/Block) 	Elapsed: 19.054	Loglikelihood: -5.14282e+07	(delta): 8757.68
14 (QN/Block) 	Elapsed: 19.054	Loglikelihood: -5.14241e+07	(delta): 4126.82
15 (QN/Block) 	Elapsed: 19.096	Loglikelihood: -5.14218e+07	(delta): 2242.81
16 (QN/Block) 	Elapsed: 19.339	Loglikelihood: -5.14204e+07	(delta): 1430.69
17 (QN/Block) 	Elapsed: 20.536	Loglikelihood: -5.14192e+07	(delta): 1193.58
18 (QN/Block) 	Elapsed: 20.286	Loglikelihood: -5.14181e+07	(delta): 1164.64
19 (QN/Block) 	Elapsed: 20.177	Loglikelihood: -5.14164e+07	(delta): 1660.32
20 (QN/Block) 	Elapsed: 20.273	Loglikelihood: -5.14136e+07	(delta): 2781.25
21 (QN/Block) 	Elapsed: 20.841	Loglikelihood: -5.141e+07	(delta): 3640.43
22 (QN/Block) 	Elapsed: 19.542	Loglikelihood: -5.14072e+07	(delta): 2771.88
23 (QN/Block) 	Elapsed: 19.197	Loglikelihood: -5.14064e+07	(delta): 797.051
24 (QN/Block) 	Elapsed: 19.089	Loglikelihood: -5.14062e+07	(delta): 195.336
25 (QN/Block) 	Elapsed: 19.166	Loglikelihood: -5.14062e+07	(delta): 39.8302
26 (QN/Block) 	Elapsed: 18.888	Loglikelihood: -5.14062e+07	(delta): 21.5249
27 (QN/Block) 	Elapsed: 18.951	Loglikelihood: -5.14061e+07	(delta): 10.2876
28 (QN/Block) 	Elapsed: 18.623	Loglikelihood: -5.14061e+07	(delta): 13.4103
29 (QN/Block) 	Elapsed: 19.774	Loglikelihood: -5.14061e+07	(delta): 8.24587
30 (QN/Block) 	Elapsed: 18.965	Loglikelihood: -5.14061e+07	(delta): 16.3777
31 (QN/Block) 	Elapsed: 19.996	Loglikelihood: -5.14061e+07	(delta): 10.6541
32 (QN/Block) 	Elapsed: 19.071	Loglikelihood: -5.14061e+07	(delta): 21.9048
33 (QN/Block) 	Elapsed: 19.011	Loglikelihood: -5.14061e+07	(delta): 10.8994
34 (QN/Block) 	Elapsed: 19.01	Loglikelihood: -5.14061e+07	(delta): 7.84209
35 (QN/Block) 	Elapsed: 20.072	Loglikelihood: -5.1406e+07	(delta): 3.9304
36 (QN/Block) 	Elapsed: 19.716	Loglikelihood: -5.1406e+07	(delta): 5.73392
37 (QN/Block) 	Elapsed: 20.79	Loglikelihood: -5.1406e+07	(delta): 2.31896
38 (QN/Block) 	Elapsed: 19.802	Loglikelihood: -5.1406e+07	(delta): 0.787512
39 (QN/Block) 	Elapsed: 19.703	Loglikelihood: -5.1406e+07	(delta): 0.318063
40 (QN/Block) 	Elapsed: 19.273	Loglikelihood: -5.1406e+07	(delta): 0.0202909
41 (QN/Block) 	Elapsed: 20.356	Loglikelihood: -5.1406e+07	(delta): 0.00860263
42 (QN/Block) 	Elapsed: 20.36	Loglikelihood: -5.1406e+07	(delta): 0.0111515
43 (QN/Block) 	Elapsed: 19.814	Loglikelihood: -5.1406e+07	(delta): 0.00189821
44 (QN/Block) 	Elapsed: 20.075	Loglikelihood: -5.1406e+07	(delta): 0.00316181
45 (QN/Block) 	Elapsed: 19.845	Loglikelihood: -5.1406e+07	(delta): 0.00182834
46 (QN/Block) 	Elapsed: 19.738	Loglikelihood: -5.1406e+07	(delta): 0.00158992
47 (QN/Block) 	Elapsed: 19.993	Loglikelihood: -5.1406e+07	(delta): 0.000151388
48 (QN/Block) 	Elapsed: 19.8	Loglikelihood: -5.1406e+07	(delta): 0.000320897
49 (QN/Block) 	Elapsed: 19.81	Loglikelihood: -5.1406e+07	(delta): 3.34829e-05
Summary: 
Converged in 49 iterations (1017.89 sec)
Loglikelihood: -51406040.234247
Fst divergences between estimated populations: 
	Pop0	Pop1	Pop2	Pop3	Pop4	Pop5	Pop6	
Pop0	
Pop1	0.182	
Pop2	0.179	0.128	
Pop3	0.284	0.232	0.229	
Pop4	0.161	0.114	0.108	0.214	
Pop5	0.194	0.145	0.141	0.245	0.125	
Pop6	0.143	0.092	0.093	0.193	0.071	0.105	
Pop7	0.169	0.117	0.112	0.219	0.090	0.127	0.077	
CV error (K=8): 1.07829
Writing output files.
