****                   ADMIXTURE Version 1.3.0                  ****
****                    Copyright 2008-2015                     ****
****           David Alexander, Suyash Shringarpure,            ****
****                John  Novembre, Ken Lange                   ****
****                                                            ****
****                 Please cite our paper!                     ****
****   Information at www.genetics.ucla.edu/software/admixture  ****

Parallel execution requested.  Will use 7 threads.
Cross-validation will be performed.  Folds=5.
Random seed: 43
Point estimation method: Block relaxation algorithm
Convergence acceleration algorithm: QuasiNewton, 3 secant conditions
Point estimation will terminate when objective function delta < 0.0001
Estimation of standard errors disabled; will compute point estimates only.
Size of G: 64x1560164
Performing five EM steps to prime main algorithm
1 (EM) 	Elapsed: 10.296	Loglikelihood: -8.3954e+07	(delta): 5.75064e+07
2 (EM) 	Elapsed: 10.287	Loglikelihood: -8.0227e+07	(delta): 3.72704e+06
3 (EM) 	Elapsed: 10.16	Loglikelihood: -7.91766e+07	(delta): 1.0504e+06
4 (EM) 	Elapsed: 10.284	Loglikelihood: -7.85033e+07	(delta): 673281
5 (EM) 	Elapsed: 10.392	Loglikelihood: -7.79963e+07	(delta): 506988
Initial loglikelihood: -7.79963e+07
Starting main algorithm
1 (QN/Block) 	Elapsed: 28.385	Loglikelihood: -7.53426e+07	(delta): 2.65377e+06
2 (QN/Block) 	Elapsed: 28.111	Loglikelihood: -7.47711e+07	(delta): 571446
3 (QN/Block) 	Elapsed: 30.299	Loglikelihood: -7.44058e+07	(delta): 365313
4 (QN/Block) 	Elapsed: 30.227	Loglikelihood: -7.42256e+07	(delta): 180249
5 (QN/Block) 	Elapsed: 30.522	Loglikelihood: -7.40978e+07	(delta): 127792
6 (QN/Block) 	Elapsed: 30.177	Loglikelihood: -7.4011e+07	(delta): 86750.4
7 (QN/Block) 	Elapsed: 29.939	Loglikelihood: -7.39575e+07	(delta): 53501.7
8 (QN/Block) 	Elapsed: 30.279	Loglikelihood: -7.38788e+07	(delta): 78702.2
9 (QN/Block) 	Elapsed: 30.349	Loglikelihood: -7.38159e+07	(delta): 62890.2
10 (QN/Block) 	Elapsed: 29.968	Loglikelihood: -7.37797e+07	(delta): 36215.2
11 (QN/Block) 	Elapsed: 30.263	Loglikelihood: -7.37639e+07	(delta): 15850.1
12 (QN/Block) 	Elapsed: 30.34	Loglikelihood: -7.37548e+07	(delta): 9054.59
13 (QN/Block) 	Elapsed: 29.93	Loglikelihood: -7.37445e+07	(delta): 10317.8
14 (QN/Block) 	Elapsed: 30.307	Loglikelihood: -7.37263e+07	(delta): 18223.8
15 (QN/Block) 	Elapsed: 30.693	Loglikelihood: -7.37126e+07	(delta): 13632.6
16 (QN/Block) 	Elapsed: 30.93	Loglikelihood: -7.37087e+07	(delta): 3932.88
17 (QN/Block) 	Elapsed: 29.769	Loglikelihood: -7.37064e+07	(delta): 2303.04
18 (QN/Block) 	Elapsed: 30.127	Loglikelihood: -7.3704e+07	(delta): 2394.69
19 (QN/Block) 	Elapsed: 30.511	Loglikelihood: -7.37008e+07	(delta): 3158.21
20 (QN/Block) 	Elapsed: 30.511	Loglikelihood: -7.3698e+07	(delta): 2808.49
21 (QN/Block) 	Elapsed: 30.231	Loglikelihood: -7.36971e+07	(delta): 886.727
22 (QN/Block) 	Elapsed: 29.924	Loglikelihood: -7.36941e+07	(delta): 3064.21
23 (QN/Block) 	Elapsed: 29.894	Loglikelihood: -7.3691e+07	(delta): 3066.2
24 (QN/Block) 	Elapsed: 29.855	Loglikelihood: -7.36903e+07	(delta): 748.457
25 (QN/Block) 	Elapsed: 29.766	Loglikelihood: -7.36899e+07	(delta): 324.946
26 (QN/Block) 	Elapsed: 29.788	Loglikelihood: -7.36898e+07	(delta): 132.703
27 (QN/Block) 	Elapsed: 29.736	Loglikelihood: -7.36897e+07	(delta): 68.9301
28 (QN/Block) 	Elapsed: 29.873	Loglikelihood: -7.36897e+07	(delta): 54.694
29 (QN/Block) 	Elapsed: 30.633	Loglikelihood: -7.36896e+07	(delta): 52.2626
30 (QN/Block) 	Elapsed: 31.021	Loglikelihood: -7.36895e+07	(delta): 102.224
31 (QN/Block) 	Elapsed: 30.948	Loglikelihood: -7.36895e+07	(delta): 44.8587
32 (QN/Block) 	Elapsed: 29.96	Loglikelihood: -7.36894e+07	(delta): 35.8089
33 (QN/Block) 	Elapsed: 29.551	Loglikelihood: -7.36894e+07	(delta): 18.9386
34 (QN/Block) 	Elapsed: 29.013	Loglikelihood: -7.36894e+07	(delta): 25.827
35 (QN/Block) 	Elapsed: 28.959	Loglikelihood: -7.36894e+07	(delta): 10.907
36 (QN/Block) 	Elapsed: 28.595	Loglikelihood: -7.36894e+07	(delta): 15.4672
37 (QN/Block) 	Elapsed: 28.724	Loglikelihood: -7.36894e+07	(delta): 21.9145
38 (QN/Block) 	Elapsed: 28.565	Loglikelihood: -7.36893e+07	(delta): 34.5323
39 (QN/Block) 	Elapsed: 28.567	Loglikelihood: -7.36893e+07	(delta): 62.0904
40 (QN/Block) 	Elapsed: 28.916	Loglikelihood: -7.3689e+07	(delta): 223.91
41 (QN/Block) 	Elapsed: 28.708	Loglikelihood: -7.36888e+07	(delta): 211.14
42 (QN/Block) 	Elapsed: 29.771	Loglikelihood: -7.36886e+07	(delta): 248.947
43 (QN/Block) 	Elapsed: 28.626	Loglikelihood: -7.36885e+07	(delta): 25.5704
44 (QN/Block) 	Elapsed: 28.579	Loglikelihood: -7.36885e+07	(delta): 14.9367
45 (QN/Block) 	Elapsed: 28.553	Loglikelihood: -7.36885e+07	(delta): 9.07089
46 (QN/Block) 	Elapsed: 28.684	Loglikelihood: -7.36885e+07	(delta): 7.47008
47 (QN/Block) 	Elapsed: 28.61	Loglikelihood: -7.36885e+07	(delta): 12.3903
48 (QN/Block) 	Elapsed: 28.511	Loglikelihood: -7.36885e+07	(delta): 5.81597
49 (QN/Block) 	Elapsed: 28.51	Loglikelihood: -7.36885e+07	(delta): 3.06585
50 (QN/Block) 	Elapsed: 28.612	Loglikelihood: -7.36885e+07	(delta): 1.85933
51 (QN/Block) 	Elapsed: 28.805	Loglikelihood: -7.36885e+07	(delta): 1.7022
52 (QN/Block) 	Elapsed: 28.628	Loglikelihood: -7.36885e+07	(delta): 1.65676
53 (QN/Block) 	Elapsed: 28.643	Loglikelihood: -7.36885e+07	(delta): 1.7794
54 (QN/Block) 	Elapsed: 28.613	Loglikelihood: -7.36885e+07	(delta): 1.76597
55 (QN/Block) 	Elapsed: 28.628	Loglikelihood: -7.36885e+07	(delta): 9.92138
56 (QN/Block) 	Elapsed: 28.917	Loglikelihood: -7.36884e+07	(delta): 25.0928
57 (QN/Block) 	Elapsed: 28.88	Loglikelihood: -7.36884e+07	(delta): 85.0061
58 (QN/Block) 	Elapsed: 28.652	Loglikelihood: -7.36876e+07	(delta): 806.709
59 (QN/Block) 	Elapsed: 29.745	Loglikelihood: -7.36862e+07	(delta): 1349.47
60 (QN/Block) 	Elapsed: 29.684	Loglikelihood: -7.36861e+07	(delta): 68.5807
61 (QN/Block) 	Elapsed: 29.617	Loglikelihood: -7.36861e+07	(delta): 0.596607
62 (QN/Block) 	Elapsed: 28.493	Loglikelihood: -7.36861e+07	(delta): 1.38753
63 (QN/Block) 	Elapsed: 28.558	Loglikelihood: -7.36861e+07	(delta): 0.597413
64 (QN/Block) 	Elapsed: 28.673	Loglikelihood: -7.36861e+07	(delta): 0.302805
65 (QN/Block) 	Elapsed: 28.498	Loglikelihood: -7.36861e+07	(delta): 0.181021
66 (QN/Block) 	Elapsed: 28.558	Loglikelihood: -7.36861e+07	(delta): 0.123882
67 (QN/Block) 	Elapsed: 28.598	Loglikelihood: -7.36861e+07	(delta): 0.0641159
68 (QN/Block) 	Elapsed: 28.519	Loglikelihood: -7.36861e+07	(delta): 0.0740484
69 (QN/Block) 	Elapsed: 28.594	Loglikelihood: -7.36861e+07	(delta): 0.0381537
70 (QN/Block) 	Elapsed: 28.544	Loglikelihood: -7.36861e+07	(delta): 0.0288717
71 (QN/Block) 	Elapsed: 28.572	Loglikelihood: -7.36861e+07	(delta): 0.00941691
72 (QN/Block) 	Elapsed: 28.606	Loglikelihood: -7.36861e+07	(delta): 0.028055
73 (QN/Block) 	Elapsed: 28.514	Loglikelihood: -7.36861e+07	(delta): 0.00913224
74 (QN/Block) 	Elapsed: 28.609	Loglikelihood: -7.36861e+07	(delta): 0.0067005
75 (QN/Block) 	Elapsed: 28.612	Loglikelihood: -7.36861e+07	(delta): 0.00285606
76 (QN/Block) 	Elapsed: 28.328	Loglikelihood: -7.36861e+07	(delta): 0.00218783
77 (QN/Block) 	Elapsed: 28.766	Loglikelihood: -7.36861e+07	(delta): 0.00127223
78 (QN/Block) 	Elapsed: 28.792	Loglikelihood: -7.36861e+07	(delta): 0.000606596
79 (QN/Block) 	Elapsed: 28.836	Loglikelihood: -7.36861e+07	(delta): 0.000305936
80 (QN/Block) 	Elapsed: 28.826	Loglikelihood: -7.36861e+07	(delta): 0.000525266
81 (QN/Block) 	Elapsed: 28.473	Loglikelihood: -7.36861e+07	(delta): 9.29683e-05
Summary: 
Converged in 81 iterations (2451.74 sec)
Loglikelihood: -73686136.249785
Fst divergences between estimated populations: 
	Pop0	Pop1	Pop2	Pop3	Pop4	Pop5	
Pop0	
Pop1	0.137	
Pop2	0.094	0.169	
Pop3	0.066	0.141	0.096	
Pop4	0.086	0.161	0.119	0.088	
Pop5	0.068	0.144	0.100	0.071	0.091	
Pop6	0.092	0.167	0.125	0.107	0.116	0.082	
CV error (K=7): 0.87025
Writing output files.
