****                   ADMIXTURE Version 1.3.0                  ****
****                    Copyright 2008-2015                     ****
****           David Alexander, Suyash Shringarpure,            ****
****                John  Novembre, Ken Lange                   ****
****                                                            ****
****                 Please cite our paper!                     ****
****   Information at www.genetics.ucla.edu/software/admixture  ****

Parallel execution requested.  Will use 7 threads.
Cross-validation will be performed.  Folds=5.
Random seed: 43
Point estimation method: Block relaxation algorithm
Convergence acceleration algorithm: QuasiNewton, 3 secant conditions
Point estimation will terminate when objective function delta < 0.0001
Estimation of standard errors disabled; will compute point estimates only.
Size of G: 64x1560164
Performing five EM steps to prime main algorithm
1 (EM) 	Elapsed: 3.152	Loglikelihood: -8.31764e+07	(delta): 8.07429e+07
2 (EM) 	Elapsed: 3.302	Loglikelihood: -8.03583e+07	(delta): 2.81809e+06
3 (EM) 	Elapsed: 3.294	Loglikelihood: -7.9657e+07	(delta): 701281
4 (EM) 	Elapsed: 3.338	Loglikelihood: -7.93242e+07	(delta): 332887
5 (EM) 	Elapsed: 3.3	Loglikelihood: -7.91522e+07	(delta): 171972
Initial loglikelihood: -7.91522e+07
Starting main algorithm
1 (QN/Block) 	Elapsed: 10.237	Loglikelihood: -7.89107e+07	(delta): 241491
2 (QN/Block) 	Elapsed: 10.26	Loglikelihood: -7.87408e+07	(delta): 169906
3 (QN/Block) 	Elapsed: 11.717	Loglikelihood: -7.84971e+07	(delta): 243645
4 (QN/Block) 	Elapsed: 11.223	Loglikelihood: -7.8335e+07	(delta): 162100
5 (QN/Block) 	Elapsed: 11.348	Loglikelihood: -7.82758e+07	(delta): 59258
6 (QN/Block) 	Elapsed: 11.094	Loglikelihood: -7.82622e+07	(delta): 13627.1
7 (QN/Block) 	Elapsed: 10.997	Loglikelihood: -7.82563e+07	(delta): 5814.91
8 (QN/Block) 	Elapsed: 10.939	Loglikelihood: -7.82539e+07	(delta): 2490.21
9 (QN/Block) 	Elapsed: 10.9	Loglikelihood: -7.82512e+07	(delta): 2612.23
10 (QN/Block) 	Elapsed: 11.209	Loglikelihood: -7.82505e+07	(delta): 720.842
11 (QN/Block) 	Elapsed: 11.213	Loglikelihood: -7.82502e+07	(delta): 358.865
12 (QN/Block) 	Elapsed: 10.92	Loglikelihood: -7.825e+07	(delta): 204.181
13 (QN/Block) 	Elapsed: 11.662	Loglikelihood: -7.82499e+07	(delta): 110.373
14 (QN/Block) 	Elapsed: 11.653	Loglikelihood: -7.82497e+07	(delta): 132.02
15 (QN/Block) 	Elapsed: 11.583	Loglikelihood: -7.82495e+07	(delta): 189.945
16 (QN/Block) 	Elapsed: 11.67	Loglikelihood: -7.82492e+07	(delta): 294.427
17 (QN/Block) 	Elapsed: 11.599	Loglikelihood: -7.82488e+07	(delta): 411.268
18 (QN/Block) 	Elapsed: 11.684	Loglikelihood: -7.82484e+07	(delta): 436.073
19 (QN/Block) 	Elapsed: 11.166	Loglikelihood: -7.8248e+07	(delta): 351.784
20 (QN/Block) 	Elapsed: 11.578	Loglikelihood: -7.82479e+07	(delta): 133.571
21 (QN/Block) 	Elapsed: 10.91	Loglikelihood: -7.82479e+07	(delta): 22.5971
22 (QN/Block) 	Elapsed: 11.029	Loglikelihood: -7.82479e+07	(delta): 11.4974
23 (QN/Block) 	Elapsed: 10.965	Loglikelihood: -7.82479e+07	(delta): 3.4922
24 (QN/Block) 	Elapsed: 10.843	Loglikelihood: -7.82479e+07	(delta): 0.492371
25 (QN/Block) 	Elapsed: 10.925	Loglikelihood: -7.82479e+07	(delta): 0.140367
26 (QN/Block) 	Elapsed: 10.93	Loglikelihood: -7.82479e+07	(delta): 0.0736331
27 (QN/Block) 	Elapsed: 11.016	Loglikelihood: -7.82479e+07	(delta): 0.0142493
28 (QN/Block) 	Elapsed: 10.958	Loglikelihood: -7.82479e+07	(delta): 0.000779495
29 (QN/Block) 	Elapsed: 10.959	Loglikelihood: -7.82479e+07	(delta): 0.000110149
30 (QN/Block) 	Elapsed: 10.95	Loglikelihood: -7.82479e+07	(delta): 2.07275e-05
Summary: 
Converged in 30 iterations (358.669 sec)
Loglikelihood: -78247864.255862
Fst divergences between estimated populations: 
	Pop0	
Pop0	
Pop1	0.051	
CV error (K=2): 0.53070
Writing output files.
