****                   ADMIXTURE Version 1.3.0                  ****
****                    Copyright 2008-2015                     ****
****           David Alexander, Suyash Shringarpure,            ****
****                John  Novembre, Ken Lange                   ****
****                                                            ****
****                 Please cite our paper!                     ****
****   Information at www.genetics.ucla.edu/software/admixture  ****

Parallel execution requested.  Will use 7 threads.
Cross-validation will be performed.  Folds=5.
Random seed: 43
Point estimation method: Block relaxation algorithm
Convergence acceleration algorithm: QuasiNewton, 3 secant conditions
Point estimation will terminate when objective function delta < 0.0001
Estimation of standard errors disabled; will compute point estimates only.
Size of G: 64x1560164
Performing five EM steps to prime main algorithm
1 (EM) 	Elapsed: 5.676	Loglikelihood: -8.41708e+07	(delta): 6.50088e+07
2 (EM) 	Elapsed: 5.691	Loglikelihood: -8.05514e+07	(delta): 3.61941e+06
3 (EM) 	Elapsed: 5.653	Loglikelihood: -7.94611e+07	(delta): 1.09026e+06
4 (EM) 	Elapsed: 5.797	Loglikelihood: -7.88494e+07	(delta): 611695
5 (EM) 	Elapsed: 5.697	Loglikelihood: -7.84588e+07	(delta): 390682
Initial loglikelihood: -7.84588e+07
Starting main algorithm
1 (QN/Block) 	Elapsed: 20.193	Loglikelihood: -7.7304e+07	(delta): 1.15481e+06
2 (QN/Block) 	Elapsed: 20.191	Loglikelihood: -7.70008e+07	(delta): 303135
3 (QN/Block) 	Elapsed: 21.614	Loglikelihood: -7.67465e+07	(delta): 254295
4 (QN/Block) 	Elapsed: 21.883	Loglikelihood: -7.66005e+07	(delta): 146023
5 (QN/Block) 	Elapsed: 21.501	Loglikelihood: -7.65173e+07	(delta): 83173.8
6 (QN/Block) 	Elapsed: 21.493	Loglikelihood: -7.64571e+07	(delta): 60255.9
7 (QN/Block) 	Elapsed: 21.544	Loglikelihood: -7.64118e+07	(delta): 45269.1
8 (QN/Block) 	Elapsed: 21.2	Loglikelihood: -7.63856e+07	(delta): 26190.3
9 (QN/Block) 	Elapsed: 21.26	Loglikelihood: -7.63696e+07	(delta): 15977.4
10 (QN/Block) 	Elapsed: 21.17	Loglikelihood: -7.63604e+07	(delta): 9281.02
11 (QN/Block) 	Elapsed: 21.292	Loglikelihood: -7.63538e+07	(delta): 6533.48
12 (QN/Block) 	Elapsed: 21.216	Loglikelihood: -7.63475e+07	(delta): 6349.37
13 (QN/Block) 	Elapsed: 22.103	Loglikelihood: -7.63417e+07	(delta): 5719.8
14 (QN/Block) 	Elapsed: 22.227	Loglikelihood: -7.63282e+07	(delta): 13505.3
15 (QN/Block) 	Elapsed: 22.135	Loglikelihood: -7.63098e+07	(delta): 18453.4
16 (QN/Block) 	Elapsed: 22.197	Loglikelihood: -7.63014e+07	(delta): 8344.7
17 (QN/Block) 	Elapsed: 21.53	Loglikelihood: -7.62984e+07	(delta): 3035.33
18 (QN/Block) 	Elapsed: 21.619	Loglikelihood: -7.62943e+07	(delta): 4069.54
19 (QN/Block) 	Elapsed: 21.841	Loglikelihood: -7.62907e+07	(delta): 3645.62
20 (QN/Block) 	Elapsed: 21.241	Loglikelihood: -7.62842e+07	(delta): 6531.55
21 (QN/Block) 	Elapsed: 21.364	Loglikelihood: -7.62768e+07	(delta): 7315.93
22 (QN/Block) 	Elapsed: 21.424	Loglikelihood: -7.62676e+07	(delta): 9241.71
23 (QN/Block) 	Elapsed: 21.253	Loglikelihood: -7.62543e+07	(delta): 13282.5
24 (QN/Block) 	Elapsed: 21.459	Loglikelihood: -7.62397e+07	(delta): 14645.8
25 (QN/Block) 	Elapsed: 21.324	Loglikelihood: -7.62311e+07	(delta): 8528.76
26 (QN/Block) 	Elapsed: 21.224	Loglikelihood: -7.62272e+07	(delta): 3922.24
27 (QN/Block) 	Elapsed: 21.168	Loglikelihood: -7.6225e+07	(delta): 2228.09
28 (QN/Block) 	Elapsed: 21.36	Loglikelihood: -7.62236e+07	(delta): 1444.09
29 (QN/Block) 	Elapsed: 21.528	Loglikelihood: -7.62218e+07	(delta): 1763.42
30 (QN/Block) 	Elapsed: 22.067	Loglikelihood: -7.62184e+07	(delta): 3434.11
31 (QN/Block) 	Elapsed: 21.989	Loglikelihood: -7.62167e+07	(delta): 1680.58
32 (QN/Block) 	Elapsed: 22.072	Loglikelihood: -7.6216e+07	(delta): 654.027
33 (QN/Block) 	Elapsed: 22.021	Loglikelihood: -7.62145e+07	(delta): 1557.13
34 (QN/Block) 	Elapsed: 22.025	Loglikelihood: -7.62119e+07	(delta): 2587.94
35 (QN/Block) 	Elapsed: 22.11	Loglikelihood: -7.62106e+07	(delta): 1298.97
36 (QN/Block) 	Elapsed: 21.261	Loglikelihood: -7.62106e+07	(delta): 16.5313
37 (QN/Block) 	Elapsed: 21.683	Loglikelihood: -7.62106e+07	(delta): 3.81341
38 (QN/Block) 	Elapsed: 21.27	Loglikelihood: -7.62106e+07	(delta): 6.27642
39 (QN/Block) 	Elapsed: 21.428	Loglikelihood: -7.62106e+07	(delta): 1.56667
40 (QN/Block) 	Elapsed: 21.251	Loglikelihood: -7.62105e+07	(delta): 0.414251
41 (QN/Block) 	Elapsed: 21.266	Loglikelihood: -7.62105e+07	(delta): 0.160344
42 (QN/Block) 	Elapsed: 21.357	Loglikelihood: -7.62105e+07	(delta): 0.00893392
43 (QN/Block) 	Elapsed: 21.312	Loglikelihood: -7.62105e+07	(delta): 0.000713602
44 (QN/Block) 	Elapsed: 21.289	Loglikelihood: -7.62105e+07	(delta): 5.76526e-05
Summary: 
Converged in 44 iterations (987.422 sec)
Loglikelihood: -76210549.573159
Fst divergences between estimated populations: 
	Pop0	Pop1	Pop2	
Pop0	
Pop1	0.045	
Pop2	0.113	0.127	
Pop3	0.058	0.064	0.141	
CV error (K=4): 0.65997
Writing output files.
