****                   ADMIXTURE Version 1.3.0                  ****
****                    Copyright 2008-2015                     ****
****           David Alexander, Suyash Shringarpure,            ****
****                John  Novembre, Ken Lange                   ****
****                                                            ****
****                 Please cite our paper!                     ****
****   Information at www.genetics.ucla.edu/software/admixture  ****

Parallel execution requested.  Will use 7 threads.
Cross-validation will be performed.  Folds=5.
Random seed: 43
Point estimation method: Block relaxation algorithm
Convergence acceleration algorithm: QuasiNewton, 3 secant conditions
Point estimation will terminate when objective function delta < 0.0001
Estimation of standard errors disabled; will compute point estimates only.
Size of G: 64x937659
Performing five EM steps to prime main algorithm
1 (EM) 	Elapsed: 11.391	Loglikelihood: -5.80843e+07	(delta): 2.56866e+07
2 (EM) 	Elapsed: 10.396	Loglikelihood: -5.60498e+07	(delta): 2.03447e+06
3 (EM) 	Elapsed: 10.389	Loglikelihood: -5.54173e+07	(delta): 632465
4 (EM) 	Elapsed: 10.702	Loglikelihood: -5.49797e+07	(delta): 437643
5 (EM) 	Elapsed: 8.366	Loglikelihood: -5.46272e+07	(delta): 352501
Initial loglikelihood: -5.46272e+07
Starting main algorithm
1 (QN/Block) 	Elapsed: 18.478	Loglikelihood: -5.22821e+07	(delta): 2.34511e+06
2 (QN/Block) 	Elapsed: 18.318	Loglikelihood: -5.18301e+07	(delta): 451968
3 (QN/Block) 	Elapsed: 19.936	Loglikelihood: -5.14549e+07	(delta): 375193
4 (QN/Block) 	Elapsed: 20.3	Loglikelihood: -5.12321e+07	(delta): 222786
5 (QN/Block) 	Elapsed: 19.854	Loglikelihood: -5.11379e+07	(delta): 94234.4
6 (QN/Block) 	Elapsed: 20.553	Loglikelihood: -5.10648e+07	(delta): 73082.8
7 (QN/Block) 	Elapsed: 19.926	Loglikelihood: -5.10151e+07	(delta): 49724.1
8 (QN/Block) 	Elapsed: 19.772	Loglikelihood: -5.09684e+07	(delta): 46716.4
9 (QN/Block) 	Elapsed: 19.699	Loglikelihood: -5.09405e+07	(delta): 27841.5
10 (QN/Block) 	Elapsed: 19.838	Loglikelihood: -5.09216e+07	(delta): 18990.2
11 (QN/Block) 	Elapsed: 19.666	Loglikelihood: -5.09039e+07	(delta): 17652
12 (QN/Block) 	Elapsed: 19.856	Loglikelihood: -5.08874e+07	(delta): 16513.4
13 (QN/Block) 	Elapsed: 20.103	Loglikelihood: -5.08821e+07	(delta): 5239.81
14 (QN/Block) 	Elapsed: 19.728	Loglikelihood: -5.08798e+07	(delta): 2308.2
15 (QN/Block) 	Elapsed: 19.51	Loglikelihood: -5.08784e+07	(delta): 1451.77
16 (QN/Block) 	Elapsed: 19.75	Loglikelihood: -5.08774e+07	(delta): 1012.23
17 (QN/Block) 	Elapsed: 19.659	Loglikelihood: -5.08763e+07	(delta): 1029.41
18 (QN/Block) 	Elapsed: 20.843	Loglikelihood: -5.08754e+07	(delta): 970.514
19 (QN/Block) 	Elapsed: 19.819	Loglikelihood: -5.08751e+07	(delta): 303.79
20 (QN/Block) 	Elapsed: 19.743	Loglikelihood: -5.08748e+07	(delta): 247.6
21 (QN/Block) 	Elapsed: 19.543	Loglikelihood: -5.08746e+07	(delta): 226.457
22 (QN/Block) 	Elapsed: 19.697	Loglikelihood: -5.08742e+07	(delta): 399.545
23 (QN/Block) 	Elapsed: 19.616	Loglikelihood: -5.08737e+07	(delta): 533.24
24 (QN/Block) 	Elapsed: 25.34	Loglikelihood: -5.08734e+07	(delta): 288.811
25 (QN/Block) 	Elapsed: 19.571	Loglikelihood: -5.08732e+07	(delta): 220.328
26 (QN/Block) 	Elapsed: 19.498	Loglikelihood: -5.08728e+07	(delta): 377.828
27 (QN/Block) 	Elapsed: 19.935	Loglikelihood: -5.0872e+07	(delta): 766.956
28 (QN/Block) 	Elapsed: 20.105	Loglikelihood: -5.0868e+07	(delta): 3966.64
29 (QN/Block) 	Elapsed: 20.368	Loglikelihood: -5.08667e+07	(delta): 1340.79
30 (QN/Block) 	Elapsed: 20.277	Loglikelihood: -5.08667e+07	(delta): 28.4447
31 (QN/Block) 	Elapsed: 19.504	Loglikelihood: -5.08666e+07	(delta): 45.9061
32 (QN/Block) 	Elapsed: 19.899	Loglikelihood: -5.08666e+07	(delta): 30.3708
33 (QN/Block) 	Elapsed: 19.893	Loglikelihood: -5.08666e+07	(delta): 5.24232
34 (QN/Block) 	Elapsed: 19.642	Loglikelihood: -5.08666e+07	(delta): 2.69987
35 (QN/Block) 	Elapsed: 19.58	Loglikelihood: -5.08666e+07	(delta): 2.11214
36 (QN/Block) 	Elapsed: 19.838	Loglikelihood: -5.08666e+07	(delta): 1.51335
37 (QN/Block) 	Elapsed: 19.522	Loglikelihood: -5.08666e+07	(delta): 1.49311
38 (QN/Block) 	Elapsed: 19.678	Loglikelihood: -5.08666e+07	(delta): 1.54725
39 (QN/Block) 	Elapsed: 20.357	Loglikelihood: -5.08666e+07	(delta): 0.988407
40 (QN/Block) 	Elapsed: 20.388	Loglikelihood: -5.08666e+07	(delta): 1.09914
41 (QN/Block) 	Elapsed: 20.267	Loglikelihood: -5.08666e+07	(delta): 1.25706
42 (QN/Block) 	Elapsed: 19.974	Loglikelihood: -5.08666e+07	(delta): 1.47066
43 (QN/Block) 	Elapsed: 20.341	Loglikelihood: -5.08666e+07	(delta): 1.75627
44 (QN/Block) 	Elapsed: 20.41	Loglikelihood: -5.08666e+07	(delta): 2.13388
45 (QN/Block) 	Elapsed: 20.378	Loglikelihood: -5.08666e+07	(delta): 2.65809
46 (QN/Block) 	Elapsed: 20.274	Loglikelihood: -5.08666e+07	(delta): 3.40121
47 (QN/Block) 	Elapsed: 20.456	Loglikelihood: -5.08666e+07	(delta): 3.89237
48 (QN/Block) 	Elapsed: 19.671	Loglikelihood: -5.08666e+07	(delta): 0.855061
49 (QN/Block) 	Elapsed: 20.181	Loglikelihood: -5.08666e+07	(delta): 0.501856
50 (QN/Block) 	Elapsed: 19.74	Loglikelihood: -5.08666e+07	(delta): 0.702086
51 (QN/Block) 	Elapsed: 19.902	Loglikelihood: -5.08666e+07	(delta): 0.123043
52 (QN/Block) 	Elapsed: 19.548	Loglikelihood: -5.08666e+07	(delta): 0.0874981
53 (QN/Block) 	Elapsed: 19.828	Loglikelihood: -5.08666e+07	(delta): 0.0259471
54 (QN/Block) 	Elapsed: 19.54	Loglikelihood: -5.08666e+07	(delta): 0.0186162
55 (QN/Block) 	Elapsed: 19.557	Loglikelihood: -5.08666e+07	(delta): 0.00847712
56 (QN/Block) 	Elapsed: 19.669	Loglikelihood: -5.08666e+07	(delta): 0.00542567
57 (QN/Block) 	Elapsed: 19.734	Loglikelihood: -5.08666e+07	(delta): 0.00219535
58 (QN/Block) 	Elapsed: 19.262	Loglikelihood: -5.08666e+07	(delta): 0.000500992
59 (QN/Block) 	Elapsed: 19.796	Loglikelihood: -5.08666e+07	(delta): 0.000113145
60 (QN/Block) 	Elapsed: 19.652	Loglikelihood: -5.08666e+07	(delta): 0.000107273
61 (QN/Block) 	Elapsed: 19.682	Loglikelihood: -5.08666e+07	(delta): 8.77008e-05
Summary: 
Converged in 61 iterations (1281.64 sec)
Loglikelihood: -50866562.466229
Fst divergences between estimated populations: 
	Pop0	Pop1	Pop2	Pop3	Pop4	Pop5	Pop6	Pop7	
Pop0	
Pop1	0.116	
Pop2	0.174	0.172	
Pop3	0.113	0.109	0.177	
Pop4	0.224	0.222	0.288	0.235	
Pop5	0.096	0.098	0.160	0.105	0.207	
Pop6	0.119	0.115	0.184	0.124	0.240	0.111	
Pop7	0.114	0.113	0.179	0.127	0.225	0.103	0.132	
Pop8	0.091	0.090	0.155	0.104	0.203	0.080	0.109	0.104	
CV error (K=9): 1.09790
Writing output files.
