****                   ADMIXTURE Version 1.3.0                  ****
****                    Copyright 2008-2015                     ****
****           David Alexander, Suyash Shringarpure,            ****
****                John  Novembre, Ken Lange                   ****
****                                                            ****
****                 Please cite our paper!                     ****
****   Information at www.genetics.ucla.edu/software/admixture  ****

Parallel execution requested.  Will use 7 threads.
Cross-validation will be performed.  Folds=5.
Random seed: 43
Point estimation method: Block relaxation algorithm
Convergence acceleration algorithm: QuasiNewton, 3 secant conditions
Point estimation will terminate when objective function delta < 0.0001
Estimation of standard errors disabled; will compute point estimates only.
Size of G: 64x1560164
Performing five EM steps to prime main algorithm
1 (EM) 	Elapsed: 8.086	Loglikelihood: -8.41573e+07	(delta): 6.11965e+07
2 (EM) 	Elapsed: 8.175	Loglikelihood: -8.05026e+07	(delta): 3.65465e+06
3 (EM) 	Elapsed: 8.261	Loglikelihood: -7.9428e+07	(delta): 1.07457e+06
4 (EM) 	Elapsed: 8.239	Loglikelihood: -7.87757e+07	(delta): 652376
5 (EM) 	Elapsed: 8.167	Loglikelihood: -7.83177e+07	(delta): 457949
Initial loglikelihood: -7.83177e+07
Starting main algorithm
1 (QN/Block) 	Elapsed: 22.96	Loglikelihood: -7.65976e+07	(delta): 1.72013e+06
2 (QN/Block) 	Elapsed: 21.601	Loglikelihood: -7.62567e+07	(delta): 340861
3 (QN/Block) 	Elapsed: 22.21	Loglikelihood: -7.60074e+07	(delta): 249292
4 (QN/Block) 	Elapsed: 22.231	Loglikelihood: -7.58264e+07	(delta): 181052
5 (QN/Block) 	Elapsed: 22.352	Loglikelihood: -7.57194e+07	(delta): 106956
6 (QN/Block) 	Elapsed: 21.845	Loglikelihood: -7.56522e+07	(delta): 67266.4
7 (QN/Block) 	Elapsed: 21.82	Loglikelihood: -7.56079e+07	(delta): 44269.9
8 (QN/Block) 	Elapsed: 22.085	Loglikelihood: -7.55694e+07	(delta): 38530.6
9 (QN/Block) 	Elapsed: 22.385	Loglikelihood: -7.55457e+07	(delta): 23679.4
10 (QN/Block) 	Elapsed: 22.468	Loglikelihood: -7.55327e+07	(delta): 13009.9
11 (QN/Block) 	Elapsed: 21.959	Loglikelihood: -7.55176e+07	(delta): 15092.1
12 (QN/Block) 	Elapsed: 22.047	Loglikelihood: -7.54943e+07	(delta): 23233.5
13 (QN/Block) 	Elapsed: 21.929	Loglikelihood: -7.54809e+07	(delta): 13432.1
14 (QN/Block) 	Elapsed: 21.945	Loglikelihood: -7.54668e+07	(delta): 14067.5
15 (QN/Block) 	Elapsed: 21.844	Loglikelihood: -7.54613e+07	(delta): 5579.52
16 (QN/Block) 	Elapsed: 21.811	Loglikelihood: -7.5456e+07	(delta): 5276.12
17 (QN/Block) 	Elapsed: 21.99	Loglikelihood: -7.54516e+07	(delta): 4352.76
18 (QN/Block) 	Elapsed: 21.823	Loglikelihood: -7.54463e+07	(delta): 5361.57
19 (QN/Block) 	Elapsed: 21.84	Loglikelihood: -7.54386e+07	(delta): 7634.16
20 (QN/Block) 	Elapsed: 22.994	Loglikelihood: -7.54071e+07	(delta): 31575.9
21 (QN/Block) 	Elapsed: 22.374	Loglikelihood: -7.53908e+07	(delta): 16290.7
22 (QN/Block) 	Elapsed: 21.788	Loglikelihood: -7.53798e+07	(delta): 10967.3
23 (QN/Block) 	Elapsed: 22.643	Loglikelihood: -7.53748e+07	(delta): 4974.66
24 (QN/Block) 	Elapsed: 22.023	Loglikelihood: -7.5374e+07	(delta): 876.772
25 (QN/Block) 	Elapsed: 22.357	Loglikelihood: -7.53735e+07	(delta): 440.141
26 (QN/Block) 	Elapsed: 22.402	Loglikelihood: -7.53734e+07	(delta): 162.663
27 (QN/Block) 	Elapsed: 21.834	Loglikelihood: -7.53732e+07	(delta): 205.618
28 (QN/Block) 	Elapsed: 21.864	Loglikelihood: -7.53729e+07	(delta): 286.535
29 (QN/Block) 	Elapsed: 22.63	Loglikelihood: -7.53725e+07	(delta): 323.712
30 (QN/Block) 	Elapsed: 21.859	Loglikelihood: -7.53718e+07	(delta): 706.673
31 (QN/Block) 	Elapsed: 22.718	Loglikelihood: -7.53715e+07	(delta): 314.774
32 (QN/Block) 	Elapsed: 21.704	Loglikelihood: -7.53715e+07	(delta): 50.3865
33 (QN/Block) 	Elapsed: 21.81	Loglikelihood: -7.53715e+07	(delta): 15.4671
34 (QN/Block) 	Elapsed: 21.86	Loglikelihood: -7.53714e+07	(delta): 7.49124
35 (QN/Block) 	Elapsed: 21.789	Loglikelihood: -7.53714e+07	(delta): 2.46215
36 (QN/Block) 	Elapsed: 21.925	Loglikelihood: -7.53714e+07	(delta): 1.39378
37 (QN/Block) 	Elapsed: 22.812	Loglikelihood: -7.53714e+07	(delta): 0.482923
38 (QN/Block) 	Elapsed: 23.489	Loglikelihood: -7.53714e+07	(delta): 0.413027
39 (QN/Block) 	Elapsed: 23.395	Loglikelihood: -7.53714e+07	(delta): 0.0736753
40 (QN/Block) 	Elapsed: 23.521	Loglikelihood: -7.53714e+07	(delta): 0.032644
41 (QN/Block) 	Elapsed: 23.459	Loglikelihood: -7.53714e+07	(delta): 0.00775978
42 (QN/Block) 	Elapsed: 21.75	Loglikelihood: -7.53714e+07	(delta): 0.00655676
43 (QN/Block) 	Elapsed: 21.68	Loglikelihood: -7.53714e+07	(delta): 0.000808835
44 (QN/Block) 	Elapsed: 21.662	Loglikelihood: -7.53714e+07	(delta): 0.000375867
45 (QN/Block) 	Elapsed: 21.628	Loglikelihood: -7.53714e+07	(delta): 1.45286e-05
Summary: 
Converged in 45 iterations (1054.42 sec)
Loglikelihood: -75371441.812800
Fst divergences between estimated populations: 
	Pop0	Pop1	Pop2	Pop3	
Pop0	
Pop1	0.090	
Pop2	0.059	0.111	
Pop3	0.070	0.119	0.081	
Pop4	0.057	0.106	0.066	0.087	
CV error (K=5): 0.71757
Writing output files.
