****                   ADMIXTURE Version 1.3.0                  ****
****                    Copyright 2008-2015                     ****
****           David Alexander, Suyash Shringarpure,            ****
****                John  Novembre, Ken Lange                   ****
****                                                            ****
****                 Please cite our paper!                     ****
****   Information at www.genetics.ucla.edu/software/admixture  ****

Parallel execution requested.  Will use 7 threads.
Cross-validation will be performed.  Folds=5.
Random seed: 43
Point estimation method: Block relaxation algorithm
Convergence acceleration algorithm: QuasiNewton, 3 secant conditions
Point estimation will terminate when objective function delta < 0.0001
Estimation of standard errors disabled; will compute point estimates only.
Size of G: 64x1560164
Performing five EM steps to prime main algorithm
1 (EM) 	Elapsed: 16.304	Loglikelihood: -8.38526e+07	(delta): 5.66077e+07
2 (EM) 	Elapsed: 16.844	Loglikelihood: -8.00616e+07	(delta): 3.79102e+06
3 (EM) 	Elapsed: 16.565	Loglikelihood: -7.89755e+07	(delta): 1.08612e+06
4 (EM) 	Elapsed: 16.753	Loglikelihood: -7.82618e+07	(delta): 713745
5 (EM) 	Elapsed: 16.753	Loglikelihood: -7.77148e+07	(delta): 546984
Initial loglikelihood: -7.77148e+07
Starting main algorithm
1 (QN/Block) 	Elapsed: 31.105	Loglikelihood: -7.47057e+07	(delta): 3.00903e+06
2 (QN/Block) 	Elapsed: 30.639	Loglikelihood: -7.40396e+07	(delta): 666193
3 (QN/Block) 	Elapsed: 33.298	Loglikelihood: -7.36413e+07	(delta): 398209
4 (QN/Block) 	Elapsed: 33.277	Loglikelihood: -7.34289e+07	(delta): 212485
5 (QN/Block) 	Elapsed: 33.331	Loglikelihood: -7.32665e+07	(delta): 162379
6 (QN/Block) 	Elapsed: 33.253	Loglikelihood: -7.31367e+07	(delta): 129750
7 (QN/Block) 	Elapsed: 32.957	Loglikelihood: -7.30695e+07	(delta): 67208.9
8 (QN/Block) 	Elapsed: 32.964	Loglikelihood: -7.29962e+07	(delta): 73291.3
9 (QN/Block) 	Elapsed: 32.883	Loglikelihood: -7.29385e+07	(delta): 57731.2
10 (QN/Block) 	Elapsed: 31.945	Loglikelihood: -7.29107e+07	(delta): 27841.2
11 (QN/Block) 	Elapsed: 32.01	Loglikelihood: -7.28864e+07	(delta): 24278.3
12 (QN/Block) 	Elapsed: 31.988	Loglikelihood: -7.28738e+07	(delta): 12528.6
13 (QN/Block) 	Elapsed: 31.881	Loglikelihood: -7.28615e+07	(delta): 12356.6
14 (QN/Block) 	Elapsed: 32.216	Loglikelihood: -7.28417e+07	(delta): 19825.3
15 (QN/Block) 	Elapsed: 32.533	Loglikelihood: -7.28275e+07	(delta): 14167.2
16 (QN/Block) 	Elapsed: 31.681	Loglikelihood: -7.28195e+07	(delta): 8006.29
17 (QN/Block) 	Elapsed: 31.751	Loglikelihood: -7.28074e+07	(delta): 12102.8
18 (QN/Block) 	Elapsed: 32.94	Loglikelihood: -7.27865e+07	(delta): 20885.6
19 (QN/Block) 	Elapsed: 31.901	Loglikelihood: -7.27797e+07	(delta): 6805.67
20 (QN/Block) 	Elapsed: 32.254	Loglikelihood: -7.2772e+07	(delta): 7688.19
21 (QN/Block) 	Elapsed: 31.793	Loglikelihood: -7.27703e+07	(delta): 1733.45
22 (QN/Block) 	Elapsed: 31.752	Loglikelihood: -7.27675e+07	(delta): 2800.25
23 (QN/Block) 	Elapsed: 32.923	Loglikelihood: -7.2763e+07	(delta): 4489.24
24 (QN/Block) 	Elapsed: 31.699	Loglikelihood: -7.27625e+07	(delta): 457.887
25 (QN/Block) 	Elapsed: 32.155	Loglikelihood: -7.27623e+07	(delta): 267.321
26 (QN/Block) 	Elapsed: 31.957	Loglikelihood: -7.27621e+07	(delta): 180.649
27 (QN/Block) 	Elapsed: 31.912	Loglikelihood: -7.27618e+07	(delta): 331.259
28 (QN/Block) 	Elapsed: 31.836	Loglikelihood: -7.27605e+07	(delta): 1203.94
29 (QN/Block) 	Elapsed: 32.232	Loglikelihood: -7.27578e+07	(delta): 2718.16
30 (QN/Block) 	Elapsed: 33.305	Loglikelihood: -7.27569e+07	(delta): 895.702
31 (QN/Block) 	Elapsed: 31.639	Loglikelihood: -7.27563e+07	(delta): 649.21
32 (QN/Block) 	Elapsed: 32.91	Loglikelihood: -7.27544e+07	(delta): 1861.09
33 (QN/Block) 	Elapsed: 33.013	Loglikelihood: -7.2752e+07	(delta): 2463.32
34 (QN/Block) 	Elapsed: 32.066	Loglikelihood: -7.27506e+07	(delta): 1315.71
35 (QN/Block) 	Elapsed: 31.684	Loglikelihood: -7.27496e+07	(delta): 1073.03
36 (QN/Block) 	Elapsed: 32.409	Loglikelihood: -7.2749e+07	(delta): 588.099
37 (QN/Block) 	Elapsed: 32.248	Loglikelihood: -7.27488e+07	(delta): 145.082
38 (QN/Block) 	Elapsed: 31.707	Loglikelihood: -7.27488e+07	(delta): 50.9305
39 (QN/Block) 	Elapsed: 31.843	Loglikelihood: -7.27487e+07	(delta): 72.9348
40 (QN/Block) 	Elapsed: 31.74	Loglikelihood: -7.27483e+07	(delta): 385.835
41 (QN/Block) 	Elapsed: 31.855	Loglikelihood: -7.27476e+07	(delta): 748.219
42 (QN/Block) 	Elapsed: 32.637	Loglikelihood: -7.27468e+07	(delta): 810.519
43 (QN/Block) 	Elapsed: 30.094	Loglikelihood: -7.27467e+07	(delta): 77.6878
44 (QN/Block) 	Elapsed: 31.63	Loglikelihood: -7.27465e+07	(delta): 161.17
45 (QN/Block) 	Elapsed: 31.697	Loglikelihood: -7.27465e+07	(delta): 51.6166
46 (QN/Block) 	Elapsed: 34.229	Loglikelihood: -7.27465e+07	(delta): 12.5419
47 (QN/Block) 	Elapsed: 32.878	Loglikelihood: -7.27465e+07	(delta): 5.38398
48 (QN/Block) 	Elapsed: 32.81	Loglikelihood: -7.27465e+07	(delta): 1.32348
49 (QN/Block) 	Elapsed: 32.91	Loglikelihood: -7.27465e+07	(delta): 0.428338
50 (QN/Block) 	Elapsed: 32.884	Loglikelihood: -7.27465e+07	(delta): 0.486408
51 (QN/Block) 	Elapsed: 32.811	Loglikelihood: -7.27465e+07	(delta): 0.0439924
52 (QN/Block) 	Elapsed: 32.934	Loglikelihood: -7.27465e+07	(delta): 0.0114255
53 (QN/Block) 	Elapsed: 32.924	Loglikelihood: -7.27465e+07	(delta): 0.00191006
54 (QN/Block) 	Elapsed: 32.851	Loglikelihood: -7.27465e+07	(delta): 0.00122449
55 (QN/Block) 	Elapsed: 32.828	Loglikelihood: -7.27465e+07	(delta): 3.14265e-05
Summary: 
Converged in 55 iterations (1882.52 sec)
Loglikelihood: -72746459.810233
Fst divergences between estimated populations: 
	Pop0	Pop1	Pop2	Pop3	Pop4	Pop5	Pop6	
Pop0	
Pop1	0.088	
Pop2	0.091	0.080	
Pop3	0.214	0.204	0.205	
Pop4	0.102	0.095	0.094	0.219	
Pop5	0.108	0.096	0.098	0.222	0.111	
Pop6	0.078	0.064	0.070	0.190	0.080	0.087	
Pop7	0.087	0.078	0.082	0.205	0.088	0.098	0.068	
CV error (K=8): 0.92831
Writing output files.
