****                   ADMIXTURE Version 1.3.0                  ****
****                    Copyright 2008-2015                     ****
****           David Alexander, Suyash Shringarpure,            ****
****                John  Novembre, Ken Lange                   ****
****                                                            ****
****                 Please cite our paper!                     ****
****   Information at www.genetics.ucla.edu/software/admixture  ****

Parallel execution requested.  Will use 7 threads.
Cross-validation will be performed.  Folds=5.
Random seed: 43
Point estimation method: Block relaxation algorithm
Convergence acceleration algorithm: QuasiNewton, 3 secant conditions
Point estimation will terminate when objective function delta < 0.0001
Estimation of standard errors disabled; will compute point estimates only.
Size of G: 64x937659
Performing five EM steps to prime main algorithm
1 (EM) 	Elapsed: 14.87	Loglikelihood: -5.83688e+07	(delta): 2.77759e+07
2 (EM) 	Elapsed: 12.954	Loglikelihood: -5.63331e+07	(delta): 2.03574e+06
3 (EM) 	Elapsed: 13.176	Loglikelihood: -5.56611e+07	(delta): 671975
4 (EM) 	Elapsed: 10.979	Loglikelihood: -5.52209e+07	(delta): 440210
5 (EM) 	Elapsed: 10.811	Loglikelihood: -5.48928e+07	(delta): 328095
Initial loglikelihood: -5.48928e+07
Starting main algorithm
1 (QN/Block) 	Elapsed: 20.064	Loglikelihood: -5.34104e+07	(delta): 1.4824e+06
2 (QN/Block) 	Elapsed: 22.731	Loglikelihood: -5.31396e+07	(delta): 270800
3 (QN/Block) 	Elapsed: 25.725	Loglikelihood: -5.3004e+07	(delta): 135620
4 (QN/Block) 	Elapsed: 26.528	Loglikelihood: -5.29061e+07	(delta): 97913.5
5 (QN/Block) 	Elapsed: 26.367	Loglikelihood: -5.28515e+07	(delta): 54562.6
6 (QN/Block) 	Elapsed: 25.533	Loglikelihood: -5.28127e+07	(delta): 38847.8
7 (QN/Block) 	Elapsed: 23.693	Loglikelihood: -5.27797e+07	(delta): 32968.5
8 (QN/Block) 	Elapsed: 24.089	Loglikelihood: -5.27326e+07	(delta): 47134.6
9 (QN/Block) 	Elapsed: 24.602	Loglikelihood: -5.27128e+07	(delta): 19803.5
10 (QN/Block) 	Elapsed: 24.418	Loglikelihood: -5.26993e+07	(delta): 13502.6
11 (QN/Block) 	Elapsed: 24.516	Loglikelihood: -5.26838e+07	(delta): 15430.2
12 (QN/Block) 	Elapsed: 24.682	Loglikelihood: -5.26744e+07	(delta): 9458.55
13 (QN/Block) 	Elapsed: 25.097	Loglikelihood: -5.26651e+07	(delta): 9278.7
14 (QN/Block) 	Elapsed: 24.612	Loglikelihood: -5.26606e+07	(delta): 4502.04
15 (QN/Block) 	Elapsed: 24.666	Loglikelihood: -5.26574e+07	(delta): 3195.8
16 (QN/Block) 	Elapsed: 26.016	Loglikelihood: -5.2655e+07	(delta): 2456.83
17 (QN/Block) 	Elapsed: 25.753	Loglikelihood: -5.265e+07	(delta): 4971.19
18 (QN/Block) 	Elapsed: 25.741	Loglikelihood: -5.26348e+07	(delta): 15146.9
19 (QN/Block) 	Elapsed: 25.388	Loglikelihood: -5.26149e+07	(delta): 19975.7
20 (QN/Block) 	Elapsed: 25.26	Loglikelihood: -5.26054e+07	(delta): 9474.74
21 (QN/Block) 	Elapsed: 25.008	Loglikelihood: -5.26006e+07	(delta): 4788.36
22 (QN/Block) 	Elapsed: 24.963	Loglikelihood: -5.25976e+07	(delta): 3041.96
23 (QN/Block) 	Elapsed: 26.685	Loglikelihood: -5.25934e+07	(delta): 4177.68
24 (QN/Block) 	Elapsed: 26.053	Loglikelihood: -5.25833e+07	(delta): 10073.9
25 (QN/Block) 	Elapsed: 25.798	Loglikelihood: -5.25552e+07	(delta): 28100.1
26 (QN/Block) 	Elapsed: 26.29	Loglikelihood: -5.25266e+07	(delta): 28591.4
27 (QN/Block) 	Elapsed: 25.83	Loglikelihood: -5.25191e+07	(delta): 7461.26
28 (QN/Block) 	Elapsed: 24.272	Loglikelihood: -5.25171e+07	(delta): 2001.6
29 (QN/Block) 	Elapsed: 25.202	Loglikelihood: -5.25162e+07	(delta): 927.921
30 (QN/Block) 	Elapsed: 25.862	Loglikelihood: -5.25157e+07	(delta): 560.013
31 (QN/Block) 	Elapsed: 25.341	Loglikelihood: -5.25154e+07	(delta): 300.898
32 (QN/Block) 	Elapsed: 24.528	Loglikelihood: -5.25152e+07	(delta): 178.104
33 (QN/Block) 	Elapsed: 24.579	Loglikelihood: -5.2515e+07	(delta): 210.461
34 (QN/Block) 	Elapsed: 24.205	Loglikelihood: -5.25149e+07	(delta): 117.058
35 (QN/Block) 	Elapsed: 23.714	Loglikelihood: -5.25146e+07	(delta): 249.522
36 (QN/Block) 	Elapsed: 22.142	Loglikelihood: -5.25145e+07	(delta): 108.239
37 (QN/Block) 	Elapsed: 21.398	Loglikelihood: -5.25143e+07	(delta): 154.471
38 (QN/Block) 	Elapsed: 22.469	Loglikelihood: -5.25142e+07	(delta): 97.6185
39 (QN/Block) 	Elapsed: 22.083	Loglikelihood: -5.25141e+07	(delta): 144.662
40 (QN/Block) 	Elapsed: 22.281	Loglikelihood: -5.25139e+07	(delta): 173.041
41 (QN/Block) 	Elapsed: 22.647	Loglikelihood: -5.25138e+07	(delta): 135.711
42 (QN/Block) 	Elapsed: 23.215	Loglikelihood: -5.25138e+07	(delta): 15.9336
43 (QN/Block) 	Elapsed: 22.295	Loglikelihood: -5.25138e+07	(delta): 7.52815
44 (QN/Block) 	Elapsed: 22.349	Loglikelihood: -5.25137e+07	(delta): 18.6527
45 (QN/Block) 	Elapsed: 23.322	Loglikelihood: -5.25137e+07	(delta): 41.5409
46 (QN/Block) 	Elapsed: 23.011	Loglikelihood: -5.25137e+07	(delta): 3.17539
47 (QN/Block) 	Elapsed: 22.35	Loglikelihood: -5.25137e+07	(delta): 9.77132
48 (QN/Block) 	Elapsed: 22.272	Loglikelihood: -5.25137e+07	(delta): 7.01555
49 (QN/Block) 	Elapsed: 20.295	Loglikelihood: -5.25137e+07	(delta): 4.96286
50 (QN/Block) 	Elapsed: 20.41	Loglikelihood: -5.25137e+07	(delta): 2.41509
51 (QN/Block) 	Elapsed: 20.405	Loglikelihood: -5.25137e+07	(delta): 2.88945
52 (QN/Block) 	Elapsed: 20.535	Loglikelihood: -5.25137e+07	(delta): 0.942796
53 (QN/Block) 	Elapsed: 20.511	Loglikelihood: -5.25137e+07	(delta): 0.444459
54 (QN/Block) 	Elapsed: 20.554	Loglikelihood: -5.25137e+07	(delta): 0.202873
55 (QN/Block) 	Elapsed: 20.389	Loglikelihood: -5.25137e+07	(delta): 0.290737
56 (QN/Block) 	Elapsed: 20.663	Loglikelihood: -5.25137e+07	(delta): 0.104611
57 (QN/Block) 	Elapsed: 20.473	Loglikelihood: -5.25137e+07	(delta): 0.126414
58 (QN/Block) 	Elapsed: 20.433	Loglikelihood: -5.25137e+07	(delta): 0.0287708
59 (QN/Block) 	Elapsed: 20.476	Loglikelihood: -5.25137e+07	(delta): 0.0418964
60 (QN/Block) 	Elapsed: 20.638	Loglikelihood: -5.25137e+07	(delta): 0.00734573
61 (QN/Block) 	Elapsed: 20.45	Loglikelihood: -5.25137e+07	(delta): 0.00397864
62 (QN/Block) 	Elapsed: 20.619	Loglikelihood: -5.25137e+07	(delta): 0.001252
63 (QN/Block) 	Elapsed: 20.541	Loglikelihood: -5.25137e+07	(delta): 0.00286618
64 (QN/Block) 	Elapsed: 20.558	Loglikelihood: -5.25137e+07	(delta): 0.00144711
65 (QN/Block) 	Elapsed: 20.527	Loglikelihood: -5.25137e+07	(delta): 0.000292063
66 (QN/Block) 	Elapsed: 20.503	Loglikelihood: -5.25137e+07	(delta): 8.44374e-05
Summary: 
Converged in 66 iterations (1611.16 sec)
Loglikelihood: -52513672.478458
Fst divergences between estimated populations: 
	Pop0	Pop1	Pop2	Pop3	Pop4	
Pop0	
Pop1	0.082	
Pop2	0.096	0.097	
Pop3	0.078	0.093	0.092	
Pop4	0.078	0.106	0.097	0.088	
Pop5	0.201	0.217	0.216	0.212	0.212	
CV error (K=6): 0.85691
Writing output files.
